#
# A fatal error has been detected by the Java Runtime Environment:
#
#  SIGBUS (0xa) at pc=0x000000010f6a4e9f, pid=60974, tid=26627
#
# JRE version: OpenJDK Runtime Environment (11.0.7+10) (build 11.0.7+10-LTS)
# Java VM: OpenJDK 64-Bit Server VM (11.0.7+10-LTS, mixed mode, tiered, compressed oops, g1 gc, bsd-amd64)
# Problematic frame:
# j  javax.validation.Validation.byDefaultProvider()Ljavax/validation/bootstrap/GenericBootstrap;+74319872
#
# No core dump will be written. Core dumps have been disabled. To enable core dumping, try "ulimit -c unlimited" before starting Java again
#
# If you would like to submit a bug report, please visit:
#   http://bugreport.java.com/bugreport/crash.jsp
#

---------------  S U M M A R Y ------------

Command Line: -XX:TieredStopAtLevel=1 -Xverify:none -Dspring.output.ansi.enabled=always -Dcom.sun.management.jmxremote -Dspring.jmx.enabled=true -Dspring.liveBeansView.mbeanDomain -Dspring.application.admin.enabled=true -javaagent:/Applications/IntelliJ IDEA.app/Contents/lib/idea_rt.jar=56716:/Applications/IntelliJ IDEA.app/Contents/bin -Dfile.encoding=UTF-8 com.udemy.bharath.ticketservice.TicketserviceApplication

Host: MacBookPro16,1 x86_64 2400 MHz, 16 cores, 32G, Darwin 19.4.0
Time: Tue Nov 10 10:51:11 2020 CST elapsed time: 0 seconds (0d 0h 0m 0s)

---------------  T H R E A D  ---------------

Current thread (0x00007f977399d800):  JavaThread "background-preinit" [_thread_in_Java, id=26627, stack(0x00007000056e3000,0x00007000057e3000)]

Stack: [0x00007000056e3000,0x00007000057e3000],  sp=0x00007000057e29d0,  free space=1022k
Native frames: (J=compiled Java code, A=aot compiled Java code, j=interpreted, Vv=VM code, C=native code)
j  javax.validation.Validation.byDefaultProvider()Ljavax/validation/bootstrap/GenericBootstrap;+74319872
j  org.springframework.boot.autoconfigure.BackgroundPreinitializer$ValidationInitializer.run()V+0
j  org.springframework.boot.autoconfigure.BackgroundPreinitializer$1.runSafely(Ljava/lang/Runnable;)V+1
j  org.springframework.boot.autoconfigure.BackgroundPreinitializer$1.run()V+21
j  java.lang.Thread.run()V+11 java.base@11.0.7
v  ~StubRoutines::call_stub
V  [libjvm.dylib+0x3a814c]  JavaCalls::call_helper(JavaValue*, methodHandle const&, JavaCallArguments*, Thread*)+0x220
V  [libjvm.dylib+0x3a7530]  JavaCalls::call_virtual(JavaValue*, Klass*, Symbol*, Symbol*, JavaCallArguments*, Thread*)+0x128
V  [libjvm.dylib+0x3a75f4]  JavaCalls::call_virtual(JavaValue*, Handle, Klass*, Symbol*, Symbol*, Thread*)+0x6a
V  [libjvm.dylib+0x426193]  thread_entry(JavaThread*, Thread*)+0x77
V  [libjvm.dylib+0x7061c0]  JavaThread::thread_main_inner()+0x7e
V  [libjvm.dylib+0x703df6]  Thread::call_run()+0x68
V  [libjvm.dylib+0x5fe743]  thread_native_entry(Thread*)+0x138
C  [libsystem_pthread.dylib+0x6109]  _pthread_start+0x94
C  [libsystem_pthread.dylib+0x1b8b]  thread_start+0xf


siginfo: si_signo: 10 (SIGBUS), si_code: 2 (BUS_ADRERR), si_addr: 0x000000013393f000

Register to memory mapping:

RAX=0x0 is NULL
RBX=0x0 is NULL
RCX={method} {0x00000001339021d8} 'byDefaultProvider' '()Ljavax/validation/bootstrap/GenericBootstrap;' in 'javax/validation/Validation'
RDX=0x0000000000002190 is an unknown value
RSP=0x00007000057e29d0 is pointing into the stack for thread: 0x00007f977399d800
RBP=0x00007000057e2a08 is pointing into the stack for thread: 0x00007f977399d800
RSI=0x0 is NULL
RDI=0x00007f977399d800 is a thread
R8 =0x00007f977399d800 is a thread
R9 =0x0 is NULL
R10=0x0000000103d663a0: _ZN19TemplateInterpreter13_active_tableE+0x4800 in /Library/Java/JavaVirtualMachines/amazon-corretto-11.jdk/Contents/Home/lib/server/libjvm.dylib at 0x0000000103400000
R11=0x0 is NULL
R12=0x0 is NULL
R13=0x000000013393efff is pointing into metadata
R14=0x00007000057e2a10 is pointing into the stack for thread: 0x00007f977399d800
R15=0x00007f977399d800 is a thread


Registers:
RAX=0x0000000000000000, RBX=0x0000000000000000, RCX=0x00000001339021d8, RDX=0x0000000000002190
RSP=0x00007000057e29d0, RBP=0x00007000057e2a08, RSI=0x0000000000000000, RDI=0x00007f977399d800
R8 =0x00007f977399d800, R9 =0x0000000000000000, R10=0x0000000103d663a0, R11=0x0000000000000000
R12=0x0000000000000000, R13=0x000000013393efff, R14=0x00007000057e2a10, R15=0x00007f977399d800
RIP=0x000000010f6a4e9f, EFLAGS=0x0000000000010206, ERR=0x0000000000000004
  TRAPNO=0x000000000000000e

Top of Stack: (sp=0x00007000057e29d0)
0x00007000057e29d0:   00007000057e2a10 00000001339022f8
0x00007000057e29e0:   0000000000000000 000000061ed263d8
0x00007000057e29f0:   00000001339021d8 0000000000000000
0x00007000057e2a00:   00007000057e2a18 00007000057e2a60
0x00007000057e2a10:   000000010f69da00 00007000057e2a18
0x00007000057e2a20:   00000001338fdb38 00007000057e2a78
0x00007000057e2a30:   00000001338fdca0 0000000000000000
0x00007000057e2a40:   000000061ed1cbd0 00000001338fdb70
0x00007000057e2a50:   00007000057e2a18 00007000057e2a78
0x00007000057e2a60:   00007000057e2ac8 000000010f69dcec
0x00007000057e2a70:   0000000000000000 000000061ed1cd20
0x00007000057e2a80:   00007000057e2a80 00000001338fbac9
0x00007000057e2a90:   00007000057e2ae8 00000001338fbba0
0x00007000057e2aa0:   0000000000000000 000000061ec34718
0x00007000057e2ab0:   00000001338fbb08 00007000057e2a78
0x00007000057e2ac0:   00007000057e2ae0 00007000057e2b38
0x00007000057e2ad0:   000000010f69dca7 0000000000000000
0x00007000057e2ae0:   000000061ed1cd20 000000061ec34858
0x00007000057e2af0:   00007000057e2af0 00000001338fb9ed
0x00007000057e2b00:   00007000057e2b48 00000001338fbba0
0x00007000057e2b10:   0000000000000000 000000061ec34718
0x00007000057e2b20:   00000001338fba38 00007000057e2ae0
0x00007000057e2b30:   00007000057e2b48 00007000057e2b98
0x00007000057e2b40:   000000010f69dcec 000000061ec34858
0x00007000057e2b50:   00007000057e2b50 0000000106558853
0x00007000057e2b60:   00007000057e2ba8 000000010662f8d0
0x00007000057e2b70:   0000000000000000 000000061e606998
0x00007000057e2b80:   0000000106558870 00007000057e2b48
0x00007000057e2b90:   00007000057e2ba8 00007000057e2c10
0x00007000057e2ba0:   000000010f694849 000000061ec2df68
0x00007000057e2bb0:   a14eae4a00001fa0 00007000057e2dd0
0x00007000057e2bc0:   00007000057e2e78 000000010f6947bf 

Instructions: (pc=0x000000010f6a4e9f)
0x000000010f6a4d9f:   00 00 0f 84 12 00 00 00 48 83 ec 08 e8 f0 fd fe
0x000000010f6a4daf:   ff 48 83 c4 08 e9 05 00 00 00 e8 e2 fd fe ff 5f
0x000000010f6a4dbf:   49 8b e5 ff e7 0f 1f 40 00 00 00 00 00 00 00 00
0x000000010f6a4dcf:   00 00 00 00 00 00 00 00 00 00 00 00 00 00 00 00
0x000000010f6a4ddf:   00 60 00 00 00 00 00 00 00 28 da be 03 01 00 00
0x000000010f6a4def:   00 ff ff ff ff 00 00 00 00 00 00 00 00 00 00 00
0x000000010f6a4dff:   00 48 8b 74 24 18 48 63 4c 24 10 48 03 f1 8b 7c
0x000000010f6a4e0f:   24 28 8b 54 24 08 2b d1 f7 c4 0f 00 00 00 0f 84
0x000000010f6a4e1f:   12 00 00 00 48 83 ec 08 e8 74 fd fe ff 48 83 c4
0x000000010f6a4e2f:   08 e9 05 00 00 00 e8 66 fd fe ff 5f 49 8b e5 ff
0x000000010f6a4e3f:   e7 80 00 00 00 00 00 00 00 a3 55 b9 03 01 00 00
0x000000010f6a4e4f:   00 00 00 00 00 00 00 00 00 00 00 00 00 00 00 00
0x000000010f6a4e5f:   00 50 e9 39 00 00 00 48 83 ec 08 c5 fa 11 04 24
0x000000010f6a4e6f:   e9 2b 00 00 00 48 83 ec 10 c5 fb 11 04 24 e9 1d
0x000000010f6a4e7f:   00 00 00 48 83 ec 10 48 89 04 24 49 ba 00 00 00
0x000000010f6a4e8f:   00 00 00 00 00 4c 89 54 24 08 e9 01 00 00 00 50
0x000000010f6a4e9f:   41 0f b6 5d 01 49 ff c5 49 ba a0 63 d6 03 01 00
0x000000010f6a4eaf:   00 00 41 ff 24 da 66 66 90 00 00 00 00 00 00 00
0x000000010f6a4ebf:   00 80 00 00 00 00 00 00 00 a9 55 b9 03 01 00 00
0x000000010f6a4ecf:   00 01 00 00 00 00 00 00 00 00 00 00 00 00 00 00
0x000000010f6a4edf:   00 50 e9 39 00 00 00 48 83 ec 08 c5 fa 11 04 24
0x000000010f6a4eef:   e9 2b 00 00 00 48 83 ec 10 c5 fb 11 04 24 e9 1d
0x000000010f6a4eff:   00 00 00 48 83 ec 10 48 89 04 24 49 ba 00 00 00
0x000000010f6a4f0f:   00 00 00 00 00 4c 89 54 24 08 e9 01 00 00 00 50
0x000000010f6a4f1f:   33 c0 41 0f b6 5d 01 49 ff c5 49 ba a0 5b d6 03
0x000000010f6a4f2f:   01 00 00 00 41 ff 24 da 90 00 00 00 00 00 00 00
0x000000010f6a4f3f:   00 80 00 00 00 00 00 00 00 b5 55 b9 03 01 00 00
0x000000010f6a4f4f:   00 02 00 00 00 00 00 00 00 00 00 00 00 00 00 00
0x000000010f6a4f5f:   00 50 e9 39 00 00 00 48 83 ec 08 c5 fa 11 04 24
0x000000010f6a4f6f:   e9 2b 00 00 00 48 83 ec 10 c5 fb 11 04 24 e9 1d
0x000000010f6a4f7f:   00 00 00 48 83 ec 10 48 89 04 24 49 ba 00 00 00
0x000000010f6a4f8f:   00 00 00 00 00 4c 89 54 24 08 e9 01 00 00 00 50 


Stack slot to memory mapping:
stack at sp + 0 slots: 0x00007000057e2a10 is pointing into the stack for thread: 0x00007f977399d800
stack at sp + 1 slots: 0x00000001339022f8 is pointing into metadata
stack at sp + 2 slots: 0x0 is NULL
stack at sp + 3 slots: 0x000000061ed263d8 is an oop: java.lang.Class 
{0x000000061ed263d8} - klass: 'java/lang/Class'
stack at sp + 4 slots: {method} {0x00000001339021d8} 'byDefaultProvider' '()Ljavax/validation/bootstrap/GenericBootstrap;' in 'javax/validation/Validation'
stack at sp + 5 slots: 0x0 is NULL
stack at sp + 6 slots: 0x00007000057e2a18 is pointing into the stack for thread: 0x00007f977399d800
stack at sp + 7 slots: 0x00007000057e2a60 is pointing into the stack for thread: 0x00007f977399d800

nop  0 nop  [0x000000010f6a4e60, 0x000000010f6a4ec0]  96 bytes

---------------  P R O C E S S  ---------------

Threads class SMR info:
_java_thread_list=0x00007f9771a66d40, length=11, elements={
0x00007f9760809800, 0x00007f9771109000, 0x00007f977110e000, 0x00007f976082a000,
0x00007f976200a000, 0x00007f9760833000, 0x00007f97711b7000, 0x00007f9771441000,
0x00007f977283c000, 0x00007f9773891000, 0x00007f977399d800
}

Java Threads: ( => current thread )
  0x00007f9760809800 JavaThread "main" [_thread_in_native, id=10243, stack(0x0000700003989000,0x0000700003a89000)]
  0x00007f9771109000 JavaThread "Reference Handler" daemon [_thread_blocked, id=18691, stack(0x000070000409e000,0x000070000419e000)]
  0x00007f977110e000 JavaThread "Finalizer" daemon [_thread_blocked, id=14595, stack(0x00007000041a1000,0x00007000042a1000)]
  0x00007f976082a000 JavaThread "Signal Dispatcher" daemon [_thread_blocked, id=16643, stack(0x00007000043aa000,0x00007000044aa000)]
  0x00007f976200a000 JavaThread "C1 CompilerThread0" daemon [_thread_blocked, id=22019, stack(0x00007000044ad000,0x00007000045ad000)]
  0x00007f9760833000 JavaThread "Sweeper thread" daemon [_thread_blocked, id=22275, stack(0x00007000045b0000,0x00007000046b0000)]
  0x00007f97711b7000 JavaThread "Common-Cleaner" daemon [_thread_blocked, id=42499, stack(0x00007000046b3000,0x00007000047b3000)]
  0x00007f9771441000 JavaThread "Monitor Ctrl-Break" daemon [_thread_in_native, id=42243, stack(0x00007000047b6000,0x00007000048b6000)]
  0x00007f977283c000 JavaThread "Service Thread" daemon [_thread_blocked, id=41475, stack(0x00007000048b9000,0x00007000049b9000)]
  0x00007f9773891000 JavaThread "RMI TCP Accept-0" daemon [_thread_in_native, id=40963, stack(0x00007000049bc000,0x0000700004abc000)]
=>0x00007f977399d800 JavaThread "background-preinit" [_thread_in_Java, id=26627, stack(0x00007000056e3000,0x00007000057e3000)]

Other Threads:
  0x00007f9770831000 VMThread "VM Thread" [stack: 0x0000700003f9b000,0x000070000409b000] [id=19203]
  0x00007f977082f800 WatcherThread [stack: 0x0000700004abf000,0x0000700004bbf000] [id=40707]
  0x00007f977080e800 GCTaskThread "GC Thread#0" [stack: 0x0000700003a8c000,0x0000700003b8c000] [id=11523]
  0x00007f9770857000 GCTaskThread "GC Thread#1" [stack: 0x0000700004bc2000,0x0000700004cc2000] [id=40195]
  0x00007f977087f800 GCTaskThread "GC Thread#2" [stack: 0x0000700004cc5000,0x0000700004dc5000] [id=39683]
  0x00007f9760841800 GCTaskThread "GC Thread#3" [stack: 0x0000700004dc8000,0x0000700004ec8000] [id=39427]
  0x00007f97728c4000 GCTaskThread "GC Thread#4" [stack: 0x0000700004ecb000,0x0000700004fcb000] [id=24323]
  0x00007f9770880000 GCTaskThread "GC Thread#5" [stack: 0x0000700004fce000,0x00007000050ce000] [id=24579]
  0x00007f97728e3800 GCTaskThread "GC Thread#6" [stack: 0x00007000050d1000,0x00007000051d1000] [id=24835]
  0x00007f9770881000 GCTaskThread "GC Thread#7" [stack: 0x00007000051d4000,0x00007000052d4000] [id=38659]
  0x00007f9772067800 GCTaskThread "GC Thread#8" [stack: 0x00007000052d7000,0x00007000053d7000] [id=38147]
  0x00007f9772071800 GCTaskThread "GC Thread#9" [stack: 0x00007000053da000,0x00007000054da000] [id=25603]
  0x00007f9760817800 GCTaskThread "GC Thread#10" [stack: 0x00007000054dd000,0x00007000055dd000] [id=37891]
  0x00007f9773046000 GCTaskThread "GC Thread#11" [stack: 0x00007000055e0000,0x00007000056e0000] [id=37379]
  0x00007f9771048000 ConcurrentGCThread "G1 Main Marker" [stack: 0x0000700003b8f000,0x0000700003c8f000] [id=12035]
  0x00007f9761008800 ConcurrentGCThread "G1 Conc#0" [stack: 0x0000700003c92000,0x0000700003d92000] [id=12547]
  0x00007f9773009800 ConcurrentGCThread "G1 Refine#0" [stack: 0x0000700003d95000,0x0000700003e95000] [id=20227]
  0x00007f9762008800 ConcurrentGCThread "G1 Young RemSet Sampling" [stack: 0x0000700003e98000,0x0000700003f98000] [id=19971]

Threads with active compile tasks:

VM state:not at safepoint (normal execution)

VM Mutex/Monitor currently owned by a thread: None

Heap address: 0x0000000600000000, size: 8192 MB, Compressed Oops mode: Zero based, Oop shift amount: 3
Narrow klass base: 0x0000000800000000, Narrow klass shift: 0
Compressed class space size: 1073741824 Address: 0x0000000800000000

Heap:
 garbage-first heap   total 524288K, used 26908K [0x0000000600000000, 0x0000000800000000)
  region size 2048K, 13 young (26624K), 2 survivors (4096K)
 Metaspace       used 17636K, capacity 18108K, committed 18432K, reserved 1064960K
  class space    used 1994K, capacity 2198K, committed 2304K, reserved 1048576K
Heap Regions: E=young(eden), S=young(survivor), O=old, HS=humongous(starts), HC=humongous(continues), CS=collection set, F=free, A=archive, TAMS=top-at-mark-start (previous, next)
|   0|0x0000000600000000, 0x0000000600200000, 0x0000000600200000|100%| O|  |TAMS 0x0000000600000000, 0x0000000600000000| Untracked 
|   1|0x0000000600200000, 0x0000000600247200, 0x0000000600400000| 13%| O|  |TAMS 0x0000000600200000, 0x0000000600200000| Untracked 
|   2|0x0000000600400000, 0x0000000600400000, 0x0000000600600000|  0%| F|  |TAMS 0x0000000600400000, 0x0000000600400000| Untracked 
|   3|0x0000000600600000, 0x0000000600600000, 0x0000000600800000|  0%| F|  |TAMS 0x0000000600600000, 0x0000000600600000| Untracked 
|   4|0x0000000600800000, 0x0000000600800000, 0x0000000600a00000|  0%| F|  |TAMS 0x0000000600800000, 0x0000000600800000| Untracked 
|   5|0x0000000600a00000, 0x0000000600a00000, 0x0000000600c00000|  0%| F|  |TAMS 0x0000000600a00000, 0x0000000600a00000| Untracked 
|   6|0x0000000600c00000, 0x0000000600c00000, 0x0000000600e00000|  0%| F|  |TAMS 0x0000000600c00000, 0x0000000600c00000| Untracked 
|   7|0x0000000600e00000, 0x0000000600e00000, 0x0000000601000000|  0%| F|  |TAMS 0x0000000600e00000, 0x0000000600e00000| Untracked 
|   8|0x0000000601000000, 0x0000000601000000, 0x0000000601200000|  0%| F|  |TAMS 0x0000000601000000, 0x0000000601000000| Untracked 
|   9|0x0000000601200000, 0x0000000601200000, 0x0000000601400000|  0%| F|  |TAMS 0x0000000601200000, 0x0000000601200000| Untracked 
|  10|0x0000000601400000, 0x0000000601400000, 0x0000000601600000|  0%| F|  |TAMS 0x0000000601400000, 0x0000000601400000| Untracked 
|  11|0x0000000601600000, 0x0000000601600000, 0x0000000601800000|  0%| F|  |TAMS 0x0000000601600000, 0x0000000601600000| Untracked 
|  12|0x0000000601800000, 0x0000000601800000, 0x0000000601a00000|  0%| F|  |TAMS 0x0000000601800000, 0x0000000601800000| Untracked 
|  13|0x0000000601a00000, 0x0000000601a00000, 0x0000000601c00000|  0%| F|  |TAMS 0x0000000601a00000, 0x0000000601a00000| Untracked 
|  14|0x0000000601c00000, 0x0000000601c00000, 0x0000000601e00000|  0%| F|  |TAMS 0x0000000601c00000, 0x0000000601c00000| Untracked 
|  15|0x0000000601e00000, 0x0000000601e00000, 0x0000000602000000|  0%| F|  |TAMS 0x0000000601e00000, 0x0000000601e00000| Untracked 
|  16|0x0000000602000000, 0x0000000602000000, 0x0000000602200000|  0%| F|  |TAMS 0x0000000602000000, 0x0000000602000000| Untracked 
|  17|0x0000000602200000, 0x0000000602200000, 0x0000000602400000|  0%| F|  |TAMS 0x0000000602200000, 0x0000000602200000| Untracked 
|  18|0x0000000602400000, 0x0000000602400000, 0x0000000602600000|  0%| F|  |TAMS 0x0000000602400000, 0x0000000602400000| Untracked 
|  19|0x0000000602600000, 0x0000000602600000, 0x0000000602800000|  0%| F|  |TAMS 0x0000000602600000, 0x0000000602600000| Untracked 
|  20|0x0000000602800000, 0x0000000602800000, 0x0000000602a00000|  0%| F|  |TAMS 0x0000000602800000, 0x0000000602800000| Untracked 
|  21|0x0000000602a00000, 0x0000000602a00000, 0x0000000602c00000|  0%| F|  |TAMS 0x0000000602a00000, 0x0000000602a00000| Untracked 
|  22|0x0000000602c00000, 0x0000000602c00000, 0x0000000602e00000|  0%| F|  |TAMS 0x0000000602c00000, 0x0000000602c00000| Untracked 
|  23|0x0000000602e00000, 0x0000000602e00000, 0x0000000603000000|  0%| F|  |TAMS 0x0000000602e00000, 0x0000000602e00000| Untracked 
|  24|0x0000000603000000, 0x0000000603000000, 0x0000000603200000|  0%| F|  |TAMS 0x0000000603000000, 0x0000000603000000| Untracked 
|  25|0x0000000603200000, 0x0000000603200000, 0x0000000603400000|  0%| F|  |TAMS 0x0000000603200000, 0x0000000603200000| Untracked 
|  26|0x0000000603400000, 0x0000000603400000, 0x0000000603600000|  0%| F|  |TAMS 0x0000000603400000, 0x0000000603400000| Untracked 
|  27|0x0000000603600000, 0x0000000603600000, 0x0000000603800000|  0%| F|  |TAMS 0x0000000603600000, 0x0000000603600000| Untracked 
|  28|0x0000000603800000, 0x0000000603800000, 0x0000000603a00000|  0%| F|  |TAMS 0x0000000603800000, 0x0000000603800000| Untracked 
|  29|0x0000000603a00000, 0x0000000603a00000, 0x0000000603c00000|  0%| F|  |TAMS 0x0000000603a00000, 0x0000000603a00000| Untracked 
|  30|0x0000000603c00000, 0x0000000603c00000, 0x0000000603e00000|  0%| F|  |TAMS 0x0000000603c00000, 0x0000000603c00000| Untracked 
|  31|0x0000000603e00000, 0x0000000603e00000, 0x0000000604000000|  0%| F|  |TAMS 0x0000000603e00000, 0x0000000603e00000| Untracked 
|  32|0x0000000604000000, 0x0000000604000000, 0x0000000604200000|  0%| F|  |TAMS 0x0000000604000000, 0x0000000604000000| Untracked 
|  33|0x0000000604200000, 0x0000000604200000, 0x0000000604400000|  0%| F|  |TAMS 0x0000000604200000, 0x0000000604200000| Untracked 
|  34|0x0000000604400000, 0x0000000604400000, 0x0000000604600000|  0%| F|  |TAMS 0x0000000604400000, 0x0000000604400000| Untracked 
|  35|0x0000000604600000, 0x0000000604600000, 0x0000000604800000|  0%| F|  |TAMS 0x0000000604600000, 0x0000000604600000| Untracked 
|  36|0x0000000604800000, 0x0000000604800000, 0x0000000604a00000|  0%| F|  |TAMS 0x0000000604800000, 0x0000000604800000| Untracked 
|  37|0x0000000604a00000, 0x0000000604a00000, 0x0000000604c00000|  0%| F|  |TAMS 0x0000000604a00000, 0x0000000604a00000| Untracked 
|  38|0x0000000604c00000, 0x0000000604c00000, 0x0000000604e00000|  0%| F|  |TAMS 0x0000000604c00000, 0x0000000604c00000| Untracked 
|  39|0x0000000604e00000, 0x0000000604e00000, 0x0000000605000000|  0%| F|  |TAMS 0x0000000604e00000, 0x0000000604e00000| Untracked 
|  40|0x0000000605000000, 0x0000000605000000, 0x0000000605200000|  0%| F|  |TAMS 0x0000000605000000, 0x0000000605000000| Untracked 
|  41|0x0000000605200000, 0x0000000605200000, 0x0000000605400000|  0%| F|  |TAMS 0x0000000605200000, 0x0000000605200000| Untracked 
|  42|0x0000000605400000, 0x0000000605400000, 0x0000000605600000|  0%| F|  |TAMS 0x0000000605400000, 0x0000000605400000| Untracked 
|  43|0x0000000605600000, 0x0000000605600000, 0x0000000605800000|  0%| F|  |TAMS 0x0000000605600000, 0x0000000605600000| Untracked 
|  44|0x0000000605800000, 0x0000000605800000, 0x0000000605a00000|  0%| F|  |TAMS 0x0000000605800000, 0x0000000605800000| Untracked 
|  45|0x0000000605a00000, 0x0000000605a00000, 0x0000000605c00000|  0%| F|  |TAMS 0x0000000605a00000, 0x0000000605a00000| Untracked 
|  46|0x0000000605c00000, 0x0000000605c00000, 0x0000000605e00000|  0%| F|  |TAMS 0x0000000605c00000, 0x0000000605c00000| Untracked 
|  47|0x0000000605e00000, 0x0000000605e00000, 0x0000000606000000|  0%| F|  |TAMS 0x0000000605e00000, 0x0000000605e00000| Untracked 
|  48|0x0000000606000000, 0x0000000606000000, 0x0000000606200000|  0%| F|  |TAMS 0x0000000606000000, 0x0000000606000000| Untracked 
|  49|0x0000000606200000, 0x0000000606200000, 0x0000000606400000|  0%| F|  |TAMS 0x0000000606200000, 0x0000000606200000| Untracked 
|  50|0x0000000606400000, 0x0000000606400000, 0x0000000606600000|  0%| F|  |TAMS 0x0000000606400000, 0x0000000606400000| Untracked 
|  51|0x0000000606600000, 0x0000000606600000, 0x0000000606800000|  0%| F|  |TAMS 0x0000000606600000, 0x0000000606600000| Untracked 
|  52|0x0000000606800000, 0x0000000606800000, 0x0000000606a00000|  0%| F|  |TAMS 0x0000000606800000, 0x0000000606800000| Untracked 
|  53|0x0000000606a00000, 0x0000000606a00000, 0x0000000606c00000|  0%| F|  |TAMS 0x0000000606a00000, 0x0000000606a00000| Untracked 
|  54|0x0000000606c00000, 0x0000000606c00000, 0x0000000606e00000|  0%| F|  |TAMS 0x0000000606c00000, 0x0000000606c00000| Untracked 
|  55|0x0000000606e00000, 0x0000000606e00000, 0x0000000607000000|  0%| F|  |TAMS 0x0000000606e00000, 0x0000000606e00000| Untracked 
|  56|0x0000000607000000, 0x0000000607000000, 0x0000000607200000|  0%| F|  |TAMS 0x0000000607000000, 0x0000000607000000| Untracked 
|  57|0x0000000607200000, 0x0000000607200000, 0x0000000607400000|  0%| F|  |TAMS 0x0000000607200000, 0x0000000607200000| Untracked 
|  58|0x0000000607400000, 0x0000000607400000, 0x0000000607600000|  0%| F|  |TAMS 0x0000000607400000, 0x0000000607400000| Untracked 
|  59|0x0000000607600000, 0x0000000607600000, 0x0000000607800000|  0%| F|  |TAMS 0x0000000607600000, 0x0000000607600000| Untracked 
|  60|0x0000000607800000, 0x0000000607800000, 0x0000000607a00000|  0%| F|  |TAMS 0x0000000607800000, 0x0000000607800000| Untracked 
|  61|0x0000000607a00000, 0x0000000607a00000, 0x0000000607c00000|  0%| F|  |TAMS 0x0000000607a00000, 0x0000000607a00000| Untracked 
|  62|0x0000000607c00000, 0x0000000607c00000, 0x0000000607e00000|  0%| F|  |TAMS 0x0000000607c00000, 0x0000000607c00000| Untracked 
|  63|0x0000000607e00000, 0x0000000607e00000, 0x0000000608000000|  0%| F|  |TAMS 0x0000000607e00000, 0x0000000607e00000| Untracked 
|  64|0x0000000608000000, 0x0000000608000000, 0x0000000608200000|  0%| F|  |TAMS 0x0000000608000000, 0x0000000608000000| Untracked 
|  65|0x0000000608200000, 0x0000000608200000, 0x0000000608400000|  0%| F|  |TAMS 0x0000000608200000, 0x0000000608200000| Untracked 
|  66|0x0000000608400000, 0x0000000608400000, 0x0000000608600000|  0%| F|  |TAMS 0x0000000608400000, 0x0000000608400000| Untracked 
|  67|0x0000000608600000, 0x0000000608600000, 0x0000000608800000|  0%| F|  |TAMS 0x0000000608600000, 0x0000000608600000| Untracked 
|  68|0x0000000608800000, 0x0000000608800000, 0x0000000608a00000|  0%| F|  |TAMS 0x0000000608800000, 0x0000000608800000| Untracked 
|  69|0x0000000608a00000, 0x0000000608a00000, 0x0000000608c00000|  0%| F|  |TAMS 0x0000000608a00000, 0x0000000608a00000| Untracked 
|  70|0x0000000608c00000, 0x0000000608c00000, 0x0000000608e00000|  0%| F|  |TAMS 0x0000000608c00000, 0x0000000608c00000| Untracked 
|  71|0x0000000608e00000, 0x0000000608e00000, 0x0000000609000000|  0%| F|  |TAMS 0x0000000608e00000, 0x0000000608e00000| Untracked 
|  72|0x0000000609000000, 0x0000000609000000, 0x0000000609200000|  0%| F|  |TAMS 0x0000000609000000, 0x0000000609000000| Untracked 
|  73|0x0000000609200000, 0x0000000609200000, 0x0000000609400000|  0%| F|  |TAMS 0x0000000609200000, 0x0000000609200000| Untracked 
|  74|0x0000000609400000, 0x0000000609400000, 0x0000000609600000|  0%| F|  |TAMS 0x0000000609400000, 0x0000000609400000| Untracked 
|  75|0x0000000609600000, 0x0000000609600000, 0x0000000609800000|  0%| F|  |TAMS 0x0000000609600000, 0x0000000609600000| Untracked 
|  76|0x0000000609800000, 0x0000000609800000, 0x0000000609a00000|  0%| F|  |TAMS 0x0000000609800000, 0x0000000609800000| Untracked 
|  77|0x0000000609a00000, 0x0000000609a00000, 0x0000000609c00000|  0%| F|  |TAMS 0x0000000609a00000, 0x0000000609a00000| Untracked 
|  78|0x0000000609c00000, 0x0000000609c00000, 0x0000000609e00000|  0%| F|  |TAMS 0x0000000609c00000, 0x0000000609c00000| Untracked 
|  79|0x0000000609e00000, 0x0000000609e00000, 0x000000060a000000|  0%| F|  |TAMS 0x0000000609e00000, 0x0000000609e00000| Untracked 
|  80|0x000000060a000000, 0x000000060a000000, 0x000000060a200000|  0%| F|  |TAMS 0x000000060a000000, 0x000000060a000000| Untracked 
|  81|0x000000060a200000, 0x000000060a200000, 0x000000060a400000|  0%| F|  |TAMS 0x000000060a200000, 0x000000060a200000| Untracked 
|  82|0x000000060a400000, 0x000000060a400000, 0x000000060a600000|  0%| F|  |TAMS 0x000000060a400000, 0x000000060a400000| Untracked 
|  83|0x000000060a600000, 0x000000060a600000, 0x000000060a800000|  0%| F|  |TAMS 0x000000060a600000, 0x000000060a600000| Untracked 
|  84|0x000000060a800000, 0x000000060a800000, 0x000000060aa00000|  0%| F|  |TAMS 0x000000060a800000, 0x000000060a800000| Untracked 
|  85|0x000000060aa00000, 0x000000060aa00000, 0x000000060ac00000|  0%| F|  |TAMS 0x000000060aa00000, 0x000000060aa00000| Untracked 
|  86|0x000000060ac00000, 0x000000060ac00000, 0x000000060ae00000|  0%| F|  |TAMS 0x000000060ac00000, 0x000000060ac00000| Untracked 
|  87|0x000000060ae00000, 0x000000060ae00000, 0x000000060b000000|  0%| F|  |TAMS 0x000000060ae00000, 0x000000060ae00000| Untracked 
|  88|0x000000060b000000, 0x000000060b000000, 0x000000060b200000|  0%| F|  |TAMS 0x000000060b000000, 0x000000060b000000| Untracked 
|  89|0x000000060b200000, 0x000000060b200000, 0x000000060b400000|  0%| F|  |TAMS 0x000000060b200000, 0x000000060b200000| Untracked 
|  90|0x000000060b400000, 0x000000060b400000, 0x000000060b600000|  0%| F|  |TAMS 0x000000060b400000, 0x000000060b400000| Untracked 
|  91|0x000000060b600000, 0x000000060b600000, 0x000000060b800000|  0%| F|  |TAMS 0x000000060b600000, 0x000000060b600000| Untracked 
|  92|0x000000060b800000, 0x000000060b800000, 0x000000060ba00000|  0%| F|  |TAMS 0x000000060b800000, 0x000000060b800000| Untracked 
|  93|0x000000060ba00000, 0x000000060ba00000, 0x000000060bc00000|  0%| F|  |TAMS 0x000000060ba00000, 0x000000060ba00000| Untracked 
|  94|0x000000060bc00000, 0x000000060bc00000, 0x000000060be00000|  0%| F|  |TAMS 0x000000060bc00000, 0x000000060bc00000| Untracked 
|  95|0x000000060be00000, 0x000000060be00000, 0x000000060c000000|  0%| F|  |TAMS 0x000000060be00000, 0x000000060be00000| Untracked 
|  96|0x000000060c000000, 0x000000060c000000, 0x000000060c200000|  0%| F|  |TAMS 0x000000060c000000, 0x000000060c000000| Untracked 
|  97|0x000000060c200000, 0x000000060c200000, 0x000000060c400000|  0%| F|  |TAMS 0x000000060c200000, 0x000000060c200000| Untracked 
|  98|0x000000060c400000, 0x000000060c400000, 0x000000060c600000|  0%| F|  |TAMS 0x000000060c400000, 0x000000060c400000| Untracked 
|  99|0x000000060c600000, 0x000000060c600000, 0x000000060c800000|  0%| F|  |TAMS 0x000000060c600000, 0x000000060c600000| Untracked 
| 100|0x000000060c800000, 0x000000060c800000, 0x000000060ca00000|  0%| F|  |TAMS 0x000000060c800000, 0x000000060c800000| Untracked 
| 101|0x000000060ca00000, 0x000000060ca00000, 0x000000060cc00000|  0%| F|  |TAMS 0x000000060ca00000, 0x000000060ca00000| Untracked 
| 102|0x000000060cc00000, 0x000000060cc00000, 0x000000060ce00000|  0%| F|  |TAMS 0x000000060cc00000, 0x000000060cc00000| Untracked 
| 103|0x000000060ce00000, 0x000000060ce00000, 0x000000060d000000|  0%| F|  |TAMS 0x000000060ce00000, 0x000000060ce00000| Untracked 
| 104|0x000000060d000000, 0x000000060d000000, 0x000000060d200000|  0%| F|  |TAMS 0x000000060d000000, 0x000000060d000000| Untracked 
| 105|0x000000060d200000, 0x000000060d200000, 0x000000060d400000|  0%| F|  |TAMS 0x000000060d200000, 0x000000060d200000| Untracked 
| 106|0x000000060d400000, 0x000000060d400000, 0x000000060d600000|  0%| F|  |TAMS 0x000000060d400000, 0x000000060d400000| Untracked 
| 107|0x000000060d600000, 0x000000060d600000, 0x000000060d800000|  0%| F|  |TAMS 0x000000060d600000, 0x000000060d600000| Untracked 
| 108|0x000000060d800000, 0x000000060d800000, 0x000000060da00000|  0%| F|  |TAMS 0x000000060d800000, 0x000000060d800000| Untracked 
| 109|0x000000060da00000, 0x000000060da00000, 0x000000060dc00000|  0%| F|  |TAMS 0x000000060da00000, 0x000000060da00000| Untracked 
| 110|0x000000060dc00000, 0x000000060dc00000, 0x000000060de00000|  0%| F|  |TAMS 0x000000060dc00000, 0x000000060dc00000| Untracked 
| 111|0x000000060de00000, 0x000000060de00000, 0x000000060e000000|  0%| F|  |TAMS 0x000000060de00000, 0x000000060de00000| Untracked 
| 112|0x000000060e000000, 0x000000060e000000, 0x000000060e200000|  0%| F|  |TAMS 0x000000060e000000, 0x000000060e000000| Untracked 
| 113|0x000000060e200000, 0x000000060e200000, 0x000000060e400000|  0%| F|  |TAMS 0x000000060e200000, 0x000000060e200000| Untracked 
| 114|0x000000060e400000, 0x000000060e400000, 0x000000060e600000|  0%| F|  |TAMS 0x000000060e400000, 0x000000060e400000| Untracked 
| 115|0x000000060e600000, 0x000000060e600000, 0x000000060e800000|  0%| F|  |TAMS 0x000000060e600000, 0x000000060e600000| Untracked 
| 116|0x000000060e800000, 0x000000060e800000, 0x000000060ea00000|  0%| F|  |TAMS 0x000000060e800000, 0x000000060e800000| Untracked 
| 117|0x000000060ea00000, 0x000000060ea00000, 0x000000060ec00000|  0%| F|  |TAMS 0x000000060ea00000, 0x000000060ea00000| Untracked 
| 118|0x000000060ec00000, 0x000000060ec00000, 0x000000060ee00000|  0%| F|  |TAMS 0x000000060ec00000, 0x000000060ec00000| Untracked 
| 119|0x000000060ee00000, 0x000000060ee00000, 0x000000060f000000|  0%| F|  |TAMS 0x000000060ee00000, 0x000000060ee00000| Untracked 
| 120|0x000000060f000000, 0x000000060f000000, 0x000000060f200000|  0%| F|  |TAMS 0x000000060f000000, 0x000000060f000000| Untracked 
| 121|0x000000060f200000, 0x000000060f200000, 0x000000060f400000|  0%| F|  |TAMS 0x000000060f200000, 0x000000060f200000| Untracked 
| 122|0x000000060f400000, 0x000000060f400000, 0x000000060f600000|  0%| F|  |TAMS 0x000000060f400000, 0x000000060f400000| Untracked 
| 123|0x000000060f600000, 0x000000060f600000, 0x000000060f800000|  0%| F|  |TAMS 0x000000060f600000, 0x000000060f600000| Untracked 
| 124|0x000000060f800000, 0x000000060f800000, 0x000000060fa00000|  0%| F|  |TAMS 0x000000060f800000, 0x000000060f800000| Untracked 
| 125|0x000000060fa00000, 0x000000060fa00000, 0x000000060fc00000|  0%| F|  |TAMS 0x000000060fa00000, 0x000000060fa00000| Untracked 
| 126|0x000000060fc00000, 0x000000060fc00000, 0x000000060fe00000|  0%| F|  |TAMS 0x000000060fc00000, 0x000000060fc00000| Untracked 
| 127|0x000000060fe00000, 0x000000060fe00000, 0x0000000610000000|  0%| F|  |TAMS 0x000000060fe00000, 0x000000060fe00000| Untracked 
| 128|0x0000000610000000, 0x0000000610000000, 0x0000000610200000|  0%| F|  |TAMS 0x0000000610000000, 0x0000000610000000| Untracked 
| 129|0x0000000610200000, 0x0000000610200000, 0x0000000610400000|  0%| F|  |TAMS 0x0000000610200000, 0x0000000610200000| Untracked 
| 130|0x0000000610400000, 0x0000000610400000, 0x0000000610600000|  0%| F|  |TAMS 0x0000000610400000, 0x0000000610400000| Untracked 
| 131|0x0000000610600000, 0x0000000610600000, 0x0000000610800000|  0%| F|  |TAMS 0x0000000610600000, 0x0000000610600000| Untracked 
| 132|0x0000000610800000, 0x0000000610800000, 0x0000000610a00000|  0%| F|  |TAMS 0x0000000610800000, 0x0000000610800000| Untracked 
| 133|0x0000000610a00000, 0x0000000610a00000, 0x0000000610c00000|  0%| F|  |TAMS 0x0000000610a00000, 0x0000000610a00000| Untracked 
| 134|0x0000000610c00000, 0x0000000610c00000, 0x0000000610e00000|  0%| F|  |TAMS 0x0000000610c00000, 0x0000000610c00000| Untracked 
| 135|0x0000000610e00000, 0x0000000610e00000, 0x0000000611000000|  0%| F|  |TAMS 0x0000000610e00000, 0x0000000610e00000| Untracked 
| 136|0x0000000611000000, 0x0000000611000000, 0x0000000611200000|  0%| F|  |TAMS 0x0000000611000000, 0x0000000611000000| Untracked 
| 137|0x0000000611200000, 0x0000000611200000, 0x0000000611400000|  0%| F|  |TAMS 0x0000000611200000, 0x0000000611200000| Untracked 
| 138|0x0000000611400000, 0x0000000611400000, 0x0000000611600000|  0%| F|  |TAMS 0x0000000611400000, 0x0000000611400000| Untracked 
| 139|0x0000000611600000, 0x0000000611600000, 0x0000000611800000|  0%| F|  |TAMS 0x0000000611600000, 0x0000000611600000| Untracked 
| 140|0x0000000611800000, 0x0000000611800000, 0x0000000611a00000|  0%| F|  |TAMS 0x0000000611800000, 0x0000000611800000| Untracked 
| 141|0x0000000611a00000, 0x0000000611a00000, 0x0000000611c00000|  0%| F|  |TAMS 0x0000000611a00000, 0x0000000611a00000| Untracked 
| 142|0x0000000611c00000, 0x0000000611c00000, 0x0000000611e00000|  0%| F|  |TAMS 0x0000000611c00000, 0x0000000611c00000| Untracked 
| 143|0x0000000611e00000, 0x0000000611e00000, 0x0000000612000000|  0%| F|  |TAMS 0x0000000611e00000, 0x0000000611e00000| Untracked 
| 144|0x0000000612000000, 0x0000000612000000, 0x0000000612200000|  0%| F|  |TAMS 0x0000000612000000, 0x0000000612000000| Untracked 
| 145|0x0000000612200000, 0x0000000612200000, 0x0000000612400000|  0%| F|  |TAMS 0x0000000612200000, 0x0000000612200000| Untracked 
| 146|0x0000000612400000, 0x0000000612400000, 0x0000000612600000|  0%| F|  |TAMS 0x0000000612400000, 0x0000000612400000| Untracked 
| 147|0x0000000612600000, 0x0000000612600000, 0x0000000612800000|  0%| F|  |TAMS 0x0000000612600000, 0x0000000612600000| Untracked 
| 148|0x0000000612800000, 0x0000000612800000, 0x0000000612a00000|  0%| F|  |TAMS 0x0000000612800000, 0x0000000612800000| Untracked 
| 149|0x0000000612a00000, 0x0000000612a00000, 0x0000000612c00000|  0%| F|  |TAMS 0x0000000612a00000, 0x0000000612a00000| Untracked 
| 150|0x0000000612c00000, 0x0000000612c00000, 0x0000000612e00000|  0%| F|  |TAMS 0x0000000612c00000, 0x0000000612c00000| Untracked 
| 151|0x0000000612e00000, 0x0000000612e00000, 0x0000000613000000|  0%| F|  |TAMS 0x0000000612e00000, 0x0000000612e00000| Untracked 
| 152|0x0000000613000000, 0x0000000613000000, 0x0000000613200000|  0%| F|  |TAMS 0x0000000613000000, 0x0000000613000000| Untracked 
| 153|0x0000000613200000, 0x0000000613200000, 0x0000000613400000|  0%| F|  |TAMS 0x0000000613200000, 0x0000000613200000| Untracked 
| 154|0x0000000613400000, 0x0000000613400000, 0x0000000613600000|  0%| F|  |TAMS 0x0000000613400000, 0x0000000613400000| Untracked 
| 155|0x0000000613600000, 0x0000000613600000, 0x0000000613800000|  0%| F|  |TAMS 0x0000000613600000, 0x0000000613600000| Untracked 
| 156|0x0000000613800000, 0x0000000613800000, 0x0000000613a00000|  0%| F|  |TAMS 0x0000000613800000, 0x0000000613800000| Untracked 
| 157|0x0000000613a00000, 0x0000000613a00000, 0x0000000613c00000|  0%| F|  |TAMS 0x0000000613a00000, 0x0000000613a00000| Untracked 
| 158|0x0000000613c00000, 0x0000000613c00000, 0x0000000613e00000|  0%| F|  |TAMS 0x0000000613c00000, 0x0000000613c00000| Untracked 
| 159|0x0000000613e00000, 0x0000000613e00000, 0x0000000614000000|  0%| F|  |TAMS 0x0000000613e00000, 0x0000000613e00000| Untracked 
| 160|0x0000000614000000, 0x0000000614000000, 0x0000000614200000|  0%| F|  |TAMS 0x0000000614000000, 0x0000000614000000| Untracked 
| 161|0x0000000614200000, 0x0000000614200000, 0x0000000614400000|  0%| F|  |TAMS 0x0000000614200000, 0x0000000614200000| Untracked 
| 162|0x0000000614400000, 0x0000000614400000, 0x0000000614600000|  0%| F|  |TAMS 0x0000000614400000, 0x0000000614400000| Untracked 
| 163|0x0000000614600000, 0x0000000614600000, 0x0000000614800000|  0%| F|  |TAMS 0x0000000614600000, 0x0000000614600000| Untracked 
| 164|0x0000000614800000, 0x0000000614800000, 0x0000000614a00000|  0%| F|  |TAMS 0x0000000614800000, 0x0000000614800000| Untracked 
| 165|0x0000000614a00000, 0x0000000614a00000, 0x0000000614c00000|  0%| F|  |TAMS 0x0000000614a00000, 0x0000000614a00000| Untracked 
| 166|0x0000000614c00000, 0x0000000614c00000, 0x0000000614e00000|  0%| F|  |TAMS 0x0000000614c00000, 0x0000000614c00000| Untracked 
| 167|0x0000000614e00000, 0x0000000614e00000, 0x0000000615000000|  0%| F|  |TAMS 0x0000000614e00000, 0x0000000614e00000| Untracked 
| 168|0x0000000615000000, 0x0000000615000000, 0x0000000615200000|  0%| F|  |TAMS 0x0000000615000000, 0x0000000615000000| Untracked 
| 169|0x0000000615200000, 0x0000000615200000, 0x0000000615400000|  0%| F|  |TAMS 0x0000000615200000, 0x0000000615200000| Untracked 
| 170|0x0000000615400000, 0x0000000615400000, 0x0000000615600000|  0%| F|  |TAMS 0x0000000615400000, 0x0000000615400000| Untracked 
| 171|0x0000000615600000, 0x0000000615600000, 0x0000000615800000|  0%| F|  |TAMS 0x0000000615600000, 0x0000000615600000| Untracked 
| 172|0x0000000615800000, 0x0000000615800000, 0x0000000615a00000|  0%| F|  |TAMS 0x0000000615800000, 0x0000000615800000| Untracked 
| 173|0x0000000615a00000, 0x0000000615a00000, 0x0000000615c00000|  0%| F|  |TAMS 0x0000000615a00000, 0x0000000615a00000| Untracked 
| 174|0x0000000615c00000, 0x0000000615c00000, 0x0000000615e00000|  0%| F|  |TAMS 0x0000000615c00000, 0x0000000615c00000| Untracked 
| 175|0x0000000615e00000, 0x0000000615e00000, 0x0000000616000000|  0%| F|  |TAMS 0x0000000615e00000, 0x0000000615e00000| Untracked 
| 176|0x0000000616000000, 0x0000000616000000, 0x0000000616200000|  0%| F|  |TAMS 0x0000000616000000, 0x0000000616000000| Untracked 
| 177|0x0000000616200000, 0x0000000616200000, 0x0000000616400000|  0%| F|  |TAMS 0x0000000616200000, 0x0000000616200000| Untracked 
| 178|0x0000000616400000, 0x0000000616400000, 0x0000000616600000|  0%| F|  |TAMS 0x0000000616400000, 0x0000000616400000| Untracked 
| 179|0x0000000616600000, 0x0000000616600000, 0x0000000616800000|  0%| F|  |TAMS 0x0000000616600000, 0x0000000616600000| Untracked 
| 180|0x0000000616800000, 0x0000000616800000, 0x0000000616a00000|  0%| F|  |TAMS 0x0000000616800000, 0x0000000616800000| Untracked 
| 181|0x0000000616a00000, 0x0000000616a00000, 0x0000000616c00000|  0%| F|  |TAMS 0x0000000616a00000, 0x0000000616a00000| Untracked 
| 182|0x0000000616c00000, 0x0000000616c00000, 0x0000000616e00000|  0%| F|  |TAMS 0x0000000616c00000, 0x0000000616c00000| Untracked 
| 183|0x0000000616e00000, 0x0000000616e00000, 0x0000000617000000|  0%| F|  |TAMS 0x0000000616e00000, 0x0000000616e00000| Untracked 
| 184|0x0000000617000000, 0x0000000617000000, 0x0000000617200000|  0%| F|  |TAMS 0x0000000617000000, 0x0000000617000000| Untracked 
| 185|0x0000000617200000, 0x0000000617200000, 0x0000000617400000|  0%| F|  |TAMS 0x0000000617200000, 0x0000000617200000| Untracked 
| 186|0x0000000617400000, 0x0000000617400000, 0x0000000617600000|  0%| F|  |TAMS 0x0000000617400000, 0x0000000617400000| Untracked 
| 187|0x0000000617600000, 0x0000000617600000, 0x0000000617800000|  0%| F|  |TAMS 0x0000000617600000, 0x0000000617600000| Untracked 
| 188|0x0000000617800000, 0x0000000617800000, 0x0000000617a00000|  0%| F|  |TAMS 0x0000000617800000, 0x0000000617800000| Untracked 
| 189|0x0000000617a00000, 0x0000000617a00000, 0x0000000617c00000|  0%| F|  |TAMS 0x0000000617a00000, 0x0000000617a00000| Untracked 
| 190|0x0000000617c00000, 0x0000000617c00000, 0x0000000617e00000|  0%| F|  |TAMS 0x0000000617c00000, 0x0000000617c00000| Untracked 
| 191|0x0000000617e00000, 0x0000000617e00000, 0x0000000618000000|  0%| F|  |TAMS 0x0000000617e00000, 0x0000000617e00000| Untracked 
| 192|0x0000000618000000, 0x0000000618000000, 0x0000000618200000|  0%| F|  |TAMS 0x0000000618000000, 0x0000000618000000| Untracked 
| 193|0x0000000618200000, 0x0000000618200000, 0x0000000618400000|  0%| F|  |TAMS 0x0000000618200000, 0x0000000618200000| Untracked 
| 194|0x0000000618400000, 0x0000000618400000, 0x0000000618600000|  0%| F|  |TAMS 0x0000000618400000, 0x0000000618400000| Untracked 
| 195|0x0000000618600000, 0x0000000618600000, 0x0000000618800000|  0%| F|  |TAMS 0x0000000618600000, 0x0000000618600000| Untracked 
| 196|0x0000000618800000, 0x0000000618800000, 0x0000000618a00000|  0%| F|  |TAMS 0x0000000618800000, 0x0000000618800000| Untracked 
| 197|0x0000000618a00000, 0x0000000618a00000, 0x0000000618c00000|  0%| F|  |TAMS 0x0000000618a00000, 0x0000000618a00000| Untracked 
| 198|0x0000000618c00000, 0x0000000618c00000, 0x0000000618e00000|  0%| F|  |TAMS 0x0000000618c00000, 0x0000000618c00000| Untracked 
| 199|0x0000000618e00000, 0x0000000618e00000, 0x0000000619000000|  0%| F|  |TAMS 0x0000000618e00000, 0x0000000618e00000| Untracked 
| 200|0x0000000619000000, 0x0000000619000000, 0x0000000619200000|  0%| F|  |TAMS 0x0000000619000000, 0x0000000619000000| Untracked 
| 201|0x0000000619200000, 0x0000000619200000, 0x0000000619400000|  0%| F|  |TAMS 0x0000000619200000, 0x0000000619200000| Untracked 
| 202|0x0000000619400000, 0x0000000619400000, 0x0000000619600000|  0%| F|  |TAMS 0x0000000619400000, 0x0000000619400000| Untracked 
| 203|0x0000000619600000, 0x0000000619600000, 0x0000000619800000|  0%| F|  |TAMS 0x0000000619600000, 0x0000000619600000| Untracked 
| 204|0x0000000619800000, 0x0000000619800000, 0x0000000619a00000|  0%| F|  |TAMS 0x0000000619800000, 0x0000000619800000| Untracked 
| 205|0x0000000619a00000, 0x0000000619a00000, 0x0000000619c00000|  0%| F|  |TAMS 0x0000000619a00000, 0x0000000619a00000| Untracked 
| 206|0x0000000619c00000, 0x0000000619c00000, 0x0000000619e00000|  0%| F|  |TAMS 0x0000000619c00000, 0x0000000619c00000| Untracked 
| 207|0x0000000619e00000, 0x0000000619e00000, 0x000000061a000000|  0%| F|  |TAMS 0x0000000619e00000, 0x0000000619e00000| Untracked 
| 208|0x000000061a000000, 0x000000061a000000, 0x000000061a200000|  0%| F|  |TAMS 0x000000061a000000, 0x000000061a000000| Untracked 
| 209|0x000000061a200000, 0x000000061a200000, 0x000000061a400000|  0%| F|  |TAMS 0x000000061a200000, 0x000000061a200000| Untracked 
| 210|0x000000061a400000, 0x000000061a400000, 0x000000061a600000|  0%| F|  |TAMS 0x000000061a400000, 0x000000061a400000| Untracked 
| 211|0x000000061a600000, 0x000000061a600000, 0x000000061a800000|  0%| F|  |TAMS 0x000000061a600000, 0x000000061a600000| Untracked 
| 212|0x000000061a800000, 0x000000061a800000, 0x000000061aa00000|  0%| F|  |TAMS 0x000000061a800000, 0x000000061a800000| Untracked 
| 213|0x000000061aa00000, 0x000000061aa00000, 0x000000061ac00000|  0%| F|  |TAMS 0x000000061aa00000, 0x000000061aa00000| Untracked 
| 214|0x000000061ac00000, 0x000000061ac00000, 0x000000061ae00000|  0%| F|  |TAMS 0x000000061ac00000, 0x000000061ac00000| Untracked 
| 215|0x000000061ae00000, 0x000000061ae00000, 0x000000061b000000|  0%| F|  |TAMS 0x000000061ae00000, 0x000000061ae00000| Untracked 
| 216|0x000000061b000000, 0x000000061b000000, 0x000000061b200000|  0%| F|  |TAMS 0x000000061b000000, 0x000000061b000000| Untracked 
| 217|0x000000061b200000, 0x000000061b200000, 0x000000061b400000|  0%| F|  |TAMS 0x000000061b200000, 0x000000061b200000| Untracked 
| 218|0x000000061b400000, 0x000000061b400000, 0x000000061b600000|  0%| F|  |TAMS 0x000000061b400000, 0x000000061b400000| Untracked 
| 219|0x000000061b600000, 0x000000061b600000, 0x000000061b800000|  0%| F|  |TAMS 0x000000061b600000, 0x000000061b600000| Untracked 
| 220|0x000000061b800000, 0x000000061b800000, 0x000000061ba00000|  0%| F|  |TAMS 0x000000061b800000, 0x000000061b800000| Untracked 
| 221|0x000000061ba00000, 0x000000061ba00000, 0x000000061bc00000|  0%| F|  |TAMS 0x000000061ba00000, 0x000000061ba00000| Untracked 
| 222|0x000000061bc00000, 0x000000061bc00000, 0x000000061be00000|  0%| F|  |TAMS 0x000000061bc00000, 0x000000061bc00000| Untracked 
| 223|0x000000061be00000, 0x000000061be00000, 0x000000061c000000|  0%| F|  |TAMS 0x000000061be00000, 0x000000061be00000| Untracked 
| 224|0x000000061c000000, 0x000000061c000000, 0x000000061c200000|  0%| F|  |TAMS 0x000000061c000000, 0x000000061c000000| Untracked 
| 225|0x000000061c200000, 0x000000061c200000, 0x000000061c400000|  0%| F|  |TAMS 0x000000061c200000, 0x000000061c200000| Untracked 
| 226|0x000000061c400000, 0x000000061c400000, 0x000000061c600000|  0%| F|  |TAMS 0x000000061c400000, 0x000000061c400000| Untracked 
| 227|0x000000061c600000, 0x000000061c600000, 0x000000061c800000|  0%| F|  |TAMS 0x000000061c600000, 0x000000061c600000| Untracked 
| 228|0x000000061c800000, 0x000000061c800000, 0x000000061ca00000|  0%| F|  |TAMS 0x000000061c800000, 0x000000061c800000| Untracked 
| 229|0x000000061ca00000, 0x000000061ca00000, 0x000000061cc00000|  0%| F|  |TAMS 0x000000061ca00000, 0x000000061ca00000| Untracked 
| 230|0x000000061cc00000, 0x000000061cc00000, 0x000000061ce00000|  0%| F|  |TAMS 0x000000061cc00000, 0x000000061cc00000| Untracked 
| 231|0x000000061ce00000, 0x000000061ce00000, 0x000000061d000000|  0%| F|  |TAMS 0x000000061ce00000, 0x000000061ce00000| Untracked 
| 232|0x000000061d000000, 0x000000061d000000, 0x000000061d200000|  0%| F|  |TAMS 0x000000061d000000, 0x000000061d000000| Untracked 
| 233|0x000000061d200000, 0x000000061d200000, 0x000000061d400000|  0%| F|  |TAMS 0x000000061d200000, 0x000000061d200000| Untracked 
| 234|0x000000061d400000, 0x000000061d400000, 0x000000061d600000|  0%| F|  |TAMS 0x000000061d400000, 0x000000061d400000| Untracked 
| 235|0x000000061d600000, 0x000000061d600000, 0x000000061d800000|  0%| F|  |TAMS 0x000000061d600000, 0x000000061d600000| Untracked 
| 236|0x000000061d800000, 0x000000061d800000, 0x000000061da00000|  0%| F|  |TAMS 0x000000061d800000, 0x000000061d800000| Untracked 
| 237|0x000000061da00000, 0x000000061da00000, 0x000000061dc00000|  0%| F|  |TAMS 0x000000061da00000, 0x000000061da00000| Untracked 
| 238|0x000000061dc00000, 0x000000061dc00000, 0x000000061de00000|  0%| F|  |TAMS 0x000000061dc00000, 0x000000061dc00000| Untracked 
| 239|0x000000061de00000, 0x000000061de00000, 0x000000061e000000|  0%| F|  |TAMS 0x000000061de00000, 0x000000061de00000| Untracked 
| 240|0x000000061e000000, 0x000000061e000000, 0x000000061e200000|  0%| F|  |TAMS 0x000000061e000000, 0x000000061e000000| Untracked 
| 241|0x000000061e200000, 0x000000061e200000, 0x000000061e400000|  0%| F|  |TAMS 0x000000061e200000, 0x000000061e200000| Untracked 
| 242|0x000000061e400000, 0x000000061e600000, 0x000000061e600000|100%| S|CS|TAMS 0x000000061e400000, 0x000000061e400000| Complete 
| 243|0x000000061e600000, 0x000000061e800000, 0x000000061e800000|100%| S|CS|TAMS 0x000000061e600000, 0x000000061e600000| Complete 
| 244|0x000000061e800000, 0x000000061e800000, 0x000000061ea00000|  0%| F|  |TAMS 0x000000061e800000, 0x000000061e800000| Untracked 
| 245|0x000000061ea00000, 0x000000061ec00000, 0x000000061ec00000|100%| E|  |TAMS 0x000000061ea00000, 0x000000061ea00000| Complete 
| 246|0x000000061ec00000, 0x000000061ee00000, 0x000000061ee00000|100%| E|CS|TAMS 0x000000061ec00000, 0x000000061ec00000| Complete 
| 247|0x000000061ee00000, 0x000000061f000000, 0x000000061f000000|100%| E|CS|TAMS 0x000000061ee00000, 0x000000061ee00000| Complete 
| 248|0x000000061f000000, 0x000000061f200000, 0x000000061f200000|100%| E|CS|TAMS 0x000000061f000000, 0x000000061f000000| Complete 
| 249|0x000000061f200000, 0x000000061f400000, 0x000000061f400000|100%| E|CS|TAMS 0x000000061f200000, 0x000000061f200000| Complete 
| 250|0x000000061f400000, 0x000000061f600000, 0x000000061f600000|100%| E|CS|TAMS 0x000000061f400000, 0x000000061f400000| Complete 
| 251|0x000000061f600000, 0x000000061f800000, 0x000000061f800000|100%| E|CS|TAMS 0x000000061f600000, 0x000000061f600000| Complete 
| 252|0x000000061f800000, 0x000000061fa00000, 0x000000061fa00000|100%| E|CS|TAMS 0x000000061f800000, 0x000000061f800000| Complete 
| 253|0x000000061fa00000, 0x000000061fc00000, 0x000000061fc00000|100%| E|CS|TAMS 0x000000061fa00000, 0x000000061fa00000| Complete 
| 254|0x000000061fc00000, 0x000000061fe00000, 0x000000061fe00000|100%| E|CS|TAMS 0x000000061fc00000, 0x000000061fc00000| Complete 
| 255|0x000000061fe00000, 0x0000000620000000, 0x0000000620000000|100%| E|CS|TAMS 0x000000061fe00000, 0x000000061fe00000| Complete 

Card table byte_map: [0x0000000105395000,0x0000000106395000] _byte_map_base: 0x0000000102395000

Marking Bits (Prev, Next): (CMBitMap*) 0x00007f9771037618, (CMBitMap*) 0x00007f9771037650
 Prev Bits: [0x000000011f694000, 0x0000000127694000)
 Next Bits: [0x0000000127694000, 0x000000012f694000)

Polling page: 0x00000001013c5000

Metaspace:

Usage:
  Non-class:     15.60 MB capacity,    15.34 MB ( 98%) used,   214.91 KB (  1%) free+waste,    50.94 KB ( <1%) overhead. 
      Class:      2.15 MB capacity,     1.96 MB ( 91%) used,   166.02 KB (  8%) free+waste,    25.69 KB (  1%) overhead. 
       Both:     17.75 MB capacity,    17.30 MB ( 97%) used,   380.92 KB (  2%) free+waste,    76.62 KB ( <1%) overhead. 

Virtual space:
  Non-class space:       16.00 MB reserved,      15.75 MB ( 98%) committed 
      Class space:        1.00 GB reserved,       2.25 MB ( <1%) committed 
             Both:        1.02 GB reserved,      18.00 MB (  2%) committed 

Chunk freelists:
   Non-Class:  30.00 KB
       Class:  10.00 KB
        Both:  40.00 KB

MaxMetaspaceSize: unlimited
CompressedClassSpaceSize: 1.00 GB

CodeHeap 'non-profiled nmethods': size=233880Kb used=2458Kb max_used=2458Kb free=231422Kb
 bounds [0x000000011022e000, 0x000000011049e000, 0x000000011e694000]
CodeHeap 'non-nmethods': size=11880Kb used=1111Kb max_used=1111Kb free=10768Kb
 bounds [0x000000010f694000, 0x000000010f904000, 0x000000011022e000]
 total_blobs=2119 nmethods=1673 adapters=357
 compilation: enabled
              stopped_count=0, restarted_count=0
 full_count=0

Compilation events (20 events):
Event: 0.589 Thread 0x00007f976200a000 nmethod 1634 0x0000000110488390 code [0x0000000110488580, 0x0000000110488948]
Event: 0.589 Thread 0x00007f976200a000 1636       1       java.util.stream.StreamOpFlag::combineOpFlags (9 bytes)
Event: 0.589 Thread 0x00007f976200a000 nmethod 1636 0x0000000110488b90 code [0x0000000110488d40, 0x0000000110488e70]
Event: 0.589 Thread 0x00007f976200a000 1637       1       java.util.stream.StreamOpFlag::getMask (30 bytes)
Event: 0.589 Thread 0x00007f976200a000 nmethod 1637 0x0000000110488f10 code [0x00000001104890c0, 0x00000001104891f0]
Event: 0.589 Thread 0x00007f976200a000 1638       1       java.util.stream.ReferencePipeline$StatelessOp::opIsStateful (2 bytes)
Event: 0.589 Thread 0x00007f976200a000 nmethod 1638 0x0000000110489290 code [0x0000000110489440, 0x0000000110489550]
Event: 0.589 Thread 0x00007f976200a000 1640       1       org.springframework.boot.context.properties.source.SpringConfigurationPropertySources$SourcesIterator::hasNext (13 bytes)
Event: 0.589 Thread 0x00007f976200a000 nmethod 1640 0x0000000110489590 code [0x0000000110489740, 0x0000000110489888]
Event: 0.590 Thread 0x00007f976200a000 1641       1       java.lang.Class::getGenericInfo (52 bytes)
Event: 0.590 Thread 0x00007f976200a000 nmethod 1641 0x0000000110489910 code [0x0000000110489b00, 0x000000011048a108]
Event: 0.590 Thread 0x00007f976200a000 1648       1       org.springframework.core.ResolvableType::as (86 bytes)
Event: 0.590 Thread 0x00007f976200a000 nmethod 1648 0x000000011048a310 code [0x000000011048a500, 0x000000011048a778]
Event: 0.590 Thread 0x00007f976200a000 1658       1       org.springframework.core.convert.support.GenericConversionService$Converters::add (79 bytes)
Event: 0.591 Thread 0x00007f976200a000 nmethod 1658 0x000000011048a910 code [0x000000011048ab40, 0x000000011048af38]
Event: 0.591 Thread 0x00007f976200a000 1660       1       org.springframework.core.ResolvableType::getGenerics (148 bytes)
Event: 0.591 Thread 0x00007f976200a000 nmethod 1660 0x000000011048b190 code [0x000000011048b400, 0x000000011048bf38]
Event: 0.591 Thread 0x00007f976200a000 1643       1       org.springframework.core.ResolvableType::calculateHashCode (80 bytes)
Event: 0.592 Thread 0x00007f976200a000 nmethod 1643 0x000000011048c390 code [0x000000011048c580, 0x000000011048c7d8]
Event: 0.592 Thread 0x00007f976200a000 1646       1       org.springframework.core.convert.converter.GenericConverter$ConvertiblePair::hashCode (19 bytes)

GC Heap History (2 events):
Event: 0.456 GC heap before
{Heap before GC invocations=0 (full 0):
 garbage-first heap   total 524288K, used 22528K [0x0000000600000000, 0x0000000800000000)
  region size 2048K, 12 young (24576K), 0 survivors (0K)
 Metaspace       used 14346K, capacity 14636K, committed 14976K, reserved 1062912K
  class space    used 1505K, capacity 1625K, committed 1664K, reserved 1048576K
}
Event: 0.461 GC heap after
{Heap after GC invocations=1 (full 0):
 garbage-first heap   total 524288K, used 6428K [0x0000000600000000, 0x0000000800000000)
  region size 2048K, 2 young (4096K), 2 survivors (4096K)
 Metaspace       used 14346K, capacity 14636K, committed 14976K, reserved 1062912K
  class space    used 1505K, capacity 1625K, committed 1664K, reserved 1048576K
}

Deoptimization events (0 events):
No events

Classes redefined (0 events):
No events

Internal exceptions (20 events):
Event: 0.472 Thread 0x00007f9760809800 Exception <a 'java/lang/NoSuchMethodError'{0x000000061fc3f0d0}: 'java.lang.Object java.lang.invoke.DirectMethodHandle$Holder.invokeStatic(java.lang.Object, java.lang.Object, java.lang.Object, java.lang.Object, java.lang.Object, java.lang.Object, java.lang.Object, java.lang.Object, java.lang.Object, java.lang.Object, java.lang.Object, java.lang.Object, java.lang.Object, java.lang.Object, java.lang.Object)'> (0x000000061fc3f0d0) thrown at [./src/hotspot/share/interpreter/linkResolver.cpp, line 773]
Event: 0.473 Thread 0x00007f9760809800 Exception <a 'java/lang/NoSuchMethodError'{0x000000061fc4cff0}: 'java.lang.Object java.lang.invoke.DirectMethodHandle$Holder.invokeStatic(java.lang.Object, java.lang.Object, java.lang.Object, java.lang.Object, java.lang.Object, java.lang.Object, java.lang.Object, java.lang.Object, java.lang.Object, java.lang.Object, java.lang.Object, java.lang.Object, java.lang.Object, java.lang.Object, java.lang.Object, java.lang.Object)'> (0x000000061fc4cff0) thrown at [./src/hotspot/share/interpreter/linkResolver.cpp, l
Event: 0.474 Thread 0x00007f9760809800 Exception <a 'java/lang/NoSuchMethodError'{0x000000061fc5af08}: 'java.lang.Object java.lang.invoke.DirectMethodHandle$Holder.invokeSpecial(java.lang.Object, java.lang.Object, int, int, java.lang.Object, java.lang.Object, java.lang.Object, java.lang.Object)'> (0x000000061fc5af08) thrown at [./src/hotspot/share/interpreter/linkResolver.cpp, line 773]
Event: 0.474 Thread 0x00007f9760809800 Exception <a 'java/lang/NoSuchMethodError'{0x000000061fc5e640}: 'java.lang.Object java.lang.invoke.DelegatingMethodHandle$Holder.reinvoke_L(java.lang.Object, int, int, java.lang.Object, java.lang.Object, java.lang.Object, java.lang.Object)'> (0x000000061fc5e640) thrown at [./src/hotspot/share/interpreter/linkResolver.cpp, line 773]
Event: 0.474 Thread 0x00007f9760809800 Exception <a 'java/lang/NoSuchMethodError'{0x000000061fc6cff8}: 'java.lang.Object java.lang.invoke.DirectMethodHandle$Holder.invokeStatic(java.lang.Object, java.lang.Object, java.lang.Object, java.lang.Object, java.lang.Object, java.lang.Object, int)'> (0x000000061fc6cff8) thrown at [./src/hotspot/share/interpreter/linkResolver.cpp, line 773]
Event: 0.479 Thread 0x00007f9760809800 Exception <a 'java/io/FileNotFoundException'{0x000000061fcf7f30}> (0x000000061fcf7f30) thrown at [./src/hotspot/share/prims/jni.cpp, line 615]
Event: 0.526 Thread 0x00007f9760809800 Exception <a 'java/lang/NoSuchMethodError'{0x000000061f6e1cc8}: 'int java.lang.invoke.DirectMethodHandle$Holder.invokeSpecial(java.lang.Object, java.lang.Object, java.lang.Object, java.lang.Object)'> (0x000000061f6e1cc8) thrown at [./src/hotspot/share/interpreter/linkResolver.cpp, line 773]
Event: 0.538 Thread 0x00007f9760809800 Exception <a 'java/lang/NoSuchMethodError'{0x000000061f4cf5e8}: 'java.lang.Object java.lang.invoke.DirectMethodHandle$Holder.invokeSpecial(java.lang.Object, java.lang.Object, java.lang.Object, java.lang.Object, java.lang.Object, java.lang.Object, int)'> (0x000000061f4cf5e8) thrown at [./src/hotspot/share/interpreter/linkResolver.cpp, line 773]
Event: 0.538 Thread 0x00007f9760809800 Exception <a 'java/lang/NoSuchMethodError'{0x000000061f4d8da0}: 'java.lang.Object java.lang.invoke.DirectMethodHandle$Holder.invokeSpecial(java.lang.Object, java.lang.Object, java.lang.Object, java.lang.Object, java.lang.Object, java.lang.Object, java.lang.Object, int)'> (0x000000061f4d8da0) thrown at [./src/hotspot/share/interpreter/linkResolver.cpp, line 773]
Event: 0.538 Thread 0x00007f9760809800 Exception <a 'java/lang/NoSuchMethodError'{0x000000061f4dc9a0}: 'java.lang.Object java.lang.invoke.Invokers$Holder.linkToTargetMethod(java.lang.Object, java.lang.Object, java.lang.Object, java.lang.Object, java.lang.Object, int, java.lang.Object)'> (0x000000061f4dc9a0) thrown at [./src/hotspot/share/interpreter/linkResolver.cpp, line 773]
Event: 0.542 Thread 0x00007f9760809800 Exception <a 'java/lang/NoSuchMethodError'{0x000000061f536920}: 'java.lang.Object java.lang.invoke.DirectMethodHandle$Holder.invokeStatic(java.lang.Object, java.lang.Object, int, java.lang.Object)'> (0x000000061f536920) thrown at [./src/hotspot/share/interpreter/linkResolver.cpp, line 773]
Event: 0.542 Thread 0x00007f9760809800 Exception <a 'java/lang/NoSuchMethodError'{0x000000061f53d3f8}: 'java.lang.Object java.lang.invoke.Invokers$Holder.linkToTargetMethod(java.lang.Object, int, java.lang.Object, java.lang.Object)'> (0x000000061f53d3f8) thrown at [./src/hotspot/share/interpreter/linkResolver.cpp, line 773]
Event: 0.542 Thread 0x00007f9760809800 Exception <a 'java/lang/NoSuchMethodError'{0x000000061f5428a0}: 'void java.lang.invoke.DirectMethodHandle$Holder.invokeSpecial(java.lang.Object, java.lang.Object, java.lang.Object, java.lang.Object, java.lang.Object, java.lang.Object)'> (0x000000061f5428a0) thrown at [./src/hotspot/share/interpreter/linkResolver.cpp, line 773]
Event: 0.543 Thread 0x00007f9760809800 Exception <a 'java/lang/NoSuchMethodError'{0x000000061f559480}: 'java.lang.Object java.lang.invoke.Invokers$Holder.linkToTargetMethod(java.lang.Object, java.lang.Object, java.lang.Object, java.lang.Object, java.lang.Object, java.lang.Object)'> (0x000000061f559480) thrown at [./src/hotspot/share/interpreter/linkResolver.cpp, line 773]
Event: 0.544 Thread 0x00007f9760809800 Exception <a 'java/lang/NoSuchMethodError'{0x000000061f578f38}: 'int java.lang.invoke.DirectMethodHandle$Holder.invokeVirtual(java.lang.Object, java.lang.Object)'> (0x000000061f578f38) thrown at [./src/hotspot/share/interpreter/linkResolver.cpp, line 773]
Event: 0.549 Thread 0x00007f9760809800 Exception <a 'java/lang/NoSuchMethodError'{0x000000061f2129a8}: 'void java.lang.invoke.DirectMethodHandle$Holder.invokeStatic(java.lang.Object, java.lang.Object, java.lang.Object, java.lang.Object)'> (0x000000061f2129a8) thrown at [./src/hotspot/share/interpreter/linkResolver.cpp, line 773]
Event: 0.561 Thread 0x00007f9760809800 Exception <a 'java/lang/NoSuchMethodError'{0x000000061f059670}: 'int java.lang.invoke.DirectMethodHandle$Holder.invokeSpecialIFC(java.lang.Object, java.lang.Object, int)'> (0x000000061f059670) thrown at [./src/hotspot/share/interpreter/linkResolver.cpp, line 773]
Event: 0.565 Thread 0x00007f9760809800 Exception <a 'java/lang/NoSuchMethodError'{0x000000061f0da7a0}: 'void java.lang.invoke.DirectMethodHandle$Holder.invokeStatic(java.lang.Object, java.lang.Object, int)'> (0x000000061f0da7a0) thrown at [./src/hotspot/share/interpreter/linkResolver.cpp, line 773]
Event: 0.565 Thread 0x00007f9760809800 Exception <a 'java/lang/NoSuchMethodError'{0x000000061f0e1db8}: 'void java.lang.invoke.DirectMethodHandle$Holder.invokeStaticInit(java.lang.Object, java.lang.Object)'> (0x000000061f0e1db8) thrown at [./src/hotspot/share/interpreter/linkResolver.cpp, line 773]
Event: 0.588 Thread 0x00007f9760809800 Exception <a 'java/lang/NoSuchMethodError'{0x000000061ec1bf10}: 'void java.lang.invoke.DirectMethodHandle$Holder.invokeSpecial(java.lang.Object, java.lang.Object, java.lang.Object, java.lang.Object, java.lang.Object)'> (0x000000061ec1bf10) thrown at [./src/hotspot/share/interpreter/linkResolver.cpp, line 773]

Events (20 events):
Event: 0.590 loading class org/springframework/boot/context/properties/bind/DataObjectPropertyBinder
Event: 0.590 loading class org/springframework/boot/context/properties/bind/DataObjectPropertyBinder done
Event: 0.590 loading class org/springframework/boot/context/properties/source/ConfigurationPropertyName
Event: 0.590 loading class org/springframework/boot/context/properties/source/ConfigurationPropertyName done
Event: 0.590 loading class org/springframework/boot/context/properties/bind/Binder
Event: 0.590 loading class org/springframework/boot/context/properties/bind/Binder done
Event: 0.590 loading class org/springframework/boot/context/properties/bind/ValueObjectBinder$ValueObject
Event: 0.590 loading class org/springframework/boot/context/properties/bind/ValueObjectBinder$ValueObject done
Event: 0.590 loading class org/springframework/boot/autoconfigure/BackgroundPreinitializer$ValidationInitializer
Event: 0.590 loading class org/springframework/boot/autoconfigure/BackgroundPreinitializer$ValidationInitializer done
Event: 0.590 Executing VM operation: RevokeBias
Event: 0.590 Executing VM operation: RevokeBias done
Event: 0.591 loading class javax/validation/Validation
Event: 0.591 loading class javax/validation/Validation done
Event: 0.591 loading class org/springframework/boot/context/properties/bind/JavaBeanBinder$Bean
Event: 0.591 loading class org/springframework/boot/context/properties/bind/JavaBeanBinder$Bean done
Event: 0.591 loading class org/springframework/boot/EnvironmentConverter
Event: 0.591 loading class org/springframework/boot/EnvironmentConverter done
Event: 0.591 Executing VM operation: RevokeBias
Event: 0.591 Executing VM operation: RevokeBias done


Dynamic libraries:
0x00007fff2f427000 	/System/Library/Frameworks/Cocoa.framework/Versions/A/Cocoa
0x00007fff3cc04000 	/System/Library/Frameworks/Security.framework/Versions/A/Security
0x00007fff2e391000 	/System/Library/Frameworks/ApplicationServices.framework/Versions/A/ApplicationServices
0x00007fff69615000 	/usr/lib/libz.1.dylib
0x000000010134c000 	/Library/Java/JavaVirtualMachines/amazon-corretto-11.jdk/Contents/Home/lib/jli/libjli.dylib
0x00007fff670d9000 	/usr/lib/libSystem.B.dylib
0x00007fff2d582000 	/System/Library/Frameworks/AppKit.framework/Versions/C/AppKit
0x00007fff2fdab000 	/System/Library/Frameworks/CoreData.framework/Versions/A/CoreData
0x00007fff32978000 	/System/Library/Frameworks/Foundation.framework/Versions/C/Foundation
0x00007fff610fa000 	/System/Library/PrivateFrameworks/UIFoundation.framework/Versions/A/UIFoundation
0x00007fff5c1a8000 	/System/Library/PrivateFrameworks/RemoteViewServices.framework/Versions/A/RemoteViewServices
0x00007fff63c4e000 	/System/Library/PrivateFrameworks/XCTTargetBootstrap.framework/Versions/A/XCTTargetBootstrap
0x00007fff30196000 	/System/Library/Frameworks/CoreDisplay.framework/Versions/A/CoreDisplay
0x00007fff35831000 	/System/Library/Frameworks/Metal.framework/Versions/A/Metal
0x00007fff4a217000 	/System/Library/PrivateFrameworks/DesktopServicesPriv.framework/Versions/A/DesktopServicesPriv
0x00007fff68216000 	/usr/lib/liblangid.dylib
0x00007fff494b0000 	/System/Library/PrivateFrameworks/CoreSVG.framework/Versions/A/CoreSVG
0x00007fff5f2fe000 	/System/Library/PrivateFrameworks/SkyLight.framework/Versions/A/SkyLight
0x00007fff30743000 	/System/Library/Frameworks/CoreGraphics.framework/Versions/A/CoreGraphics
0x00007fff2bf56000 	/System/Library/Frameworks/Accelerate.framework/Versions/A/Accelerate
0x00007fff69506000 	/usr/lib/libxml2.2.dylib
0x00007fff5515a000 	/System/Library/PrivateFrameworks/IconServices.framework/Versions/A/IconServices
0x00007fff33157000 	/System/Library/Frameworks/IOSurface.framework/Versions/A/IOSurface
0x00007fff66c03000 	/usr/lib/libDiagnosticMessagesClient.dylib
0x00007fff4a071000 	/System/Library/PrivateFrameworks/DFRFoundation.framework/Versions/A/DFRFoundation
0x00007fff67fa5000 	/usr/lib/libicucore.A.dylib
0x00007fff2e6c3000 	/System/Library/Frameworks/AudioToolbox.framework/Versions/A/AudioToolbox
0x00007fff2e7a6000 	/System/Library/Frameworks/AudioUnit.framework/Versions/A/AudioUnit
0x00007fff672db000 	/usr/lib/libauto.dylib
0x00007fff4a113000 	/System/Library/PrivateFrameworks/DataDetectorsCore.framework/Versions/A/DataDetectorsCore
0x00007fff2ef48000 	/System/Library/Frameworks/Carbon.framework/Versions/A/Frameworks/HIToolbox.framework/Versions/A/HIToolbox
0x00007fff3be01000 	/System/Library/Frameworks/QuartzCore.framework/Versions/A/QuartzCore
0x00007fff2f287000 	/System/Library/Frameworks/Carbon.framework/Versions/A/Frameworks/SpeechRecognition.framework/Versions/A/SpeechRecognition
0x00007fff49b88000 	/System/Library/PrivateFrameworks/CoreUI.framework/Versions/A/CoreUI
0x00007fff2f816000 	/System/Library/Frameworks/CoreAudio.framework/Versions/A/CoreAudio
0x00007fff3263d000 	/System/Library/Frameworks/DiskArbitration.framework/Versions/A/DiskArbitration
0x00007fff571a7000 	/System/Library/PrivateFrameworks/MultitouchSupport.framework/Versions/A/MultitouchSupport
0x00007fff67e6c000 	/usr/lib/libenergytrace.dylib
0x00007fff330b1000 	/System/Library/Frameworks/IOKit.framework/Versions/A/IOKit
0x00007fff316aa000 	/System/Library/Frameworks/CoreServices.framework/Versions/A/CoreServices
0x00007fff5933e000 	/System/Library/PrivateFrameworks/PerformanceAnalysis.framework/Versions/A/PerformanceAnalysis
0x00007fff3ae34000 	/System/Library/Frameworks/OpenGL.framework/Versions/A/OpenGL
0x00007fff68f39000 	/usr/lib/libobjc.A.dylib
0x00007fff2f435000 	/System/Library/Frameworks/ColorSync.framework/Versions/A/ColorSync
0x00007fff302c2000 	/System/Library/Frameworks/CoreFoundation.framework/Versions/A/CoreFoundation
0x00007fff30dc5000 	/System/Library/Frameworks/CoreImage.framework/Versions/A/CoreImage
0x00007fff3211c000 	/System/Library/Frameworks/CoreText.framework/Versions/A/CoreText
0x00007fff331e7000 	/System/Library/Frameworks/ImageIO.framework/Versions/A/ImageIO
0x00007fff673bf000 	/usr/lib/libc++.1.dylib
0x00007fff6743b000 	/usr/lib/libcompression.dylib
0x00007fff66f47000 	/usr/lib/libMobileGestalt.dylib
0x00007fff60e73000 	/System/Library/PrivateFrameworks/TextureIO.framework/Versions/A/TextureIO
0x00007fff6723e000 	/usr/lib/libate.dylib
0x00007fff55363000 	/System/Library/PrivateFrameworks/InternationalSupport.framework/Versions/A/InternationalSupport
0x00007fff69ed5000 	/usr/lib/system/libcache.dylib
0x00007fff69edb000 	/usr/lib/system/libcommonCrypto.dylib
0x00007fff69ee7000 	/usr/lib/system/libcompiler_rt.dylib
0x00007fff69eef000 	/usr/lib/system/libcopyfile.dylib
0x00007fff69ef9000 	/usr/lib/system/libcorecrypto.dylib
0x00007fff6a098000 	/usr/lib/system/libdispatch.dylib
0x00007fff6a0d9000 	/usr/lib/system/libdyld.dylib
0x00007fff6a110000 	/usr/lib/system/libkeymgr.dylib
0x00007fff6a11e000 	/usr/lib/system/liblaunch.dylib
0x00007fff6a11f000 	/usr/lib/system/libmacho.dylib
0x00007fff6a125000 	/usr/lib/system/libquarantine.dylib
0x00007fff6a128000 	/usr/lib/system/libremovefile.dylib
0x00007fff6a12a000 	/usr/lib/system/libsystem_asl.dylib
0x00007fff6a142000 	/usr/lib/system/libsystem_blocks.dylib
0x00007fff6a143000 	/usr/lib/system/libsystem_c.dylib
0x00007fff6a1cb000 	/usr/lib/system/libsystem_configuration.dylib
0x00007fff6a1cf000 	/usr/lib/system/libsystem_coreservices.dylib
0x00007fff6a1d3000 	/usr/lib/system/libsystem_darwin.dylib
0x00007fff6a1dc000 	/usr/lib/system/libsystem_dnssd.dylib
0x00007fff6a1e4000 	/usr/lib/system/libsystem_featureflags.dylib
0x00007fff6a1e6000 	/usr/lib/system/libsystem_info.dylib
0x00007fff6a261000 	/usr/lib/system/libsystem_m.dylib
0x00007fff6a2a9000 	/usr/lib/system/libsystem_malloc.dylib
0x00007fff6a2d1000 	/usr/lib/system/libsystem_networkextension.dylib
0x00007fff6a2df000 	/usr/lib/system/libsystem_notify.dylib
0x00007fff6a2fd000 	/usr/lib/system/libsystem_sandbox.dylib
0x00007fff6a302000 	/usr/lib/system/libsystem_secinit.dylib
0x00007fff6a234000 	/usr/lib/system/libsystem_kernel.dylib
0x00007fff6a2e9000 	/usr/lib/system/libsystem_platform.dylib
0x00007fff6a2f2000 	/usr/lib/system/libsystem_pthread.dylib
0x00007fff6a305000 	/usr/lib/system/libsystem_symptoms.dylib
0x00007fff6a30d000 	/usr/lib/system/libsystem_trace.dylib
0x00007fff6a325000 	/usr/lib/system/libunwind.dylib
0x00007fff6a32b000 	/usr/lib/system/libxpc.dylib
0x00007fff67412000 	/usr/lib/libc++abi.dylib
0x00007fff68218000 	/usr/lib/liblzma.5.dylib
0x00007fff67e93000 	/usr/lib/libfakelink.dylib
0x00007fff671cb000 	/usr/lib/libarchive.2.dylib
0x00007fff3dcb4000 	/System/Library/Frameworks/SystemConfiguration.framework/Versions/A/SystemConfiguration
0x00007fff66b36000 	/usr/lib/libCRFSuite.dylib
0x00007fff2eb39000 	/System/Library/Frameworks/CFNetwork.framework/Versions/A/CFNetwork
0x00007fff673a1000 	/usr/lib/libbsm.0.dylib
0x00007fff6a111000 	/usr/lib/system/libkxld.dylib
0x00007fff43a46000 	/System/Library/PrivateFrameworks/AppleFSCompression.framework/Versions/A/AppleFSCompression
0x00007fff6772c000 	/usr/lib/libcoretls.dylib
0x00007fff67743000 	/usr/lib/libcoretls_cfhelpers.dylib
0x00007fff68f7f000 	/usr/lib/libpam.2.dylib
0x00007fff690b4000 	/usr/lib/libsqlite3.dylib
0x00007fff694f3000 	/usr/lib/libxar.1.dylib
0x00007fff673b2000 	/usr/lib/libbz2.1.0.dylib
0x00007fff67eb4000 	/usr/lib/libiconv.2.dylib
0x00007fff67428000 	/usr/lib/libcharset.1.dylib
0x00007fff68a1e000 	/usr/lib/libnetwork.dylib
0x00007fff68f86000 	/usr/lib/libpcap.A.dylib
0x00007fff67180000 	/usr/lib/libapple_nghttp2.dylib
0x00007fff31a61000 	/System/Library/Frameworks/CoreServices.framework/Versions/A/Frameworks/FSEvents.framework/Versions/A/FSEvents
0x00007fff31731000 	/System/Library/Frameworks/CoreServices.framework/Versions/A/Frameworks/CarbonCore.framework/Versions/A/CarbonCore
0x00007fff31ca4000 	/System/Library/Frameworks/CoreServices.framework/Versions/A/Frameworks/Metadata.framework/Versions/A/Metadata
0x00007fff31d3d000 	/System/Library/Frameworks/CoreServices.framework/Versions/A/Frameworks/OSServices.framework/Versions/A/OSServices
0x00007fff31d6b000 	/System/Library/Frameworks/CoreServices.framework/Versions/A/Frameworks/SearchKit.framework/Versions/A/SearchKit
0x00007fff316ab000 	/System/Library/Frameworks/CoreServices.framework/Versions/A/Frameworks/AE.framework/Versions/A/AE
0x00007fff31a6a000 	/System/Library/Frameworks/CoreServices.framework/Versions/A/Frameworks/LaunchServices.framework/Versions/A/LaunchServices
0x00007fff31a13000 	/System/Library/Frameworks/CoreServices.framework/Versions/A/Frameworks/DictionaryServices.framework/Versions/A/DictionaryServices
0x00007fff31dd3000 	/System/Library/Frameworks/CoreServices.framework/Versions/A/Frameworks/SharedFileList.framework/Versions/A/SharedFileList
0x00007fff36c54000 	/System/Library/Frameworks/NetFS.framework/Versions/A/NetFS
0x00007fff576d6000 	/System/Library/PrivateFrameworks/NetAuth.framework/Versions/A/NetAuth
0x00007fff6401b000 	/System/Library/PrivateFrameworks/login.framework/Versions/A/Frameworks/loginsupport.framework/Versions/A/loginsupport
0x00007fff60940000 	/System/Library/PrivateFrameworks/TCC.framework/Versions/A/TCC
0x00007fff48623000 	/System/Library/PrivateFrameworks/CoreNLP.framework/Versions/A/CoreNLP
0x00007fff56bd5000 	/System/Library/PrivateFrameworks/MetadataUtilities.framework/Versions/A/MetadataUtilities
0x00007fff682f0000 	/usr/lib/libmecabra.dylib
0x00007fff68248000 	/usr/lib/libmecab.dylib
0x00007fff67ea4000 	/usr/lib/libgermantok.dylib
0x00007fff67167000 	/usr/lib/libThaiTokenizer.dylib
0x00007fff66b6d000 	/usr/lib/libChineseTokenizer.dylib
0x00007fff2bf6e000 	/System/Library/Frameworks/Accelerate.framework/Versions/A/Frameworks/vImage.framework/Versions/A/vImage
0x00007fff2d3d8000 	/System/Library/Frameworks/Accelerate.framework/Versions/A/Frameworks/vecLib.framework/Versions/A/vecLib
0x00007fff2d315000 	/System/Library/Frameworks/Accelerate.framework/Versions/A/Frameworks/vecLib.framework/Versions/A/libvMisc.dylib
0x00007fff2d13d000 	/System/Library/Frameworks/Accelerate.framework/Versions/A/Frameworks/vecLib.framework/Versions/A/libvDSP.dylib
0x00007fff2c5c5000 	/System/Library/Frameworks/Accelerate.framework/Versions/A/Frameworks/vecLib.framework/Versions/A/libBLAS.dylib
0x00007fff2cd01000 	/System/Library/Frameworks/Accelerate.framework/Versions/A/Frameworks/vecLib.framework/Versions/A/libLAPACK.dylib
0x00007fff2d09d000 	/System/Library/Frameworks/Accelerate.framework/Versions/A/Frameworks/vecLib.framework/Versions/A/libLinearAlgebra.dylib
0x00007fff2d12a000 	/System/Library/Frameworks/Accelerate.framework/Versions/A/Frameworks/vecLib.framework/Versions/A/libSparseBLAS.dylib
0x00007fff2d0b3000 	/System/Library/Frameworks/Accelerate.framework/Versions/A/Frameworks/vecLib.framework/Versions/A/libQuadrature.dylib
0x00007fff2c82d000 	/System/Library/Frameworks/Accelerate.framework/Versions/A/Frameworks/vecLib.framework/Versions/A/libBNNS.dylib
0x00007fff2d0b9000 	/System/Library/Frameworks/Accelerate.framework/Versions/A/Frameworks/vecLib.framework/Versions/A/libSparse.dylib
0x00007fff5574b000 	/System/Library/PrivateFrameworks/LanguageModeling.framework/Versions/A/LanguageModeling
0x00007fff47fd3000 	/System/Library/PrivateFrameworks/CoreEmoji.framework/Versions/A/CoreEmoji
0x00007fff55869000 	/System/Library/PrivateFrameworks/LinguisticData.framework/Versions/A/LinguisticData
0x00007fff5581a000 	/System/Library/PrivateFrameworks/Lexicon.framework/Versions/A/Lexicon
0x00007fff67429000 	/usr/lib/libcmph.dylib
0x00007fff39842000 	/System/Library/Frameworks/OpenDirectory.framework/Versions/A/Frameworks/CFOpenDirectory.framework/Versions/A/CFOpenDirectory
0x00007fff3985f000 	/System/Library/Frameworks/OpenDirectory.framework/Versions/A/OpenDirectory
0x00007fff41c7f000 	/System/Library/PrivateFrameworks/APFS.framework/Versions/A/APFS
0x00007fff3cf4e000 	/System/Library/Frameworks/SecurityFoundation.framework/Versions/A/SecurityFoundation
0x00007fff694ef000 	/usr/lib/libutil.dylib
0x00007fff49508000 	/System/Library/PrivateFrameworks/CoreServicesStore.framework/Versions/A/CoreServicesStore
0x00007fff3d005000 	/System/Library/Frameworks/ServiceManagement.framework/Versions/A/ServiceManagement
0x00007fff45214000 	/System/Library/PrivateFrameworks/BackgroundTaskManagement.framework/Versions/A/BackgroundTaskManagement
0x00007fff695ec000 	/usr/lib/libxslt.1.dylib
0x00007fff440b8000 	/System/Library/PrivateFrameworks/AppleSystemInfo.framework/Versions/A/AppleSystemInfo
0x00007fff33402000 	/System/Library/Frameworks/ImageIO.framework/Versions/A/Resources/libJPEG.dylib
0x00007fff336be000 	/System/Library/Frameworks/ImageIO.framework/Versions/A/Resources/libTIFF.dylib
0x00007fff336a1000 	/System/Library/Frameworks/ImageIO.framework/Versions/A/Resources/libPng.dylib
0x00007fff33344000 	/System/Library/Frameworks/ImageIO.framework/Versions/A/Resources/libGIF.dylib
0x00007fff33348000 	/System/Library/Frameworks/ImageIO.framework/Versions/A/Resources/libJP2.dylib
0x00007fff336bc000 	/System/Library/Frameworks/ImageIO.framework/Versions/A/Resources/libRadiance.dylib
0x00007fff67e6d000 	/usr/lib/libexpat.1.dylib
0x00007fff43ba1000 	/System/Library/PrivateFrameworks/AppleJPEG.framework/Versions/A/AppleJPEG
0x00007fff4c7cd000 	/System/Library/PrivateFrameworks/FontServices.framework/libFontParser.dylib
0x00007fff63021000 	/System/Library/PrivateFrameworks/WatchdogClient.framework/Versions/A/WatchdogClient
0x00007fff54da7000 	/System/Library/PrivateFrameworks/IOAccelerator.framework/Versions/A/IOAccelerator
0x00007fff35bcc000 	/System/Library/Frameworks/MetalPerformanceShaders.framework/Versions/A/MetalPerformanceShaders
0x00007fff51540000 	/System/Library/PrivateFrameworks/GPUWrangler.framework/Versions/A/GPUWrangler
0x00007fff54dbc000 	/System/Library/PrivateFrameworks/IOPresentment.framework/Versions/A/IOPresentment
0x00007fff4a084000 	/System/Library/PrivateFrameworks/DSExternalDisplay.framework/Versions/A/DSExternalDisplay
0x00007fff3a1d3000 	/System/Library/Frameworks/OpenGL.framework/Versions/A/Libraries/libCoreFSCache.dylib
0x00007fff35918000 	/System/Library/Frameworks/MetalPerformanceShaders.framework/Frameworks/MPSCore.framework/Versions/A/MPSCore
0x00007fff35956000 	/System/Library/Frameworks/MetalPerformanceShaders.framework/Frameworks/MPSImage.framework/Versions/A/MPSImage
0x00007fff35a1d000 	/System/Library/Frameworks/MetalPerformanceShaders.framework/Frameworks/MPSNeuralNetwork.framework/Versions/A/MPSNeuralNetwork
0x00007fff359e1000 	/System/Library/Frameworks/MetalPerformanceShaders.framework/Frameworks/MPSMatrix.framework/Versions/A/MPSMatrix
0x00007fff35b7c000 	/System/Library/Frameworks/MetalPerformanceShaders.framework/Frameworks/MPSRayIntersector.framework/Versions/A/MPSRayIntersector
0x00007fff35a07000 	/System/Library/Frameworks/MetalPerformanceShaders.framework/Frameworks/MPSNDArray.framework/Versions/A/MPSNDArray
0x00007fff56c22000 	/System/Library/PrivateFrameworks/MetalTools.framework/Versions/A/MetalTools
0x00007fff42e51000 	/System/Library/PrivateFrameworks/AggregateDictionary.framework/Versions/A/AggregateDictionary
0x00007fff47a2d000 	/System/Library/PrivateFrameworks/CoreAnalytics.framework/Versions/A/CoreAnalytics
0x00007fff43fd7000 	/System/Library/PrivateFrameworks/AppleSauce.framework/Versions/A/AppleSauce
0x00007fff66e29000 	/usr/lib/libIOReport.dylib
0x00007fff322d4000 	/System/Library/Frameworks/CoreVideo.framework/Versions/A/CoreVideo
0x00007fff529ba000 	/System/Library/PrivateFrameworks/GraphVisualizer.framework/Versions/A/GraphVisualizer
0x00007fff4bd21000 	/System/Library/PrivateFrameworks/FaceCore.framework/Versions/A/FaceCore
0x00007fff397e9000 	/System/Library/Frameworks/OpenCL.framework/Versions/A/OpenCL
0x00007fff66c4b000 	/usr/lib/libFosl_dynamic.dylib
0x00007fff580eb000 	/System/Library/PrivateFrameworks/OTSVG.framework/Versions/A/OTSVG
0x00007fff2e496000 	/System/Library/Frameworks/ApplicationServices.framework/Versions/A/Frameworks/ATS.framework/Versions/A/Resources/libFontRegistry.dylib
0x00007fff4c99e000 	/System/Library/PrivateFrameworks/FontServices.framework/libhvf.dylib
0x00007fff3a1de000 	/System/Library/Frameworks/OpenGL.framework/Versions/A/Libraries/libGFXShared.dylib
0x00007fff3a3bc000 	/System/Library/Frameworks/OpenGL.framework/Versions/A/Libraries/libGLU.dylib
0x00007fff3a1e7000 	/System/Library/Frameworks/OpenGL.framework/Versions/A/Libraries/libGL.dylib
0x00007fff3a1f2000 	/System/Library/Frameworks/OpenGL.framework/Versions/A/Libraries/libGLImage.dylib
0x00007fff3a1d0000 	/System/Library/Frameworks/OpenGL.framework/Versions/A/Libraries/libCVMSPluginSupport.dylib
0x00007fff3a1d9000 	/System/Library/Frameworks/OpenGL.framework/Versions/A/Libraries/libCoreVMClient.dylib
0x00007fff688bf000 	/usr/lib/libncurses.5.4.dylib
0x00007fff2e392000 	/System/Library/Frameworks/ApplicationServices.framework/Versions/A/Frameworks/ATS.framework/Versions/A/ATS
0x00007fff2e55f000 	/System/Library/Frameworks/ApplicationServices.framework/Versions/A/Frameworks/ColorSyncLegacy.framework/Versions/A/ColorSyncLegacy
0x00007fff2e5fd000 	/System/Library/Frameworks/ApplicationServices.framework/Versions/A/Frameworks/HIServices.framework/Versions/A/HIServices
0x00007fff2e655000 	/System/Library/Frameworks/ApplicationServices.framework/Versions/A/Frameworks/LangAnalysis.framework/Versions/A/LangAnalysis
0x00007fff2e664000 	/System/Library/Frameworks/ApplicationServices.framework/Versions/A/Frameworks/PrintCore.framework/Versions/A/PrintCore
0x00007fff2e6aa000 	/System/Library/Frameworks/ApplicationServices.framework/Versions/A/Frameworks/QD.framework/Versions/A/QD
0x00007fff2e6b5000 	/System/Library/Frameworks/ApplicationServices.framework/Versions/A/Frameworks/SpeechSynthesis.framework/Versions/A/SpeechSynthesis
0x00007fff2e52f000 	/System/Library/Frameworks/ApplicationServices.framework/Versions/A/Frameworks/ATSUI.framework/Versions/A/ATSUI
0x00007fff67d01000 	/usr/lib/libcups.2.dylib
0x00007fff34c69000 	/System/Library/Frameworks/Kerberos.framework/Versions/A/Kerberos
0x00007fff32daa000 	/System/Library/Frameworks/GSS.framework/Versions/A/GSS
0x00007fff69040000 	/usr/lib/libresolv.9.dylib
0x00007fff52b68000 	/System/Library/PrivateFrameworks/Heimdal.framework/Versions/A/Heimdal
0x00007fff34c7c000 	/System/Library/Frameworks/Kerberos.framework/Versions/A/Libraries/libHeimdalProxy.dylib
0x00007fff67eaa000 	/usr/lib/libheimdal-asn1.dylib
0x00007fff46ec6000 	/System/Library/PrivateFrameworks/CommonAuth.framework/Versions/A/CommonAuth
0x00007fff44155000 	/System/Library/PrivateFrameworks/AssertionServices.framework/Versions/A/AssertionServices
0x00007fff44cf7000 	/System/Library/PrivateFrameworks/AudioToolboxCore.framework/Versions/A/AudioToolboxCore
0x00007fff63ccb000 	/System/Library/PrivateFrameworks/caulk.framework/Versions/A/caulk
0x00007fff452c0000 	/System/Library/PrivateFrameworks/BaseBoard.framework/Versions/A/BaseBoard
0x00007fff5c336000 	/System/Library/PrivateFrameworks/RunningBoardServices.framework/Versions/A/RunningBoardServices
0x00007fff5934a000 	/System/Library/PrivateFrameworks/PersistentConnection.framework/Versions/A/PersistentConnection
0x00007fff5bd30000 	/System/Library/PrivateFrameworks/ProtocolBuffer.framework/Versions/A/ProtocolBuffer
0x00007fff46eea000 	/System/Library/PrivateFrameworks/CommonUtilities.framework/Versions/A/CommonUtilities
0x00007fff4544e000 	/System/Library/PrivateFrameworks/Bom.framework/Versions/A/Bom
0x00007fff66afc000 	/usr/lib/libAudioToolboxUtility.dylib
0x00007fff4521e000 	/System/Library/PrivateFrameworks/Backup.framework/Versions/A/Backup
0x00007fff49fa5000 	/System/Library/PrivateFrameworks/CrashReporterSupport.framework/Versions/A/CrashReporterSupport
0x00007fff5ddc4000 	/System/Library/PrivateFrameworks/Sharing.framework/Versions/A/Sharing
0x00007fff43764000 	/System/Library/PrivateFrameworks/Apple80211.framework/Versions/A/Apple80211
0x00007fff44f3b000 	/System/Library/PrivateFrameworks/AuthKit.framework/Versions/A/AuthKit
0x00007fff49cb5000 	/System/Library/PrivateFrameworks/CoreUtils.framework/Versions/A/CoreUtils
0x00007fff32319000 	/System/Library/Frameworks/CoreWLAN.framework/Versions/A/CoreWLAN
0x00007fff32f37000 	/System/Library/Frameworks/IOBluetooth.framework/Versions/A/IOBluetooth
0x00007fff56f26000 	/System/Library/PrivateFrameworks/MobileKeyBag.framework/Versions/A/MobileKeyBag
0x00007fff48abb000 	/System/Library/PrivateFrameworks/CorePhoneNumbers.framework/Versions/A/CorePhoneNumbers
0x00007fff43b54000 	/System/Library/PrivateFrameworks/AppleIDAuthSupport.framework/Versions/A/AppleIDAuthSupport
0x00007fff36c61000 	/System/Library/Frameworks/Network.framework/Versions/A/Network
0x00007fff555f7000 	/System/Library/PrivateFrameworks/KeychainCircle.framework/Versions/A/KeychainCircle
0x00007fff2fd72000 	/System/Library/Frameworks/CoreBluetooth.framework/Versions/A/CoreBluetooth
0x00007fff5fe41000 	/System/Library/PrivateFrameworks/SpeechRecognitionCore.framework/Versions/A/SpeechRecognitionCore
0x0000000103400000 	/Library/Java/JavaVirtualMachines/amazon-corretto-11.jdk/Contents/Home/lib/server/libjvm.dylib
0x0000000101388000 	/Library/Java/JavaVirtualMachines/amazon-corretto-11.jdk/Contents/Home/lib/libverify.dylib
0x0000000101399000 	/Library/Java/JavaVirtualMachines/amazon-corretto-11.jdk/Contents/Home/lib/libjava.dylib
0x00000001013c7000 	/Library/Java/JavaVirtualMachines/amazon-corretto-11.jdk/Contents/Home/lib/libinstrument.dylib
0x00000001013e0000 	/Library/Java/JavaVirtualMachines/amazon-corretto-11.jdk/Contents/Home/lib/libzip.dylib
0x00000001013ed000 	/Library/Java/JavaVirtualMachines/amazon-corretto-11.jdk/Contents/Home/lib/libjimage.dylib
0x0000000106d29000 	/Library/Java/JavaVirtualMachines/amazon-corretto-11.jdk/Contents/Home/lib/libnio.dylib
0x0000000106d3c000 	/Library/Java/JavaVirtualMachines/amazon-corretto-11.jdk/Contents/Home/lib/libnet.dylib
0x0000000106d56000 	/Library/Java/JavaVirtualMachines/amazon-corretto-11.jdk/Contents/Home/lib/libextnet.dylib
0x0000000106d5e000 	/Library/Java/JavaVirtualMachines/amazon-corretto-11.jdk/Contents/Home/lib/libmanagement.dylib
0x0000000106d68000 	/Library/Java/JavaVirtualMachines/amazon-corretto-11.jdk/Contents/Home/lib/libmanagement_ext.dylib


VM Arguments:
jvm_args: -XX:TieredStopAtLevel=1 -Xverify:none -Dspring.output.ansi.enabled=always -Dcom.sun.management.jmxremote -Dspring.jmx.enabled=true -Dspring.liveBeansView.mbeanDomain -Dspring.application.admin.enabled=true -javaagent:/Applications/IntelliJ IDEA.app/Contents/lib/idea_rt.jar=56716:/Applications/IntelliJ IDEA.app/Contents/bin -Dfile.encoding=UTF-8 
java_command: com.udemy.bharath.ticketservice.TicketserviceApplication
java_class_path (initial): /Users/ayunas/spring/spring-cloud/ticketservice/target/classes:/Users/ayunas/.m2/repository/org/springframework/boot/spring-boot-starter-data-jpa/2.3.5.RELEASE/spring-boot-starter-data-jpa-2.3.5.RELEASE.jar:/Users/ayunas/.m2/repository/org/springframework/boot/spring-boot-starter-aop/2.3.5.RELEASE/spring-boot-starter-aop-2.3.5.RELEASE.jar:/Users/ayunas/.m2/repository/org/springframework/spring-aop/5.2.10.RELEASE/spring-aop-5.2.10.RELEASE.jar:/Users/ayunas/.m2/repository/org/aspectj/aspectjweaver/1.9.6/aspectjweaver-1.9.6.jar:/Users/ayunas/.m2/repository/org/springframework/boot/spring-boot-starter-jdbc/2.3.5.RELEASE/spring-boot-starter-jdbc-2.3.5.RELEASE.jar:/Users/ayunas/.m2/repository/com/zaxxer/HikariCP/3.4.5/HikariCP-3.4.5.jar:/Users/ayunas/.m2/repository/org/springframework/spring-jdbc/5.2.10.RELEASE/spring-jdbc-5.2.10.RELEASE.jar:/Users/ayunas/.m2/repository/jakarta/transaction/jakarta.transaction-api/1.3.3/jakarta.transaction-api-1.3.3.jar:/Users/ayunas/.m2/repository/jakarta/persistence/jakarta.persistence-api/2.2.3/jakarta.persistence-api-2.2.3.jar:/Users/ayunas/.m2/repository/org/hibernate/hibernate-core/5.4.22.Final/hibernate-core-5.4.22.Final.jar:/Users/ayunas/.m2/repository/org/jboss/logging/jboss-logging/3.4.1.Final/jboss-logging-3.4.1.Final.jar:/Users/ayunas/.m2/repository/org/javassist/javassist/3.24.0-GA/javassist-3.24.0-GA.jar:/Users/ayunas/.m2/repository/net/bytebuddy/byte-buddy/1.10.17/byte-buddy-1.10.17.jar:/Users/ayunas/.m2/repository/antlr/antlr/2.7.7/antlr-2.7.7.jar:/Users/ayunas/.m2/repository/org/jboss/jandex/2.1.3.Final/jandex-2.1.3.Final.jar:/Users/ayunas/.m2/repository/com/fasterxml/classmate/1.5.1/classmate-1.5.1.jar:/Users/ayunas/.m2/repository/org/dom4j/dom4j/2.1.3/dom4j-2.1.3.jar:/Users/ayunas/.m2/repository/org/hibernate/common/hibernate-commons-annotations/5.1.0.Final/hibernate-commons-annotations-5.1.0.Final.jar:/Users/ayunas/.m2/repository/org/glassfish/jaxb/jaxb-runtime/2.3.3/jaxb-runtime-2.3.3.jar:/
Launcher Type: SUN_STANDARD

[Global flags]
     bool BytecodeVerificationLocal                = false                                     {product} {command line}
     bool BytecodeVerificationRemote               = false                                     {product} {command line}
     intx CICompilerCount                          = 12                                        {product} {ergonomic}
     uint ConcGCThreads                            = 3                                         {product} {ergonomic}
     uint G1ConcRefinementThreads                  = 13                                        {product} {ergonomic}
   size_t G1HeapRegionSize                         = 2097152                                   {product} {ergonomic}
    uintx GCDrainStackTargetSize                   = 64                                        {product} {ergonomic}
   size_t InitialHeapSize                          = 536870912                                 {product} {ergonomic}
     bool ManagementServer                         = true                                      {product} {command line}
   size_t MarkStackSize                            = 4194304                                   {product} {ergonomic}
   size_t MaxHeapSize                              = 8589934592                                {product} {ergonomic}
   size_t MaxNewSize                               = 5152702464                                {product} {ergonomic}
   size_t MinHeapDeltaBytes                        = 2097152                                   {product} {ergonomic}
    uintx NonNMethodCodeHeapSize                   = 12163472                               {pd product} {ergonomic}
    uintx NonProfiledCodeHeapSize                  = 239494768                              {pd product} {ergonomic}
    uintx ProfiledCodeHeapSize                     = 0                                      {pd product} {ergonomic}
    uintx ReservedCodeCacheSize                    = 251658240                              {pd product} {ergonomic}
     bool SegmentedCodeCache                       = true                                      {product} {ergonomic}
     intx TieredStopAtLevel                        = 1                                         {product} {command line}
     bool UseCompressedClassPointers               = true                                 {lp64_product} {ergonomic}
     bool UseCompressedOops                        = true                                 {lp64_product} {ergonomic}
     bool UseG1GC                                  = true                                      {product} {ergonomic}

Logging:
Log output configuration:
 #0: stdout all=warning uptime,level,tags
 #1: stderr all=off uptime,level,tags

Environment Variables:
PATH=/usr/local/bin:/usr/bin:/bin:/usr/sbin:/sbin
SHELL=/bin/zsh

Signal Handlers:
SIGSEGV: [libjvm.dylib+0x75f4aa], sa_mask[0]=11111111011111110111111111111111, sa_flags=SA_ONSTACK|SA_RESTART|SA_SIGINFO
SIGBUS: [libjvm.dylib+0x75f4aa], sa_mask[0]=11111111011111110111111111111111, sa_flags=SA_RESTART|SA_SIGINFO
SIGFPE: [libjvm.dylib+0x75f4aa], sa_mask[0]=11111111011111110111111111111111, sa_flags=SA_RESTART|SA_SIGINFO
SIGPIPE: [libjvm.dylib+0x60092c], sa_mask[0]=11111111011111110111111111111111, sa_flags=SA_RESTART|SA_SIGINFO
SIGXFSZ: [libjvm.dylib+0x60092c], sa_mask[0]=11111111011111110111111111111111, sa_flags=SA_RESTART|SA_SIGINFO
SIGILL: [libjvm.dylib+0x75f4aa], sa_mask[0]=11111111011111110111111111111111, sa_flags=SA_RESTART|SA_SIGINFO
SIGUSR2: [libjvm.dylib+0x600f2a], sa_mask[0]=00100000000000000000000000000000, sa_flags=SA_RESTART|SA_SIGINFO
SIGHUP: [libjvm.dylib+0x5ffa07], sa_mask[0]=11111111011111110111111111111111, sa_flags=SA_RESTART|SA_SIGINFO
SIGINT: [libjvm.dylib+0x5ffa07], sa_mask[0]=11111111011111110111111111111111, sa_flags=SA_RESTART|SA_SIGINFO
SIGTERM: [libjvm.dylib+0x5ffa07], sa_mask[0]=11111111011111110111111111111111, sa_flags=SA_RESTART|SA_SIGINFO
SIGQUIT: [libjvm.dylib+0x5ffa07], sa_mask[0]=11111111011111110111111111111111, sa_flags=SA_RESTART|SA_SIGINFO


---------------  S Y S T E M  ---------------

OS:uname:Darwin 19.4.0 Darwin Kernel Version 19.4.0: Wed Mar  4 22:28:40 PST 2020; root:xnu-6153.101.6~15/RELEASE_X86_64 x86_64
OS uptime: 1 days 2:54 hours
rlimit: STACK 8192k, CORE 0k, NPROC 5568, NOFILE 10240, AS infinity, CPU infinity, DATA infinity, FSIZE infinity
load average:2.18 2.18 2.31

CPU:total 16 (initial active 16) (8 cores per cpu, 2 threads per core) family 6 model 158 stepping 13, cmov, cx8, fxsr, mmx, sse, sse2, sse3, ssse3, sse4.1, sse4.2, popcnt, avx, avx2, aes, clmul, erms, rtm, 3dnowpref, lzcnt, ht, tsc, tscinvbit, bmi1, bmi2, adx, fma

Memory: 4k page, physical 33554432k(1338408k free), swap 3145728k(1202432k free)

vm_info: OpenJDK 64-Bit Server VM (11.0.7+10-LTS) for bsd-amd64 JRE (11.0.7+10-LTS), built on Apr  8 2020 15:48:16 by "corretto" with gcc 4.2.1 Compatible Apple LLVM 8.0.0 (clang-800.0.42.1)

END.
