#
# A fatal error has been detected by the Java Runtime Environment:
#
#  SIGBUS (0xa) at pc=0x0000000118b48413, pid=1786, tid=36867
#
# JRE version: OpenJDK Runtime Environment (11.0.7+10) (build 11.0.7+10-LTS)
# Java VM: OpenJDK 64-Bit Server VM (11.0.7+10-LTS, mixed mode, tiered, compressed oops, g1 gc, bsd-amd64)
# Problematic frame:
# j  javax.validation.Validation.byDefaultProvider()Ljavax/validation/bootstrap/GenericBootstrap;+0
#
# No core dump will be written. Core dumps have been disabled. To enable core dumping, try "ulimit -c unlimited" before starting Java again
#
# If you would like to submit a bug report, please visit:
#   http://bugreport.java.com/bugreport/crash.jsp
#

---------------  S U M M A R Y ------------

Command Line: -XX:TieredStopAtLevel=1 -Xverify:none -Dspring.output.ansi.enabled=always -Dcom.sun.management.jmxremote -Dspring.jmx.enabled=true -Dspring.liveBeansView.mbeanDomain -Dspring.application.admin.enabled=true -javaagent:/Applications/IntelliJ IDEA.app/Contents/lib/idea_rt.jar=56675:/Applications/IntelliJ IDEA.app/Contents/bin -Dfile.encoding=UTF-8 com.udemy.bharath.ticketservice.TicketserviceApplication

Host: MacBookPro16,1 x86_64 2400 MHz, 16 cores, 32G, Darwin 19.4.0
Time: Wed Nov  4 12:54:27 2020 CST elapsed time: 0 seconds (0d 0h 0m 0s)

---------------  T H R E A D  ---------------

Current thread (0x00007faa859e5800):  JavaThread "background-preinit" [_thread_in_Java, id=36867, stack(0x00007000046b9000,0x00007000047b9000)]

Stack: [0x00007000046b9000,0x00007000047b9000],  sp=0x00007000047b89d0,  free space=1022k
Native frames: (J=compiled Java code, A=aot compiled Java code, j=interpreted, Vv=VM code, C=native code)
j  javax.validation.Validation.byDefaultProvider()Ljavax/validation/bootstrap/GenericBootstrap;+0
j  org.springframework.boot.autoconfigure.BackgroundPreinitializer$ValidationInitializer.run()V+0
j  org.springframework.boot.autoconfigure.BackgroundPreinitializer$1.runSafely(Ljava/lang/Runnable;)V+1
j  org.springframework.boot.autoconfigure.BackgroundPreinitializer$1.run()V+21
j  java.lang.Thread.run()V+11 java.base@11.0.7
v  ~StubRoutines::call_stub
V  [libjvm.dylib+0x3a814c]  JavaCalls::call_helper(JavaValue*, methodHandle const&, JavaCallArguments*, Thread*)+0x220
V  [libjvm.dylib+0x3a7530]  JavaCalls::call_virtual(JavaValue*, Klass*, Symbol*, Symbol*, JavaCallArguments*, Thread*)+0x128
V  [libjvm.dylib+0x3a75f4]  JavaCalls::call_virtual(JavaValue*, Handle, Klass*, Symbol*, Symbol*, Thread*)+0x6a
V  [libjvm.dylib+0x426193]  thread_entry(JavaThread*, Thread*)+0x77
V  [libjvm.dylib+0x7061c0]  JavaThread::thread_main_inner()+0x7e
V  [libjvm.dylib+0x703df6]  Thread::call_run()+0x68
V  [libjvm.dylib+0x5fe743]  thread_native_entry(Thread*)+0x138
C  [libsystem_pthread.dylib+0x6109]  _pthread_start+0x94
C  [libsystem_pthread.dylib+0x1b8b]  thread_start+0xf


siginfo: si_signo: 10 (SIGBUS), si_code: 2 (BUS_ADRERR), si_addr: 0x000000013f5ae360

Register to memory mapping:

RAX=0x000000003f7be9e0 is an unknown value
RBX=0x000000000000400c is an unknown value
RCX=0x000000013f58e2c0 is pointing into metadata
RDX=0x000000003f58e1a0 is an unknown value
RSP=0x00007000047b89d0 is pointing into the stack for thread: 0x00007faa859e5800
RBP=0x00007000047b8a08 is pointing into the stack for thread: 0x00007faa859e5800
RSI=0x0 is NULL
RDI=0x00007faa859e5800 is a thread
R8 =0x00007faa859e5800 is a thread
R9 =0x0 is NULL
R10=0x00000001100b8ba0: _ZN19TemplateInterpreter13_active_tableE+0x2000 in /Library/Java/JavaVirtualMachines/amazon-corretto-11.jdk/Contents/Home/lib/server/libjvm.dylib at 0x000000010f755000
R11=0x0 is NULL
R12=0x0 is NULL
R13=0x000000013f58e1a1 is pointing into metadata
R14=0x00007000047b8a10 is pointing into the stack for thread: 0x00007faa859e5800
R15=0x00007faa859e5800 is a thread


Registers:
RAX=0x000000003f7be9e0, RBX=0x000000000000400c, RCX=0x000000013f58e2c0, RDX=0x000000003f58e1a0
RSP=0x00007000047b89d0, RBP=0x00007000047b8a08, RSI=0x0000000000000000, RDI=0x00007faa859e5800
R8 =0x00007faa859e5800, R9 =0x0000000000000000, R10=0x00000001100b8ba0, R11=0x0000000000000000
R12=0x0000000000000000, R13=0x000000013f58e1a1, R14=0x00007000047b8a10, R15=0x00007faa859e5800
RIP=0x0000000118b48413, EFLAGS=0x0000000000010206, ERR=0x0000000000000004
  TRAPNO=0x000000000000000e

Top of Stack: (sp=0x00007000047b89d0)
0x00007000047b89d0:   00007000047b8a10 000000013f58e2c0
0x00007000047b89e0:   0000000000000000 000000061ed28100
0x00007000047b89f0:   000000013f58e1a0 0000000000000000
0x00007000047b8a00:   00007000047b8a18 00007000047b8a60
0x00007000047b8a10:   0000000118b30a00 00007000047b8a18
0x00007000047b8a20:   000000013f58d348 00007000047b8a78
0x00007000047b8a30:   000000013f58d4b0 0000000000000000
0x00007000047b8a40:   000000061ed1e8f8 000000013f58d380
0x00007000047b8a50:   00007000047b8a18 00007000047b8a78
0x00007000047b8a60:   00007000047b8ac8 0000000118b30cec
0x00007000047b8a70:   0000000000000000 000000061ed1ea48
0x00007000047b8a80:   00007000047b8a80 000000013f58bac9
0x00007000047b8a90:   00007000047b8ae8 000000013f58bba0
0x00007000047b8aa0:   0000000000000000 000000061ec3c338
0x00007000047b8ab0:   000000013f58bb08 00007000047b8a78
0x00007000047b8ac0:   00007000047b8ae0 00007000047b8b38
0x00007000047b8ad0:   0000000118b30ca7 0000000000000000
0x00007000047b8ae0:   000000061ed1ea48 000000061ec3c478
0x00007000047b8af0:   00007000047b8af0 000000013f58b9ed
0x00007000047b8b00:   00007000047b8b48 000000013f58bba0
0x00007000047b8b10:   0000000000000000 000000061ec3c338
0x00007000047b8b20:   000000013f58ba38 00007000047b8ae0
0x00007000047b8b30:   00007000047b8b48 00007000047b8b98
0x00007000047b8b40:   0000000118b30cec 000000061ec3c478
0x00007000047b8b50:   00007000047b8b50 000000013cb61853
0x00007000047b8b60:   00007000047b8ba8 000000013cc388d0
0x00007000047b8b70:   0000000000000000 000000061e6055c0
0x00007000047b8b80:   000000013cb61870 00007000047b8b48
0x00007000047b8b90:   00007000047b8ba8 00007000047b8c10
0x00007000047b8ba0:   0000000118b27849 000000061ec35b88
0x00007000047b8bb0:   718aee8600001fa0 00007000047b8dd0
0x00007000047b8bc0:   00007000047b8e78 0000000118b277bf 

Instructions: (pc=0x0000000118b48413)
0x0000000118b48313:   48 c1 e8 03 89 02 4c 8b c2 4c 33 c3 49 c1 e8 15
0x0000000118b48323:   0f 84 92 00 00 00 48 83 fb 00 0f 84 88 00 00 00
0x0000000118b48333:   4c 8b c2 49 c1 e8 09 48 bb 00 70 b2 25 01 00 00
0x0000000118b48343:   00 4c 03 c3 41 80 38 20 0f 84 6a 00 00 00 f0 83
0x0000000118b48353:   44 24 c0 00 41 80 38 00 0f 84 5a 00 00 00 41 c6
0x0000000118b48363:   00 00 41 81 7f 70 00 00 00 00 0f 84 1b 00 00 00
0x0000000118b48373:   41 83 6f 70 08 49 8b 9f 80 00 00 00 4d 63 57 70
0x0000000118b48383:   49 03 da 4c 89 03 e9 2d 00 00 00 52 53 49 8b f7
0x0000000118b48393:   49 8b f8 f7 c4 0f 00 00 00 0f 84 12 00 00 00 48
0x0000000118b483a3:   83 ec 08 e8 b9 4f f0 f6 48 83 c4 08 e9 05 00 00
0x0000000118b483b3:   00 e8 ab 4f f0 f6 5b 5a 85 d2 0f 84 06 00 00 00
0x0000000118b483c3:   f0 83 44 24 c0 00 41 0f b6 5d 03 49 83 c5 03 49
0x0000000118b483d3:   ba a0 b3 0b 10 01 00 00 00 41 ff 24 da 80 00 00
0x0000000118b483e3:   00 00 00 00 00 2b ac ee 0f 01 00 00 00 d4 00 00
0x0000000118b483f3:   00 00 00 00 00 00 00 00 00 00 00 00 00 8b 04 24
0x0000000118b48403:   48 83 c4 08 41 0f b7 5d 01 48 8b 4d d0 c1 e3 02
0x0000000118b48413:   8b 54 d9 40 48 8b 5c d9 38 c1 ea 15 83 e2 01 59
0x0000000118b48423:   48 3b 01 88 04 19 85 d2 0f 84 06 00 00 00 f0 83
0x0000000118b48433:   44 24 c0 00 41 0f b6 5d 03 49 83 c5 03 49 ba a0
0x0000000118b48443:   b3 0b 10 01 00 00 00 41 ff 24 da 66 90 00 00 00
0x0000000118b48453:   00 00 00 00 00 00 00 00 00 00 00 00 00 80 00 00
0x0000000118b48463:   00 00 00 00 00 3a ac ee 0f 01 00 00 00 d5 00 00
0x0000000118b48473:   00 00 00 00 00 00 00 00 00 00 00 00 00 8b 04 24
0x0000000118b48483:   48 83 c4 08 41 0f b7 5d 01 48 8b 4d d0 c1 e3 02
0x0000000118b48493:   8b 54 d9 40 48 8b 5c d9 38 c1 ea 15 83 e2 01 59
0x0000000118b484a3:   48 3b 01 83 e0 01 88 04 19 85 d2 0f 84 06 00 00
0x0000000118b484b3:   00 f0 83 44 24 c0 00 41 0f b6 5d 03 49 83 c5 03
0x0000000118b484c3:   49 ba a0 b3 0b 10 01 00 00 00 41 ff 24 da 0f 1f
0x0000000118b484d3:   80 00 00 00 00 00 00 00 00 00 00 00 00 80 00 00
0x0000000118b484e3:   00 00 00 00 00 49 ac ee 0f 01 00 00 00 d6 00 00
0x0000000118b484f3:   00 00 00 00 00 00 00 00 00 00 00 00 00 8b 04 24
0x0000000118b48503:   48 83 c4 08 41 0f b7 5d 01 48 8b 4d d0 c1 e3 02 


Stack slot to memory mapping:
stack at sp + 0 slots: 0x00007000047b8a10 is pointing into the stack for thread: 0x00007faa859e5800
stack at sp + 1 slots: 0x000000013f58e2c0 is pointing into metadata
stack at sp + 2 slots: 0x0 is NULL
stack at sp + 3 slots: 0x000000061ed28100 is an oop: java.lang.Class 
{0x000000061ed28100} - klass: 'java/lang/Class'
stack at sp + 4 slots: {method} {0x000000013f58e1a0} 'byDefaultProvider' '()Ljavax/validation/bootstrap/GenericBootstrap;' in 'javax/validation/Validation'
stack at sp + 5 slots: 0x0 is NULL
stack at sp + 6 slots: 0x00007000047b8a18 is pointing into the stack for thread: 0x00007faa859e5800
stack at sp + 7 slots: 0x00007000047b8a60 is pointing into the stack for thread: 0x00007faa859e5800

fast_bputfield  212 fast_bputfield  [0x0000000118b48400, 0x0000000118b48460]  96 bytes

---------------  P R O C E S S  ---------------

Threads class SMR info:
_java_thread_list=0x00007faa8548d9e0, length=11, elements={
0x00007faaa8009800, 0x00007faaa6819000, 0x00007faa4580c800, 0x00007faa45829800,
0x00007faaa8022800, 0x00007faa85809800, 0x00007faaa704c800, 0x00007faaa70bf000,
0x00007faa2580a800, 0x00007faaa694d800, 0x00007faa859e5800
}

Java Threads: ( => current thread )
  0x00007faaa8009800 JavaThread "main" [_thread_in_Java, id=6659, stack(0x000070000295f000,0x0000700002a5f000)]
  0x00007faaa6819000 JavaThread "Reference Handler" daemon [_thread_blocked, id=17923, stack(0x0000700003074000,0x0000700003174000)]
  0x00007faa4580c800 JavaThread "Finalizer" daemon [_thread_blocked, id=13827, stack(0x0000700003177000,0x0000700003277000)]
  0x00007faa45829800 JavaThread "Signal Dispatcher" daemon [_thread_blocked, id=15875, stack(0x0000700003380000,0x0000700003480000)]
  0x00007faaa8022800 JavaThread "C1 CompilerThread0" daemon [_thread_blocked, id=22019, stack(0x0000700003483000,0x0000700003583000)]
  0x00007faa85809800 JavaThread "Sweeper thread" daemon [_thread_blocked, id=22531, stack(0x0000700003586000,0x0000700003686000)]
  0x00007faaa704c800 JavaThread "Common-Cleaner" daemon [_thread_blocked, id=22787, stack(0x0000700003689000,0x0000700003789000)]
  0x00007faaa70bf000 JavaThread "Monitor Ctrl-Break" daemon [_thread_in_native, id=42243, stack(0x000070000378c000,0x000070000388c000)]
  0x00007faa2580a800 JavaThread "Service Thread" daemon [_thread_blocked, id=41731, stack(0x000070000388f000,0x000070000398f000)]
  0x00007faaa694d800 JavaThread "RMI TCP Accept-0" daemon [_thread_in_native, id=24067, stack(0x0000700003992000,0x0000700003a92000)]
=>0x00007faa859e5800 JavaThread "background-preinit" [_thread_in_Java, id=36867, stack(0x00007000046b9000,0x00007000047b9000)]

Other Threads:
  0x00007faa55854800 VMThread "VM Thread" [stack: 0x0000700002f71000,0x0000700003071000] [id=18691]
  0x00007faa85a4e800 WatcherThread [stack: 0x0000700003a95000,0x0000700003b95000] [id=24579]
  0x00007faa85811000 GCTaskThread "GC Thread#0" [stack: 0x0000700002a62000,0x0000700002b62000] [id=11779]
  0x00007faa4590a000 GCTaskThread "GC Thread#1" [stack: 0x0000700003b98000,0x0000700003c98000] [id=41475]
  0x00007faaa6950800 GCTaskThread "GC Thread#2" [stack: 0x0000700003c9b000,0x0000700003d9b000] [id=40963]
  0x00007faa458c3000 GCTaskThread "GC Thread#3" [stack: 0x0000700003d9e000,0x0000700003e9e000] [id=25091]
  0x00007faa458e5800 GCTaskThread "GC Thread#4" [stack: 0x0000700003ea1000,0x0000700003fa1000] [id=40195]
  0x00007faa458e2000 GCTaskThread "GC Thread#5" [stack: 0x0000700003fa4000,0x00007000040a4000] [id=39683]
  0x00007faa458e2800 GCTaskThread "GC Thread#6" [stack: 0x00007000040a7000,0x00007000041a7000] [id=39171]
  0x00007faaa6952000 GCTaskThread "GC Thread#7" [stack: 0x00007000041aa000,0x00007000042aa000] [id=25603]
  0x00007faaa6952800 GCTaskThread "GC Thread#8" [stack: 0x00007000042ad000,0x00007000043ad000] [id=26115]
  0x00007faaa60d6000 GCTaskThread "GC Thread#9" [stack: 0x00007000043b0000,0x00007000044b0000] [id=38659]
  0x00007faaa61c3800 GCTaskThread "GC Thread#10" [stack: 0x00007000044b3000,0x00007000045b3000] [id=38147]
  0x00007faa27808800 GCTaskThread "GC Thread#11" [stack: 0x00007000045b6000,0x00007000046b6000] [id=37635]
  0x00007faaa603a000 ConcurrentGCThread "G1 Main Marker" [stack: 0x0000700002b65000,0x0000700002c65000] [id=20739]
  0x00007faa85811800 ConcurrentGCThread "G1 Conc#0" [stack: 0x0000700002c68000,0x0000700002d68000] [id=20483]
  0x00007faa8591f800 ConcurrentGCThread "G1 Refine#0" [stack: 0x0000700002d6b000,0x0000700002e6b000] [id=19971]
  0x00007faaa8012800 ConcurrentGCThread "G1 Young RemSet Sampling" [stack: 0x0000700002e6e000,0x0000700002f6e000] [id=12803]

Threads with active compile tasks:

VM state:not at safepoint (normal execution)

VM Mutex/Monitor currently owned by a thread: None

Heap address: 0x0000000600000000, size: 8192 MB, Compressed Oops mode: Zero based, Oop shift amount: 3
Narrow klass base: 0x0000000800000000, Narrow klass shift: 0
Compressed class space size: 1073741824 Address: 0x0000000800000000

Heap:
 garbage-first heap   total 524288K, used 26901K [0x0000000600000000, 0x0000000800000000)
  region size 2048K, 13 young (26624K), 2 survivors (4096K)
 Metaspace       used 17630K, capacity 18108K, committed 18432K, reserved 1064960K
  class space    used 1994K, capacity 2198K, committed 2304K, reserved 1048576K
Heap Regions: E=young(eden), S=young(survivor), O=old, HS=humongous(starts), HC=humongous(continues), CS=collection set, F=free, A=archive, TAMS=top-at-mark-start (previous, next)
|   0|0x0000000600000000, 0x0000000600200000, 0x0000000600200000|100%| O|  |TAMS 0x0000000600000000, 0x0000000600000000| Untracked 
|   1|0x0000000600200000, 0x0000000600245400, 0x0000000600400000| 13%| O|  |TAMS 0x0000000600200000, 0x0000000600200000| Untracked 
|   2|0x0000000600400000, 0x0000000600400000, 0x0000000600600000|  0%| F|  |TAMS 0x0000000600400000, 0x0000000600400000| Untracked 
|   3|0x0000000600600000, 0x0000000600600000, 0x0000000600800000|  0%| F|  |TAMS 0x0000000600600000, 0x0000000600600000| Untracked 
|   4|0x0000000600800000, 0x0000000600800000, 0x0000000600a00000|  0%| F|  |TAMS 0x0000000600800000, 0x0000000600800000| Untracked 
|   5|0x0000000600a00000, 0x0000000600a00000, 0x0000000600c00000|  0%| F|  |TAMS 0x0000000600a00000, 0x0000000600a00000| Untracked 
|   6|0x0000000600c00000, 0x0000000600c00000, 0x0000000600e00000|  0%| F|  |TAMS 0x0000000600c00000, 0x0000000600c00000| Untracked 
|   7|0x0000000600e00000, 0x0000000600e00000, 0x0000000601000000|  0%| F|  |TAMS 0x0000000600e00000, 0x0000000600e00000| Untracked 
|   8|0x0000000601000000, 0x0000000601000000, 0x0000000601200000|  0%| F|  |TAMS 0x0000000601000000, 0x0000000601000000| Untracked 
|   9|0x0000000601200000, 0x0000000601200000, 0x0000000601400000|  0%| F|  |TAMS 0x0000000601200000, 0x0000000601200000| Untracked 
|  10|0x0000000601400000, 0x0000000601400000, 0x0000000601600000|  0%| F|  |TAMS 0x0000000601400000, 0x0000000601400000| Untracked 
|  11|0x0000000601600000, 0x0000000601600000, 0x0000000601800000|  0%| F|  |TAMS 0x0000000601600000, 0x0000000601600000| Untracked 
|  12|0x0000000601800000, 0x0000000601800000, 0x0000000601a00000|  0%| F|  |TAMS 0x0000000601800000, 0x0000000601800000| Untracked 
|  13|0x0000000601a00000, 0x0000000601a00000, 0x0000000601c00000|  0%| F|  |TAMS 0x0000000601a00000, 0x0000000601a00000| Untracked 
|  14|0x0000000601c00000, 0x0000000601c00000, 0x0000000601e00000|  0%| F|  |TAMS 0x0000000601c00000, 0x0000000601c00000| Untracked 
|  15|0x0000000601e00000, 0x0000000601e00000, 0x0000000602000000|  0%| F|  |TAMS 0x0000000601e00000, 0x0000000601e00000| Untracked 
|  16|0x0000000602000000, 0x0000000602000000, 0x0000000602200000|  0%| F|  |TAMS 0x0000000602000000, 0x0000000602000000| Untracked 
|  17|0x0000000602200000, 0x0000000602200000, 0x0000000602400000|  0%| F|  |TAMS 0x0000000602200000, 0x0000000602200000| Untracked 
|  18|0x0000000602400000, 0x0000000602400000, 0x0000000602600000|  0%| F|  |TAMS 0x0000000602400000, 0x0000000602400000| Untracked 
|  19|0x0000000602600000, 0x0000000602600000, 0x0000000602800000|  0%| F|  |TAMS 0x0000000602600000, 0x0000000602600000| Untracked 
|  20|0x0000000602800000, 0x0000000602800000, 0x0000000602a00000|  0%| F|  |TAMS 0x0000000602800000, 0x0000000602800000| Untracked 
|  21|0x0000000602a00000, 0x0000000602a00000, 0x0000000602c00000|  0%| F|  |TAMS 0x0000000602a00000, 0x0000000602a00000| Untracked 
|  22|0x0000000602c00000, 0x0000000602c00000, 0x0000000602e00000|  0%| F|  |TAMS 0x0000000602c00000, 0x0000000602c00000| Untracked 
|  23|0x0000000602e00000, 0x0000000602e00000, 0x0000000603000000|  0%| F|  |TAMS 0x0000000602e00000, 0x0000000602e00000| Untracked 
|  24|0x0000000603000000, 0x0000000603000000, 0x0000000603200000|  0%| F|  |TAMS 0x0000000603000000, 0x0000000603000000| Untracked 
|  25|0x0000000603200000, 0x0000000603200000, 0x0000000603400000|  0%| F|  |TAMS 0x0000000603200000, 0x0000000603200000| Untracked 
|  26|0x0000000603400000, 0x0000000603400000, 0x0000000603600000|  0%| F|  |TAMS 0x0000000603400000, 0x0000000603400000| Untracked 
|  27|0x0000000603600000, 0x0000000603600000, 0x0000000603800000|  0%| F|  |TAMS 0x0000000603600000, 0x0000000603600000| Untracked 
|  28|0x0000000603800000, 0x0000000603800000, 0x0000000603a00000|  0%| F|  |TAMS 0x0000000603800000, 0x0000000603800000| Untracked 
|  29|0x0000000603a00000, 0x0000000603a00000, 0x0000000603c00000|  0%| F|  |TAMS 0x0000000603a00000, 0x0000000603a00000| Untracked 
|  30|0x0000000603c00000, 0x0000000603c00000, 0x0000000603e00000|  0%| F|  |TAMS 0x0000000603c00000, 0x0000000603c00000| Untracked 
|  31|0x0000000603e00000, 0x0000000603e00000, 0x0000000604000000|  0%| F|  |TAMS 0x0000000603e00000, 0x0000000603e00000| Untracked 
|  32|0x0000000604000000, 0x0000000604000000, 0x0000000604200000|  0%| F|  |TAMS 0x0000000604000000, 0x0000000604000000| Untracked 
|  33|0x0000000604200000, 0x0000000604200000, 0x0000000604400000|  0%| F|  |TAMS 0x0000000604200000, 0x0000000604200000| Untracked 
|  34|0x0000000604400000, 0x0000000604400000, 0x0000000604600000|  0%| F|  |TAMS 0x0000000604400000, 0x0000000604400000| Untracked 
|  35|0x0000000604600000, 0x0000000604600000, 0x0000000604800000|  0%| F|  |TAMS 0x0000000604600000, 0x0000000604600000| Untracked 
|  36|0x0000000604800000, 0x0000000604800000, 0x0000000604a00000|  0%| F|  |TAMS 0x0000000604800000, 0x0000000604800000| Untracked 
|  37|0x0000000604a00000, 0x0000000604a00000, 0x0000000604c00000|  0%| F|  |TAMS 0x0000000604a00000, 0x0000000604a00000| Untracked 
|  38|0x0000000604c00000, 0x0000000604c00000, 0x0000000604e00000|  0%| F|  |TAMS 0x0000000604c00000, 0x0000000604c00000| Untracked 
|  39|0x0000000604e00000, 0x0000000604e00000, 0x0000000605000000|  0%| F|  |TAMS 0x0000000604e00000, 0x0000000604e00000| Untracked 
|  40|0x0000000605000000, 0x0000000605000000, 0x0000000605200000|  0%| F|  |TAMS 0x0000000605000000, 0x0000000605000000| Untracked 
|  41|0x0000000605200000, 0x0000000605200000, 0x0000000605400000|  0%| F|  |TAMS 0x0000000605200000, 0x0000000605200000| Untracked 
|  42|0x0000000605400000, 0x0000000605400000, 0x0000000605600000|  0%| F|  |TAMS 0x0000000605400000, 0x0000000605400000| Untracked 
|  43|0x0000000605600000, 0x0000000605600000, 0x0000000605800000|  0%| F|  |TAMS 0x0000000605600000, 0x0000000605600000| Untracked 
|  44|0x0000000605800000, 0x0000000605800000, 0x0000000605a00000|  0%| F|  |TAMS 0x0000000605800000, 0x0000000605800000| Untracked 
|  45|0x0000000605a00000, 0x0000000605a00000, 0x0000000605c00000|  0%| F|  |TAMS 0x0000000605a00000, 0x0000000605a00000| Untracked 
|  46|0x0000000605c00000, 0x0000000605c00000, 0x0000000605e00000|  0%| F|  |TAMS 0x0000000605c00000, 0x0000000605c00000| Untracked 
|  47|0x0000000605e00000, 0x0000000605e00000, 0x0000000606000000|  0%| F|  |TAMS 0x0000000605e00000, 0x0000000605e00000| Untracked 
|  48|0x0000000606000000, 0x0000000606000000, 0x0000000606200000|  0%| F|  |TAMS 0x0000000606000000, 0x0000000606000000| Untracked 
|  49|0x0000000606200000, 0x0000000606200000, 0x0000000606400000|  0%| F|  |TAMS 0x0000000606200000, 0x0000000606200000| Untracked 
|  50|0x0000000606400000, 0x0000000606400000, 0x0000000606600000|  0%| F|  |TAMS 0x0000000606400000, 0x0000000606400000| Untracked 
|  51|0x0000000606600000, 0x0000000606600000, 0x0000000606800000|  0%| F|  |TAMS 0x0000000606600000, 0x0000000606600000| Untracked 
|  52|0x0000000606800000, 0x0000000606800000, 0x0000000606a00000|  0%| F|  |TAMS 0x0000000606800000, 0x0000000606800000| Untracked 
|  53|0x0000000606a00000, 0x0000000606a00000, 0x0000000606c00000|  0%| F|  |TAMS 0x0000000606a00000, 0x0000000606a00000| Untracked 
|  54|0x0000000606c00000, 0x0000000606c00000, 0x0000000606e00000|  0%| F|  |TAMS 0x0000000606c00000, 0x0000000606c00000| Untracked 
|  55|0x0000000606e00000, 0x0000000606e00000, 0x0000000607000000|  0%| F|  |TAMS 0x0000000606e00000, 0x0000000606e00000| Untracked 
|  56|0x0000000607000000, 0x0000000607000000, 0x0000000607200000|  0%| F|  |TAMS 0x0000000607000000, 0x0000000607000000| Untracked 
|  57|0x0000000607200000, 0x0000000607200000, 0x0000000607400000|  0%| F|  |TAMS 0x0000000607200000, 0x0000000607200000| Untracked 
|  58|0x0000000607400000, 0x0000000607400000, 0x0000000607600000|  0%| F|  |TAMS 0x0000000607400000, 0x0000000607400000| Untracked 
|  59|0x0000000607600000, 0x0000000607600000, 0x0000000607800000|  0%| F|  |TAMS 0x0000000607600000, 0x0000000607600000| Untracked 
|  60|0x0000000607800000, 0x0000000607800000, 0x0000000607a00000|  0%| F|  |TAMS 0x0000000607800000, 0x0000000607800000| Untracked 
|  61|0x0000000607a00000, 0x0000000607a00000, 0x0000000607c00000|  0%| F|  |TAMS 0x0000000607a00000, 0x0000000607a00000| Untracked 
|  62|0x0000000607c00000, 0x0000000607c00000, 0x0000000607e00000|  0%| F|  |TAMS 0x0000000607c00000, 0x0000000607c00000| Untracked 
|  63|0x0000000607e00000, 0x0000000607e00000, 0x0000000608000000|  0%| F|  |TAMS 0x0000000607e00000, 0x0000000607e00000| Untracked 
|  64|0x0000000608000000, 0x0000000608000000, 0x0000000608200000|  0%| F|  |TAMS 0x0000000608000000, 0x0000000608000000| Untracked 
|  65|0x0000000608200000, 0x0000000608200000, 0x0000000608400000|  0%| F|  |TAMS 0x0000000608200000, 0x0000000608200000| Untracked 
|  66|0x0000000608400000, 0x0000000608400000, 0x0000000608600000|  0%| F|  |TAMS 0x0000000608400000, 0x0000000608400000| Untracked 
|  67|0x0000000608600000, 0x0000000608600000, 0x0000000608800000|  0%| F|  |TAMS 0x0000000608600000, 0x0000000608600000| Untracked 
|  68|0x0000000608800000, 0x0000000608800000, 0x0000000608a00000|  0%| F|  |TAMS 0x0000000608800000, 0x0000000608800000| Untracked 
|  69|0x0000000608a00000, 0x0000000608a00000, 0x0000000608c00000|  0%| F|  |TAMS 0x0000000608a00000, 0x0000000608a00000| Untracked 
|  70|0x0000000608c00000, 0x0000000608c00000, 0x0000000608e00000|  0%| F|  |TAMS 0x0000000608c00000, 0x0000000608c00000| Untracked 
|  71|0x0000000608e00000, 0x0000000608e00000, 0x0000000609000000|  0%| F|  |TAMS 0x0000000608e00000, 0x0000000608e00000| Untracked 
|  72|0x0000000609000000, 0x0000000609000000, 0x0000000609200000|  0%| F|  |TAMS 0x0000000609000000, 0x0000000609000000| Untracked 
|  73|0x0000000609200000, 0x0000000609200000, 0x0000000609400000|  0%| F|  |TAMS 0x0000000609200000, 0x0000000609200000| Untracked 
|  74|0x0000000609400000, 0x0000000609400000, 0x0000000609600000|  0%| F|  |TAMS 0x0000000609400000, 0x0000000609400000| Untracked 
|  75|0x0000000609600000, 0x0000000609600000, 0x0000000609800000|  0%| F|  |TAMS 0x0000000609600000, 0x0000000609600000| Untracked 
|  76|0x0000000609800000, 0x0000000609800000, 0x0000000609a00000|  0%| F|  |TAMS 0x0000000609800000, 0x0000000609800000| Untracked 
|  77|0x0000000609a00000, 0x0000000609a00000, 0x0000000609c00000|  0%| F|  |TAMS 0x0000000609a00000, 0x0000000609a00000| Untracked 
|  78|0x0000000609c00000, 0x0000000609c00000, 0x0000000609e00000|  0%| F|  |TAMS 0x0000000609c00000, 0x0000000609c00000| Untracked 
|  79|0x0000000609e00000, 0x0000000609e00000, 0x000000060a000000|  0%| F|  |TAMS 0x0000000609e00000, 0x0000000609e00000| Untracked 
|  80|0x000000060a000000, 0x000000060a000000, 0x000000060a200000|  0%| F|  |TAMS 0x000000060a000000, 0x000000060a000000| Untracked 
|  81|0x000000060a200000, 0x000000060a200000, 0x000000060a400000|  0%| F|  |TAMS 0x000000060a200000, 0x000000060a200000| Untracked 
|  82|0x000000060a400000, 0x000000060a400000, 0x000000060a600000|  0%| F|  |TAMS 0x000000060a400000, 0x000000060a400000| Untracked 
|  83|0x000000060a600000, 0x000000060a600000, 0x000000060a800000|  0%| F|  |TAMS 0x000000060a600000, 0x000000060a600000| Untracked 
|  84|0x000000060a800000, 0x000000060a800000, 0x000000060aa00000|  0%| F|  |TAMS 0x000000060a800000, 0x000000060a800000| Untracked 
|  85|0x000000060aa00000, 0x000000060aa00000, 0x000000060ac00000|  0%| F|  |TAMS 0x000000060aa00000, 0x000000060aa00000| Untracked 
|  86|0x000000060ac00000, 0x000000060ac00000, 0x000000060ae00000|  0%| F|  |TAMS 0x000000060ac00000, 0x000000060ac00000| Untracked 
|  87|0x000000060ae00000, 0x000000060ae00000, 0x000000060b000000|  0%| F|  |TAMS 0x000000060ae00000, 0x000000060ae00000| Untracked 
|  88|0x000000060b000000, 0x000000060b000000, 0x000000060b200000|  0%| F|  |TAMS 0x000000060b000000, 0x000000060b000000| Untracked 
|  89|0x000000060b200000, 0x000000060b200000, 0x000000060b400000|  0%| F|  |TAMS 0x000000060b200000, 0x000000060b200000| Untracked 
|  90|0x000000060b400000, 0x000000060b400000, 0x000000060b600000|  0%| F|  |TAMS 0x000000060b400000, 0x000000060b400000| Untracked 
|  91|0x000000060b600000, 0x000000060b600000, 0x000000060b800000|  0%| F|  |TAMS 0x000000060b600000, 0x000000060b600000| Untracked 
|  92|0x000000060b800000, 0x000000060b800000, 0x000000060ba00000|  0%| F|  |TAMS 0x000000060b800000, 0x000000060b800000| Untracked 
|  93|0x000000060ba00000, 0x000000060ba00000, 0x000000060bc00000|  0%| F|  |TAMS 0x000000060ba00000, 0x000000060ba00000| Untracked 
|  94|0x000000060bc00000, 0x000000060bc00000, 0x000000060be00000|  0%| F|  |TAMS 0x000000060bc00000, 0x000000060bc00000| Untracked 
|  95|0x000000060be00000, 0x000000060be00000, 0x000000060c000000|  0%| F|  |TAMS 0x000000060be00000, 0x000000060be00000| Untracked 
|  96|0x000000060c000000, 0x000000060c000000, 0x000000060c200000|  0%| F|  |TAMS 0x000000060c000000, 0x000000060c000000| Untracked 
|  97|0x000000060c200000, 0x000000060c200000, 0x000000060c400000|  0%| F|  |TAMS 0x000000060c200000, 0x000000060c200000| Untracked 
|  98|0x000000060c400000, 0x000000060c400000, 0x000000060c600000|  0%| F|  |TAMS 0x000000060c400000, 0x000000060c400000| Untracked 
|  99|0x000000060c600000, 0x000000060c600000, 0x000000060c800000|  0%| F|  |TAMS 0x000000060c600000, 0x000000060c600000| Untracked 
| 100|0x000000060c800000, 0x000000060c800000, 0x000000060ca00000|  0%| F|  |TAMS 0x000000060c800000, 0x000000060c800000| Untracked 
| 101|0x000000060ca00000, 0x000000060ca00000, 0x000000060cc00000|  0%| F|  |TAMS 0x000000060ca00000, 0x000000060ca00000| Untracked 
| 102|0x000000060cc00000, 0x000000060cc00000, 0x000000060ce00000|  0%| F|  |TAMS 0x000000060cc00000, 0x000000060cc00000| Untracked 
| 103|0x000000060ce00000, 0x000000060ce00000, 0x000000060d000000|  0%| F|  |TAMS 0x000000060ce00000, 0x000000060ce00000| Untracked 
| 104|0x000000060d000000, 0x000000060d000000, 0x000000060d200000|  0%| F|  |TAMS 0x000000060d000000, 0x000000060d000000| Untracked 
| 105|0x000000060d200000, 0x000000060d200000, 0x000000060d400000|  0%| F|  |TAMS 0x000000060d200000, 0x000000060d200000| Untracked 
| 106|0x000000060d400000, 0x000000060d400000, 0x000000060d600000|  0%| F|  |TAMS 0x000000060d400000, 0x000000060d400000| Untracked 
| 107|0x000000060d600000, 0x000000060d600000, 0x000000060d800000|  0%| F|  |TAMS 0x000000060d600000, 0x000000060d600000| Untracked 
| 108|0x000000060d800000, 0x000000060d800000, 0x000000060da00000|  0%| F|  |TAMS 0x000000060d800000, 0x000000060d800000| Untracked 
| 109|0x000000060da00000, 0x000000060da00000, 0x000000060dc00000|  0%| F|  |TAMS 0x000000060da00000, 0x000000060da00000| Untracked 
| 110|0x000000060dc00000, 0x000000060dc00000, 0x000000060de00000|  0%| F|  |TAMS 0x000000060dc00000, 0x000000060dc00000| Untracked 
| 111|0x000000060de00000, 0x000000060de00000, 0x000000060e000000|  0%| F|  |TAMS 0x000000060de00000, 0x000000060de00000| Untracked 
| 112|0x000000060e000000, 0x000000060e000000, 0x000000060e200000|  0%| F|  |TAMS 0x000000060e000000, 0x000000060e000000| Untracked 
| 113|0x000000060e200000, 0x000000060e200000, 0x000000060e400000|  0%| F|  |TAMS 0x000000060e200000, 0x000000060e200000| Untracked 
| 114|0x000000060e400000, 0x000000060e400000, 0x000000060e600000|  0%| F|  |TAMS 0x000000060e400000, 0x000000060e400000| Untracked 
| 115|0x000000060e600000, 0x000000060e600000, 0x000000060e800000|  0%| F|  |TAMS 0x000000060e600000, 0x000000060e600000| Untracked 
| 116|0x000000060e800000, 0x000000060e800000, 0x000000060ea00000|  0%| F|  |TAMS 0x000000060e800000, 0x000000060e800000| Untracked 
| 117|0x000000060ea00000, 0x000000060ea00000, 0x000000060ec00000|  0%| F|  |TAMS 0x000000060ea00000, 0x000000060ea00000| Untracked 
| 118|0x000000060ec00000, 0x000000060ec00000, 0x000000060ee00000|  0%| F|  |TAMS 0x000000060ec00000, 0x000000060ec00000| Untracked 
| 119|0x000000060ee00000, 0x000000060ee00000, 0x000000060f000000|  0%| F|  |TAMS 0x000000060ee00000, 0x000000060ee00000| Untracked 
| 120|0x000000060f000000, 0x000000060f000000, 0x000000060f200000|  0%| F|  |TAMS 0x000000060f000000, 0x000000060f000000| Untracked 
| 121|0x000000060f200000, 0x000000060f200000, 0x000000060f400000|  0%| F|  |TAMS 0x000000060f200000, 0x000000060f200000| Untracked 
| 122|0x000000060f400000, 0x000000060f400000, 0x000000060f600000|  0%| F|  |TAMS 0x000000060f400000, 0x000000060f400000| Untracked 
| 123|0x000000060f600000, 0x000000060f600000, 0x000000060f800000|  0%| F|  |TAMS 0x000000060f600000, 0x000000060f600000| Untracked 
| 124|0x000000060f800000, 0x000000060f800000, 0x000000060fa00000|  0%| F|  |TAMS 0x000000060f800000, 0x000000060f800000| Untracked 
| 125|0x000000060fa00000, 0x000000060fa00000, 0x000000060fc00000|  0%| F|  |TAMS 0x000000060fa00000, 0x000000060fa00000| Untracked 
| 126|0x000000060fc00000, 0x000000060fc00000, 0x000000060fe00000|  0%| F|  |TAMS 0x000000060fc00000, 0x000000060fc00000| Untracked 
| 127|0x000000060fe00000, 0x000000060fe00000, 0x0000000610000000|  0%| F|  |TAMS 0x000000060fe00000, 0x000000060fe00000| Untracked 
| 128|0x0000000610000000, 0x0000000610000000, 0x0000000610200000|  0%| F|  |TAMS 0x0000000610000000, 0x0000000610000000| Untracked 
| 129|0x0000000610200000, 0x0000000610200000, 0x0000000610400000|  0%| F|  |TAMS 0x0000000610200000, 0x0000000610200000| Untracked 
| 130|0x0000000610400000, 0x0000000610400000, 0x0000000610600000|  0%| F|  |TAMS 0x0000000610400000, 0x0000000610400000| Untracked 
| 131|0x0000000610600000, 0x0000000610600000, 0x0000000610800000|  0%| F|  |TAMS 0x0000000610600000, 0x0000000610600000| Untracked 
| 132|0x0000000610800000, 0x0000000610800000, 0x0000000610a00000|  0%| F|  |TAMS 0x0000000610800000, 0x0000000610800000| Untracked 
| 133|0x0000000610a00000, 0x0000000610a00000, 0x0000000610c00000|  0%| F|  |TAMS 0x0000000610a00000, 0x0000000610a00000| Untracked 
| 134|0x0000000610c00000, 0x0000000610c00000, 0x0000000610e00000|  0%| F|  |TAMS 0x0000000610c00000, 0x0000000610c00000| Untracked 
| 135|0x0000000610e00000, 0x0000000610e00000, 0x0000000611000000|  0%| F|  |TAMS 0x0000000610e00000, 0x0000000610e00000| Untracked 
| 136|0x0000000611000000, 0x0000000611000000, 0x0000000611200000|  0%| F|  |TAMS 0x0000000611000000, 0x0000000611000000| Untracked 
| 137|0x0000000611200000, 0x0000000611200000, 0x0000000611400000|  0%| F|  |TAMS 0x0000000611200000, 0x0000000611200000| Untracked 
| 138|0x0000000611400000, 0x0000000611400000, 0x0000000611600000|  0%| F|  |TAMS 0x0000000611400000, 0x0000000611400000| Untracked 
| 139|0x0000000611600000, 0x0000000611600000, 0x0000000611800000|  0%| F|  |TAMS 0x0000000611600000, 0x0000000611600000| Untracked 
| 140|0x0000000611800000, 0x0000000611800000, 0x0000000611a00000|  0%| F|  |TAMS 0x0000000611800000, 0x0000000611800000| Untracked 
| 141|0x0000000611a00000, 0x0000000611a00000, 0x0000000611c00000|  0%| F|  |TAMS 0x0000000611a00000, 0x0000000611a00000| Untracked 
| 142|0x0000000611c00000, 0x0000000611c00000, 0x0000000611e00000|  0%| F|  |TAMS 0x0000000611c00000, 0x0000000611c00000| Untracked 
| 143|0x0000000611e00000, 0x0000000611e00000, 0x0000000612000000|  0%| F|  |TAMS 0x0000000611e00000, 0x0000000611e00000| Untracked 
| 144|0x0000000612000000, 0x0000000612000000, 0x0000000612200000|  0%| F|  |TAMS 0x0000000612000000, 0x0000000612000000| Untracked 
| 145|0x0000000612200000, 0x0000000612200000, 0x0000000612400000|  0%| F|  |TAMS 0x0000000612200000, 0x0000000612200000| Untracked 
| 146|0x0000000612400000, 0x0000000612400000, 0x0000000612600000|  0%| F|  |TAMS 0x0000000612400000, 0x0000000612400000| Untracked 
| 147|0x0000000612600000, 0x0000000612600000, 0x0000000612800000|  0%| F|  |TAMS 0x0000000612600000, 0x0000000612600000| Untracked 
| 148|0x0000000612800000, 0x0000000612800000, 0x0000000612a00000|  0%| F|  |TAMS 0x0000000612800000, 0x0000000612800000| Untracked 
| 149|0x0000000612a00000, 0x0000000612a00000, 0x0000000612c00000|  0%| F|  |TAMS 0x0000000612a00000, 0x0000000612a00000| Untracked 
| 150|0x0000000612c00000, 0x0000000612c00000, 0x0000000612e00000|  0%| F|  |TAMS 0x0000000612c00000, 0x0000000612c00000| Untracked 
| 151|0x0000000612e00000, 0x0000000612e00000, 0x0000000613000000|  0%| F|  |TAMS 0x0000000612e00000, 0x0000000612e00000| Untracked 
| 152|0x0000000613000000, 0x0000000613000000, 0x0000000613200000|  0%| F|  |TAMS 0x0000000613000000, 0x0000000613000000| Untracked 
| 153|0x0000000613200000, 0x0000000613200000, 0x0000000613400000|  0%| F|  |TAMS 0x0000000613200000, 0x0000000613200000| Untracked 
| 154|0x0000000613400000, 0x0000000613400000, 0x0000000613600000|  0%| F|  |TAMS 0x0000000613400000, 0x0000000613400000| Untracked 
| 155|0x0000000613600000, 0x0000000613600000, 0x0000000613800000|  0%| F|  |TAMS 0x0000000613600000, 0x0000000613600000| Untracked 
| 156|0x0000000613800000, 0x0000000613800000, 0x0000000613a00000|  0%| F|  |TAMS 0x0000000613800000, 0x0000000613800000| Untracked 
| 157|0x0000000613a00000, 0x0000000613a00000, 0x0000000613c00000|  0%| F|  |TAMS 0x0000000613a00000, 0x0000000613a00000| Untracked 
| 158|0x0000000613c00000, 0x0000000613c00000, 0x0000000613e00000|  0%| F|  |TAMS 0x0000000613c00000, 0x0000000613c00000| Untracked 
| 159|0x0000000613e00000, 0x0000000613e00000, 0x0000000614000000|  0%| F|  |TAMS 0x0000000613e00000, 0x0000000613e00000| Untracked 
| 160|0x0000000614000000, 0x0000000614000000, 0x0000000614200000|  0%| F|  |TAMS 0x0000000614000000, 0x0000000614000000| Untracked 
| 161|0x0000000614200000, 0x0000000614200000, 0x0000000614400000|  0%| F|  |TAMS 0x0000000614200000, 0x0000000614200000| Untracked 
| 162|0x0000000614400000, 0x0000000614400000, 0x0000000614600000|  0%| F|  |TAMS 0x0000000614400000, 0x0000000614400000| Untracked 
| 163|0x0000000614600000, 0x0000000614600000, 0x0000000614800000|  0%| F|  |TAMS 0x0000000614600000, 0x0000000614600000| Untracked 
| 164|0x0000000614800000, 0x0000000614800000, 0x0000000614a00000|  0%| F|  |TAMS 0x0000000614800000, 0x0000000614800000| Untracked 
| 165|0x0000000614a00000, 0x0000000614a00000, 0x0000000614c00000|  0%| F|  |TAMS 0x0000000614a00000, 0x0000000614a00000| Untracked 
| 166|0x0000000614c00000, 0x0000000614c00000, 0x0000000614e00000|  0%| F|  |TAMS 0x0000000614c00000, 0x0000000614c00000| Untracked 
| 167|0x0000000614e00000, 0x0000000614e00000, 0x0000000615000000|  0%| F|  |TAMS 0x0000000614e00000, 0x0000000614e00000| Untracked 
| 168|0x0000000615000000, 0x0000000615000000, 0x0000000615200000|  0%| F|  |TAMS 0x0000000615000000, 0x0000000615000000| Untracked 
| 169|0x0000000615200000, 0x0000000615200000, 0x0000000615400000|  0%| F|  |TAMS 0x0000000615200000, 0x0000000615200000| Untracked 
| 170|0x0000000615400000, 0x0000000615400000, 0x0000000615600000|  0%| F|  |TAMS 0x0000000615400000, 0x0000000615400000| Untracked 
| 171|0x0000000615600000, 0x0000000615600000, 0x0000000615800000|  0%| F|  |TAMS 0x0000000615600000, 0x0000000615600000| Untracked 
| 172|0x0000000615800000, 0x0000000615800000, 0x0000000615a00000|  0%| F|  |TAMS 0x0000000615800000, 0x0000000615800000| Untracked 
| 173|0x0000000615a00000, 0x0000000615a00000, 0x0000000615c00000|  0%| F|  |TAMS 0x0000000615a00000, 0x0000000615a00000| Untracked 
| 174|0x0000000615c00000, 0x0000000615c00000, 0x0000000615e00000|  0%| F|  |TAMS 0x0000000615c00000, 0x0000000615c00000| Untracked 
| 175|0x0000000615e00000, 0x0000000615e00000, 0x0000000616000000|  0%| F|  |TAMS 0x0000000615e00000, 0x0000000615e00000| Untracked 
| 176|0x0000000616000000, 0x0000000616000000, 0x0000000616200000|  0%| F|  |TAMS 0x0000000616000000, 0x0000000616000000| Untracked 
| 177|0x0000000616200000, 0x0000000616200000, 0x0000000616400000|  0%| F|  |TAMS 0x0000000616200000, 0x0000000616200000| Untracked 
| 178|0x0000000616400000, 0x0000000616400000, 0x0000000616600000|  0%| F|  |TAMS 0x0000000616400000, 0x0000000616400000| Untracked 
| 179|0x0000000616600000, 0x0000000616600000, 0x0000000616800000|  0%| F|  |TAMS 0x0000000616600000, 0x0000000616600000| Untracked 
| 180|0x0000000616800000, 0x0000000616800000, 0x0000000616a00000|  0%| F|  |TAMS 0x0000000616800000, 0x0000000616800000| Untracked 
| 181|0x0000000616a00000, 0x0000000616a00000, 0x0000000616c00000|  0%| F|  |TAMS 0x0000000616a00000, 0x0000000616a00000| Untracked 
| 182|0x0000000616c00000, 0x0000000616c00000, 0x0000000616e00000|  0%| F|  |TAMS 0x0000000616c00000, 0x0000000616c00000| Untracked 
| 183|0x0000000616e00000, 0x0000000616e00000, 0x0000000617000000|  0%| F|  |TAMS 0x0000000616e00000, 0x0000000616e00000| Untracked 
| 184|0x0000000617000000, 0x0000000617000000, 0x0000000617200000|  0%| F|  |TAMS 0x0000000617000000, 0x0000000617000000| Untracked 
| 185|0x0000000617200000, 0x0000000617200000, 0x0000000617400000|  0%| F|  |TAMS 0x0000000617200000, 0x0000000617200000| Untracked 
| 186|0x0000000617400000, 0x0000000617400000, 0x0000000617600000|  0%| F|  |TAMS 0x0000000617400000, 0x0000000617400000| Untracked 
| 187|0x0000000617600000, 0x0000000617600000, 0x0000000617800000|  0%| F|  |TAMS 0x0000000617600000, 0x0000000617600000| Untracked 
| 188|0x0000000617800000, 0x0000000617800000, 0x0000000617a00000|  0%| F|  |TAMS 0x0000000617800000, 0x0000000617800000| Untracked 
| 189|0x0000000617a00000, 0x0000000617a00000, 0x0000000617c00000|  0%| F|  |TAMS 0x0000000617a00000, 0x0000000617a00000| Untracked 
| 190|0x0000000617c00000, 0x0000000617c00000, 0x0000000617e00000|  0%| F|  |TAMS 0x0000000617c00000, 0x0000000617c00000| Untracked 
| 191|0x0000000617e00000, 0x0000000617e00000, 0x0000000618000000|  0%| F|  |TAMS 0x0000000617e00000, 0x0000000617e00000| Untracked 
| 192|0x0000000618000000, 0x0000000618000000, 0x0000000618200000|  0%| F|  |TAMS 0x0000000618000000, 0x0000000618000000| Untracked 
| 193|0x0000000618200000, 0x0000000618200000, 0x0000000618400000|  0%| F|  |TAMS 0x0000000618200000, 0x0000000618200000| Untracked 
| 194|0x0000000618400000, 0x0000000618400000, 0x0000000618600000|  0%| F|  |TAMS 0x0000000618400000, 0x0000000618400000| Untracked 
| 195|0x0000000618600000, 0x0000000618600000, 0x0000000618800000|  0%| F|  |TAMS 0x0000000618600000, 0x0000000618600000| Untracked 
| 196|0x0000000618800000, 0x0000000618800000, 0x0000000618a00000|  0%| F|  |TAMS 0x0000000618800000, 0x0000000618800000| Untracked 
| 197|0x0000000618a00000, 0x0000000618a00000, 0x0000000618c00000|  0%| F|  |TAMS 0x0000000618a00000, 0x0000000618a00000| Untracked 
| 198|0x0000000618c00000, 0x0000000618c00000, 0x0000000618e00000|  0%| F|  |TAMS 0x0000000618c00000, 0x0000000618c00000| Untracked 
| 199|0x0000000618e00000, 0x0000000618e00000, 0x0000000619000000|  0%| F|  |TAMS 0x0000000618e00000, 0x0000000618e00000| Untracked 
| 200|0x0000000619000000, 0x0000000619000000, 0x0000000619200000|  0%| F|  |TAMS 0x0000000619000000, 0x0000000619000000| Untracked 
| 201|0x0000000619200000, 0x0000000619200000, 0x0000000619400000|  0%| F|  |TAMS 0x0000000619200000, 0x0000000619200000| Untracked 
| 202|0x0000000619400000, 0x0000000619400000, 0x0000000619600000|  0%| F|  |TAMS 0x0000000619400000, 0x0000000619400000| Untracked 
| 203|0x0000000619600000, 0x0000000619600000, 0x0000000619800000|  0%| F|  |TAMS 0x0000000619600000, 0x0000000619600000| Untracked 
| 204|0x0000000619800000, 0x0000000619800000, 0x0000000619a00000|  0%| F|  |TAMS 0x0000000619800000, 0x0000000619800000| Untracked 
| 205|0x0000000619a00000, 0x0000000619a00000, 0x0000000619c00000|  0%| F|  |TAMS 0x0000000619a00000, 0x0000000619a00000| Untracked 
| 206|0x0000000619c00000, 0x0000000619c00000, 0x0000000619e00000|  0%| F|  |TAMS 0x0000000619c00000, 0x0000000619c00000| Untracked 
| 207|0x0000000619e00000, 0x0000000619e00000, 0x000000061a000000|  0%| F|  |TAMS 0x0000000619e00000, 0x0000000619e00000| Untracked 
| 208|0x000000061a000000, 0x000000061a000000, 0x000000061a200000|  0%| F|  |TAMS 0x000000061a000000, 0x000000061a000000| Untracked 
| 209|0x000000061a200000, 0x000000061a200000, 0x000000061a400000|  0%| F|  |TAMS 0x000000061a200000, 0x000000061a200000| Untracked 
| 210|0x000000061a400000, 0x000000061a400000, 0x000000061a600000|  0%| F|  |TAMS 0x000000061a400000, 0x000000061a400000| Untracked 
| 211|0x000000061a600000, 0x000000061a600000, 0x000000061a800000|  0%| F|  |TAMS 0x000000061a600000, 0x000000061a600000| Untracked 
| 212|0x000000061a800000, 0x000000061a800000, 0x000000061aa00000|  0%| F|  |TAMS 0x000000061a800000, 0x000000061a800000| Untracked 
| 213|0x000000061aa00000, 0x000000061aa00000, 0x000000061ac00000|  0%| F|  |TAMS 0x000000061aa00000, 0x000000061aa00000| Untracked 
| 214|0x000000061ac00000, 0x000000061ac00000, 0x000000061ae00000|  0%| F|  |TAMS 0x000000061ac00000, 0x000000061ac00000| Untracked 
| 215|0x000000061ae00000, 0x000000061ae00000, 0x000000061b000000|  0%| F|  |TAMS 0x000000061ae00000, 0x000000061ae00000| Untracked 
| 216|0x000000061b000000, 0x000000061b000000, 0x000000061b200000|  0%| F|  |TAMS 0x000000061b000000, 0x000000061b000000| Untracked 
| 217|0x000000061b200000, 0x000000061b200000, 0x000000061b400000|  0%| F|  |TAMS 0x000000061b200000, 0x000000061b200000| Untracked 
| 218|0x000000061b400000, 0x000000061b400000, 0x000000061b600000|  0%| F|  |TAMS 0x000000061b400000, 0x000000061b400000| Untracked 
| 219|0x000000061b600000, 0x000000061b600000, 0x000000061b800000|  0%| F|  |TAMS 0x000000061b600000, 0x000000061b600000| Untracked 
| 220|0x000000061b800000, 0x000000061b800000, 0x000000061ba00000|  0%| F|  |TAMS 0x000000061b800000, 0x000000061b800000| Untracked 
| 221|0x000000061ba00000, 0x000000061ba00000, 0x000000061bc00000|  0%| F|  |TAMS 0x000000061ba00000, 0x000000061ba00000| Untracked 
| 222|0x000000061bc00000, 0x000000061bc00000, 0x000000061be00000|  0%| F|  |TAMS 0x000000061bc00000, 0x000000061bc00000| Untracked 
| 223|0x000000061be00000, 0x000000061be00000, 0x000000061c000000|  0%| F|  |TAMS 0x000000061be00000, 0x000000061be00000| Untracked 
| 224|0x000000061c000000, 0x000000061c000000, 0x000000061c200000|  0%| F|  |TAMS 0x000000061c000000, 0x000000061c000000| Untracked 
| 225|0x000000061c200000, 0x000000061c200000, 0x000000061c400000|  0%| F|  |TAMS 0x000000061c200000, 0x000000061c200000| Untracked 
| 226|0x000000061c400000, 0x000000061c400000, 0x000000061c600000|  0%| F|  |TAMS 0x000000061c400000, 0x000000061c400000| Untracked 
| 227|0x000000061c600000, 0x000000061c600000, 0x000000061c800000|  0%| F|  |TAMS 0x000000061c600000, 0x000000061c600000| Untracked 
| 228|0x000000061c800000, 0x000000061c800000, 0x000000061ca00000|  0%| F|  |TAMS 0x000000061c800000, 0x000000061c800000| Untracked 
| 229|0x000000061ca00000, 0x000000061ca00000, 0x000000061cc00000|  0%| F|  |TAMS 0x000000061ca00000, 0x000000061ca00000| Untracked 
| 230|0x000000061cc00000, 0x000000061cc00000, 0x000000061ce00000|  0%| F|  |TAMS 0x000000061cc00000, 0x000000061cc00000| Untracked 
| 231|0x000000061ce00000, 0x000000061ce00000, 0x000000061d000000|  0%| F|  |TAMS 0x000000061ce00000, 0x000000061ce00000| Untracked 
| 232|0x000000061d000000, 0x000000061d000000, 0x000000061d200000|  0%| F|  |TAMS 0x000000061d000000, 0x000000061d000000| Untracked 
| 233|0x000000061d200000, 0x000000061d200000, 0x000000061d400000|  0%| F|  |TAMS 0x000000061d200000, 0x000000061d200000| Untracked 
| 234|0x000000061d400000, 0x000000061d400000, 0x000000061d600000|  0%| F|  |TAMS 0x000000061d400000, 0x000000061d400000| Untracked 
| 235|0x000000061d600000, 0x000000061d600000, 0x000000061d800000|  0%| F|  |TAMS 0x000000061d600000, 0x000000061d600000| Untracked 
| 236|0x000000061d800000, 0x000000061d800000, 0x000000061da00000|  0%| F|  |TAMS 0x000000061d800000, 0x000000061d800000| Untracked 
| 237|0x000000061da00000, 0x000000061da00000, 0x000000061dc00000|  0%| F|  |TAMS 0x000000061da00000, 0x000000061da00000| Untracked 
| 238|0x000000061dc00000, 0x000000061dc00000, 0x000000061de00000|  0%| F|  |TAMS 0x000000061dc00000, 0x000000061dc00000| Untracked 
| 239|0x000000061de00000, 0x000000061de00000, 0x000000061e000000|  0%| F|  |TAMS 0x000000061de00000, 0x000000061de00000| Untracked 
| 240|0x000000061e000000, 0x000000061e000000, 0x000000061e200000|  0%| F|  |TAMS 0x000000061e000000, 0x000000061e000000| Untracked 
| 241|0x000000061e200000, 0x000000061e200000, 0x000000061e400000|  0%| F|  |TAMS 0x000000061e200000, 0x000000061e200000| Untracked 
| 242|0x000000061e400000, 0x000000061e600000, 0x000000061e600000|100%| S|CS|TAMS 0x000000061e400000, 0x000000061e400000| Complete 
| 243|0x000000061e600000, 0x000000061e800000, 0x000000061e800000|100%| S|CS|TAMS 0x000000061e600000, 0x000000061e600000| Complete 
| 244|0x000000061e800000, 0x000000061e800000, 0x000000061ea00000|  0%| F|  |TAMS 0x000000061e800000, 0x000000061e800000| Untracked 
| 245|0x000000061ea00000, 0x000000061ec00000, 0x000000061ec00000|100%| E|  |TAMS 0x000000061ea00000, 0x000000061ea00000| Complete 
| 246|0x000000061ec00000, 0x000000061ee00000, 0x000000061ee00000|100%| E|CS|TAMS 0x000000061ec00000, 0x000000061ec00000| Complete 
| 247|0x000000061ee00000, 0x000000061f000000, 0x000000061f000000|100%| E|CS|TAMS 0x000000061ee00000, 0x000000061ee00000| Complete 
| 248|0x000000061f000000, 0x000000061f200000, 0x000000061f200000|100%| E|CS|TAMS 0x000000061f000000, 0x000000061f000000| Complete 
| 249|0x000000061f200000, 0x000000061f400000, 0x000000061f400000|100%| E|CS|TAMS 0x000000061f200000, 0x000000061f200000| Complete 
| 250|0x000000061f400000, 0x000000061f600000, 0x000000061f600000|100%| E|CS|TAMS 0x000000061f400000, 0x000000061f400000| Complete 
| 251|0x000000061f600000, 0x000000061f800000, 0x000000061f800000|100%| E|CS|TAMS 0x000000061f600000, 0x000000061f600000| Complete 
| 252|0x000000061f800000, 0x000000061fa00000, 0x000000061fa00000|100%| E|CS|TAMS 0x000000061f800000, 0x000000061f800000| Complete 
| 253|0x000000061fa00000, 0x000000061fc00000, 0x000000061fc00000|100%| E|CS|TAMS 0x000000061fa00000, 0x000000061fa00000| Complete 
| 254|0x000000061fc00000, 0x000000061fe00000, 0x000000061fe00000|100%| E|CS|TAMS 0x000000061fc00000, 0x000000061fc00000| Complete 
| 255|0x000000061fe00000, 0x0000000620000000, 0x0000000620000000|100%| E|CS|TAMS 0x000000061fe00000, 0x000000061fe00000| Complete 

Card table byte_map: [0x0000000128b27000,0x0000000129b27000] _byte_map_base: 0x0000000125b27000

Marking Bits (Prev, Next): (CMBitMap*) 0x00007faaa6029818, (CMBitMap*) 0x00007faaa6029850
 Prev Bits: [0x000000012ab27000, 0x0000000132b27000)
 Next Bits: [0x0000000132b27000, 0x000000013ab27000)

Polling page: 0x000000010d0c0000

Metaspace:

Usage:
  Non-class:     15.60 MB capacity,    15.34 MB ( 98%) used,   213.41 KB (  1%) free+waste,    50.94 KB ( <1%) overhead. 
      Class:      2.15 MB capacity,     1.96 MB ( 91%) used,   166.02 KB (  8%) free+waste,    25.69 KB (  1%) overhead. 
       Both:     17.75 MB capacity,    17.30 MB ( 97%) used,   379.42 KB (  2%) free+waste,    76.62 KB ( <1%) overhead. 

Virtual space:
  Non-class space:       16.00 MB reserved,      15.75 MB ( 98%) committed 
      Class space:        1.00 GB reserved,       2.25 MB ( <1%) committed 
             Both:        1.02 GB reserved,      18.00 MB (  2%) committed 

Chunk freelists:
   Non-Class:  18.00 KB
       Class:  10.00 KB
        Both:  28.00 KB

MaxMetaspaceSize: unlimited
CompressedClassSpaceSize: 1.00 GB

CodeHeap 'non-profiled nmethods': size=233880Kb used=2456Kb max_used=2456Kb free=231423Kb
 bounds [0x00000001196c1000, 0x0000000119931000, 0x0000000127b27000]
CodeHeap 'non-nmethods': size=11880Kb used=1111Kb max_used=1111Kb free=10768Kb
 bounds [0x0000000118b27000, 0x0000000118d97000, 0x00000001196c1000]
 total_blobs=2119 nmethods=1673 adapters=357
 compilation: enabled
              stopped_count=0, restarted_count=0
 full_count=0

Compilation events (20 events):
Event: 0.640 Thread 0x00007faaa8022800 nmethod 1635 0x000000011991a890 code [0x000000011991aa80, 0x000000011991acd8]
Event: 0.640 Thread 0x00007faaa8022800 1639       1       org.springframework.boot.context.properties.source.ConfigurationPropertyName::elementsEqual (40 bytes)
Event: 0.640 Thread 0x00007faaa8022800 nmethod 1639 0x000000011991ae90 code [0x000000011991b040, 0x000000011991b208]
Event: 0.640 Thread 0x00007faaa8022800 1634       1       org.springframework.boot.context.properties.source.ConfigurationPropertyName::elementDiffers (94 bytes)
Event: 0.640 Thread 0x00007faaa8022800 nmethod 1634 0x000000011991b310 code [0x000000011991b500, 0x000000011991b8c8]
Event: 0.640 Thread 0x00007faaa8022800 1636       1       java.util.stream.StreamOpFlag::combineOpFlags (9 bytes)
Event: 0.640 Thread 0x00007faaa8022800 nmethod 1636 0x000000011991bb10 code [0x000000011991bcc0, 0x000000011991bdf0]
Event: 0.640 Thread 0x00007faaa8022800 1637       1       java.util.stream.StreamOpFlag::getMask (30 bytes)
Event: 0.641 Thread 0x00007faaa8022800 nmethod 1637 0x000000011991be90 code [0x000000011991c040, 0x000000011991c170]
Event: 0.641 Thread 0x00007faaa8022800 1638       1       java.util.stream.ReferencePipeline$StatelessOp::opIsStateful (2 bytes)
Event: 0.641 Thread 0x00007faaa8022800 nmethod 1638 0x000000011991c210 code [0x000000011991c3c0, 0x000000011991c4d0]
Event: 0.641 Thread 0x00007faaa8022800 1640       1       org.springframework.boot.context.properties.source.SpringConfigurationPropertySources$SourcesIterator::hasNext (13 bytes)
Event: 0.641 Thread 0x00007faaa8022800 nmethod 1640 0x000000011991c510 code [0x000000011991c6c0, 0x000000011991c808]
Event: 0.641 Thread 0x00007faaa8022800 1641       1       java.lang.Class::getGenericInfo (52 bytes)
Event: 0.641 Thread 0x00007faaa8022800 nmethod 1641 0x000000011991c890 code [0x000000011991ca80, 0x000000011991d088]
Event: 0.641 Thread 0x00007faaa8022800 1648       1       org.springframework.core.ResolvableType::as (86 bytes)
Event: 0.642 Thread 0x00007faaa8022800 nmethod 1648 0x000000011991d290 code [0x000000011991d480, 0x000000011991d6f8]
Event: 0.642 Thread 0x00007faaa8022800 1658       1       org.springframework.core.convert.support.GenericConversionService$Converters::add (79 bytes)
Event: 0.642 Thread 0x00007faaa8022800 nmethod 1658 0x000000011991d890 code [0x000000011991dac0, 0x000000011991deb8]
Event: 0.642 Thread 0x00007faaa8022800 1660       1       org.springframework.core.ResolvableType::getGenerics (148 bytes)

GC Heap History (2 events):
Event: 0.494 GC heap before
{Heap before GC invocations=0 (full 0):
 garbage-first heap   total 524288K, used 22528K [0x0000000600000000, 0x0000000800000000)
  region size 2048K, 12 young (24576K), 0 survivors (0K)
 Metaspace       used 14347K, capacity 14636K, committed 14976K, reserved 1062912K
  class space    used 1505K, capacity 1625K, committed 1664K, reserved 1048576K
}
Event: 0.500 GC heap after
{Heap after GC invocations=1 (full 0):
 garbage-first heap   total 524288K, used 6421K [0x0000000600000000, 0x0000000800000000)
  region size 2048K, 2 young (4096K), 2 survivors (4096K)
 Metaspace       used 14347K, capacity 14636K, committed 14976K, reserved 1062912K
  class space    used 1505K, capacity 1625K, committed 1664K, reserved 1048576K
}

Deoptimization events (0 events):
No events

Classes redefined (0 events):
No events

Internal exceptions (20 events):
Event: 0.511 Thread 0x00007faaa8009800 Exception <a 'java/lang/NoSuchMethodError'{0x000000061fc43320}: 'java.lang.Object java.lang.invoke.DirectMethodHandle$Holder.invokeStatic(java.lang.Object, java.lang.Object, java.lang.Object, java.lang.Object, java.lang.Object, java.lang.Object, java.lang.Object, java.lang.Object, java.lang.Object, java.lang.Object, java.lang.Object, java.lang.Object, java.lang.Object, java.lang.Object, java.lang.Object)'> (0x000000061fc43320) thrown at [./src/hotspot/share/interpreter/linkResolver.cpp, line 773]
Event: 0.512 Thread 0x00007faaa8009800 Exception <a 'java/lang/NoSuchMethodError'{0x000000061fc51240}: 'java.lang.Object java.lang.invoke.DirectMethodHandle$Holder.invokeStatic(java.lang.Object, java.lang.Object, java.lang.Object, java.lang.Object, java.lang.Object, java.lang.Object, java.lang.Object, java.lang.Object, java.lang.Object, java.lang.Object, java.lang.Object, java.lang.Object, java.lang.Object, java.lang.Object, java.lang.Object, java.lang.Object)'> (0x000000061fc51240) thrown at [./src/hotspot/share/interpreter/linkResolver.cpp, l
Event: 0.512 Thread 0x00007faaa8009800 Exception <a 'java/lang/NoSuchMethodError'{0x000000061fc5f158}: 'java.lang.Object java.lang.invoke.DirectMethodHandle$Holder.invokeSpecial(java.lang.Object, java.lang.Object, int, int, java.lang.Object, java.lang.Object, java.lang.Object, java.lang.Object)'> (0x000000061fc5f158) thrown at [./src/hotspot/share/interpreter/linkResolver.cpp, line 773]
Event: 0.513 Thread 0x00007faaa8009800 Exception <a 'java/lang/NoSuchMethodError'{0x000000061fc62890}: 'java.lang.Object java.lang.invoke.DelegatingMethodHandle$Holder.reinvoke_L(java.lang.Object, int, int, java.lang.Object, java.lang.Object, java.lang.Object, java.lang.Object)'> (0x000000061fc62890) thrown at [./src/hotspot/share/interpreter/linkResolver.cpp, line 773]
Event: 0.513 Thread 0x00007faaa8009800 Exception <a 'java/lang/NoSuchMethodError'{0x000000061fc71248}: 'java.lang.Object java.lang.invoke.DirectMethodHandle$Holder.invokeStatic(java.lang.Object, java.lang.Object, java.lang.Object, java.lang.Object, java.lang.Object, java.lang.Object, int)'> (0x000000061fc71248) thrown at [./src/hotspot/share/interpreter/linkResolver.cpp, line 773]
Event: 0.517 Thread 0x00007faaa8009800 Exception <a 'java/io/FileNotFoundException'{0x000000061fcfc180}> (0x000000061fcfc180) thrown at [./src/hotspot/share/prims/jni.cpp, line 615]
Event: 0.566 Thread 0x00007faaa8009800 Exception <a 'java/lang/NoSuchMethodError'{0x000000061f6e7870}: 'int java.lang.invoke.DirectMethodHandle$Holder.invokeSpecial(java.lang.Object, java.lang.Object, java.lang.Object, java.lang.Object)'> (0x000000061f6e7870) thrown at [./src/hotspot/share/interpreter/linkResolver.cpp, line 773]
Event: 0.580 Thread 0x00007faaa8009800 Exception <a 'java/lang/NoSuchMethodError'{0x000000061f4d55b0}: 'java.lang.Object java.lang.invoke.DirectMethodHandle$Holder.invokeSpecial(java.lang.Object, java.lang.Object, java.lang.Object, java.lang.Object, java.lang.Object, java.lang.Object, int)'> (0x000000061f4d55b0) thrown at [./src/hotspot/share/interpreter/linkResolver.cpp, line 773]
Event: 0.580 Thread 0x00007faaa8009800 Exception <a 'java/lang/NoSuchMethodError'{0x000000061f4ded68}: 'java.lang.Object java.lang.invoke.DirectMethodHandle$Holder.invokeSpecial(java.lang.Object, java.lang.Object, java.lang.Object, java.lang.Object, java.lang.Object, java.lang.Object, java.lang.Object, int)'> (0x000000061f4ded68) thrown at [./src/hotspot/share/interpreter/linkResolver.cpp, line 773]
Event: 0.581 Thread 0x00007faaa8009800 Exception <a 'java/lang/NoSuchMethodError'{0x000000061f4e2968}: 'java.lang.Object java.lang.invoke.Invokers$Holder.linkToTargetMethod(java.lang.Object, java.lang.Object, java.lang.Object, java.lang.Object, java.lang.Object, int, java.lang.Object)'> (0x000000061f4e2968) thrown at [./src/hotspot/share/interpreter/linkResolver.cpp, line 773]
Event: 0.585 Thread 0x00007faaa8009800 Exception <a 'java/lang/NoSuchMethodError'{0x000000061f53c930}: 'java.lang.Object java.lang.invoke.DirectMethodHandle$Holder.invokeStatic(java.lang.Object, java.lang.Object, int, java.lang.Object)'> (0x000000061f53c930) thrown at [./src/hotspot/share/interpreter/linkResolver.cpp, line 773]
Event: 0.586 Thread 0x00007faaa8009800 Exception <a 'java/lang/NoSuchMethodError'{0x000000061f543408}: 'java.lang.Object java.lang.invoke.Invokers$Holder.linkToTargetMethod(java.lang.Object, int, java.lang.Object, java.lang.Object)'> (0x000000061f543408) thrown at [./src/hotspot/share/interpreter/linkResolver.cpp, line 773]
Event: 0.587 Thread 0x00007faaa8009800 Exception <a 'java/lang/NoSuchMethodError'{0x000000061f5488b0}: 'void java.lang.invoke.DirectMethodHandle$Holder.invokeSpecial(java.lang.Object, java.lang.Object, java.lang.Object, java.lang.Object, java.lang.Object, java.lang.Object)'> (0x000000061f5488b0) thrown at [./src/hotspot/share/interpreter/linkResolver.cpp, line 773]
Event: 0.588 Thread 0x00007faaa8009800 Exception <a 'java/lang/NoSuchMethodError'{0x000000061f55f490}: 'java.lang.Object java.lang.invoke.Invokers$Holder.linkToTargetMethod(java.lang.Object, java.lang.Object, java.lang.Object, java.lang.Object, java.lang.Object, java.lang.Object)'> (0x000000061f55f490) thrown at [./src/hotspot/share/interpreter/linkResolver.cpp, line 773]
Event: 0.590 Thread 0x00007faaa8009800 Exception <a 'java/lang/NoSuchMethodError'{0x000000061f57ef48}: 'int java.lang.invoke.DirectMethodHandle$Holder.invokeVirtual(java.lang.Object, java.lang.Object)'> (0x000000061f57ef48) thrown at [./src/hotspot/share/interpreter/linkResolver.cpp, line 773]
Event: 0.595 Thread 0x00007faaa8009800 Exception <a 'java/lang/NoSuchMethodError'{0x000000061f218980}: 'void java.lang.invoke.DirectMethodHandle$Holder.invokeStatic(java.lang.Object, java.lang.Object, java.lang.Object, java.lang.Object)'> (0x000000061f218980) thrown at [./src/hotspot/share/interpreter/linkResolver.cpp, line 773]
Event: 0.609 Thread 0x00007faaa8009800 Exception <a 'java/lang/NoSuchMethodError'{0x000000061f05f920}: 'int java.lang.invoke.DirectMethodHandle$Holder.invokeSpecialIFC(java.lang.Object, java.lang.Object, int)'> (0x000000061f05f920) thrown at [./src/hotspot/share/interpreter/linkResolver.cpp, line 773]
Event: 0.614 Thread 0x00007faaa8009800 Exception <a 'java/lang/NoSuchMethodError'{0x000000061f0e0a50}: 'void java.lang.invoke.DirectMethodHandle$Holder.invokeStatic(java.lang.Object, java.lang.Object, int)'> (0x000000061f0e0a50) thrown at [./src/hotspot/share/interpreter/linkResolver.cpp, line 773]
Event: 0.615 Thread 0x00007faaa8009800 Exception <a 'java/lang/NoSuchMethodError'{0x000000061f0e8068}: 'void java.lang.invoke.DirectMethodHandle$Holder.invokeStaticInit(java.lang.Object, java.lang.Object)'> (0x000000061f0e8068) thrown at [./src/hotspot/share/interpreter/linkResolver.cpp, line 773]
Event: 0.639 Thread 0x00007faaa8009800 Exception <a 'java/lang/NoSuchMethodError'{0x000000061ec23b30}: 'void java.lang.invoke.DirectMethodHandle$Holder.invokeSpecial(java.lang.Object, java.lang.Object, java.lang.Object, java.lang.Object, java.lang.Object)'> (0x000000061ec23b30) thrown at [./src/hotspot/share/interpreter/linkResolver.cpp, line 773]

Events (20 events):
Event: 0.641 loading class org/springframework/boot/context/properties/source/ConfigurationPropertyName
Event: 0.641 loading class org/springframework/boot/context/properties/source/ConfigurationPropertyName done
Event: 0.641 loading class org/springframework/boot/context/properties/bind/Binder
Event: 0.641 loading class org/springframework/boot/context/properties/bind/Binder done
Event: 0.641 loading class org/springframework/boot/context/properties/bind/DataObjectPropertyBinder
Event: 0.641 loading class org/springframework/boot/context/properties/bind/DataObjectPropertyBinder done
Event: 0.642 loading class org/springframework/boot/context/properties/source/ConfigurationPropertyName
Event: 0.642 loading class org/springframework/boot/context/properties/source/ConfigurationPropertyName done
Event: 0.642 loading class org/springframework/boot/context/properties/bind/Binder
Event: 0.642 loading class org/springframework/boot/context/properties/bind/Binder done
Event: 0.642 loading class org/springframework/boot/autoconfigure/BackgroundPreinitializer$ValidationInitializer
Event: 0.642 loading class org/springframework/boot/autoconfigure/BackgroundPreinitializer$ValidationInitializer done
Event: 0.642 loading class org/springframework/boot/context/properties/bind/ValueObjectBinder$ValueObject
Event: 0.642 loading class org/springframework/boot/context/properties/bind/ValueObjectBinder$ValueObject done
Event: 0.642 Executing VM operation: RevokeBias
Event: 0.642 Executing VM operation: RevokeBias done
Event: 0.642 loading class javax/validation/Validation
Event: 0.642 loading class javax/validation/Validation done
Event: 0.642 Executing VM operation: RevokeBias
Event: 0.642 Executing VM operation: RevokeBias done


Dynamic libraries:
0x00007fff3508a000 	/System/Library/Frameworks/Cocoa.framework/Versions/A/Cocoa
0x00007fff42867000 	/System/Library/Frameworks/Security.framework/Versions/A/Security
0x00007fff33ff4000 	/System/Library/Frameworks/ApplicationServices.framework/Versions/A/ApplicationServices
0x00007fff6f278000 	/usr/lib/libz.1.dylib
0x000000010d047000 	/Library/Java/JavaVirtualMachines/amazon-corretto-11.jdk/Contents/Home/lib/jli/libjli.dylib
0x00007fff6cd3c000 	/usr/lib/libSystem.B.dylib
0x00007fff331e5000 	/System/Library/Frameworks/AppKit.framework/Versions/C/AppKit
0x00007fff35a0e000 	/System/Library/Frameworks/CoreData.framework/Versions/A/CoreData
0x00007fff385db000 	/System/Library/Frameworks/Foundation.framework/Versions/C/Foundation
0x00007fff66d5d000 	/System/Library/PrivateFrameworks/UIFoundation.framework/Versions/A/UIFoundation
0x00007fff61e0b000 	/System/Library/PrivateFrameworks/RemoteViewServices.framework/Versions/A/RemoteViewServices
0x00007fff698b1000 	/System/Library/PrivateFrameworks/XCTTargetBootstrap.framework/Versions/A/XCTTargetBootstrap
0x00007fff35df9000 	/System/Library/Frameworks/CoreDisplay.framework/Versions/A/CoreDisplay
0x00007fff3b494000 	/System/Library/Frameworks/Metal.framework/Versions/A/Metal
0x00007fff4fe7a000 	/System/Library/PrivateFrameworks/DesktopServicesPriv.framework/Versions/A/DesktopServicesPriv
0x00007fff6de79000 	/usr/lib/liblangid.dylib
0x00007fff4f113000 	/System/Library/PrivateFrameworks/CoreSVG.framework/Versions/A/CoreSVG
0x00007fff64f61000 	/System/Library/PrivateFrameworks/SkyLight.framework/Versions/A/SkyLight
0x00007fff363a6000 	/System/Library/Frameworks/CoreGraphics.framework/Versions/A/CoreGraphics
0x00007fff31bb9000 	/System/Library/Frameworks/Accelerate.framework/Versions/A/Accelerate
0x00007fff6f169000 	/usr/lib/libxml2.2.dylib
0x00007fff5adbd000 	/System/Library/PrivateFrameworks/IconServices.framework/Versions/A/IconServices
0x00007fff38dba000 	/System/Library/Frameworks/IOSurface.framework/Versions/A/IOSurface
0x00007fff6c866000 	/usr/lib/libDiagnosticMessagesClient.dylib
0x00007fff4fcd4000 	/System/Library/PrivateFrameworks/DFRFoundation.framework/Versions/A/DFRFoundation
0x00007fff6dc08000 	/usr/lib/libicucore.A.dylib
0x00007fff34326000 	/System/Library/Frameworks/AudioToolbox.framework/Versions/A/AudioToolbox
0x00007fff34409000 	/System/Library/Frameworks/AudioUnit.framework/Versions/A/AudioUnit
0x00007fff6cf3e000 	/usr/lib/libauto.dylib
0x00007fff4fd76000 	/System/Library/PrivateFrameworks/DataDetectorsCore.framework/Versions/A/DataDetectorsCore
0x00007fff34bab000 	/System/Library/Frameworks/Carbon.framework/Versions/A/Frameworks/HIToolbox.framework/Versions/A/HIToolbox
0x00007fff41a64000 	/System/Library/Frameworks/QuartzCore.framework/Versions/A/QuartzCore
0x00007fff34eea000 	/System/Library/Frameworks/Carbon.framework/Versions/A/Frameworks/SpeechRecognition.framework/Versions/A/SpeechRecognition
0x00007fff4f7eb000 	/System/Library/PrivateFrameworks/CoreUI.framework/Versions/A/CoreUI
0x00007fff35479000 	/System/Library/Frameworks/CoreAudio.framework/Versions/A/CoreAudio
0x00007fff382a0000 	/System/Library/Frameworks/DiskArbitration.framework/Versions/A/DiskArbitration
0x00007fff5ce0a000 	/System/Library/PrivateFrameworks/MultitouchSupport.framework/Versions/A/MultitouchSupport
0x00007fff6dacf000 	/usr/lib/libenergytrace.dylib
0x00007fff38d14000 	/System/Library/Frameworks/IOKit.framework/Versions/A/IOKit
0x00007fff3730d000 	/System/Library/Frameworks/CoreServices.framework/Versions/A/CoreServices
0x00007fff5efa1000 	/System/Library/PrivateFrameworks/PerformanceAnalysis.framework/Versions/A/PerformanceAnalysis
0x00007fff40a97000 	/System/Library/Frameworks/OpenGL.framework/Versions/A/OpenGL
0x00007fff6eb9c000 	/usr/lib/libobjc.A.dylib
0x00007fff35098000 	/System/Library/Frameworks/ColorSync.framework/Versions/A/ColorSync
0x00007fff35f25000 	/System/Library/Frameworks/CoreFoundation.framework/Versions/A/CoreFoundation
0x00007fff36a28000 	/System/Library/Frameworks/CoreImage.framework/Versions/A/CoreImage
0x00007fff37d7f000 	/System/Library/Frameworks/CoreText.framework/Versions/A/CoreText
0x00007fff38e4a000 	/System/Library/Frameworks/ImageIO.framework/Versions/A/ImageIO
0x00007fff6d022000 	/usr/lib/libc++.1.dylib
0x00007fff6d09e000 	/usr/lib/libcompression.dylib
0x00007fff6cbaa000 	/usr/lib/libMobileGestalt.dylib
0x00007fff66ad6000 	/System/Library/PrivateFrameworks/TextureIO.framework/Versions/A/TextureIO
0x00007fff6cea1000 	/usr/lib/libate.dylib
0x00007fff5afc6000 	/System/Library/PrivateFrameworks/InternationalSupport.framework/Versions/A/InternationalSupport
0x00007fff6fb38000 	/usr/lib/system/libcache.dylib
0x00007fff6fb3e000 	/usr/lib/system/libcommonCrypto.dylib
0x00007fff6fb4a000 	/usr/lib/system/libcompiler_rt.dylib
0x00007fff6fb52000 	/usr/lib/system/libcopyfile.dylib
0x00007fff6fb5c000 	/usr/lib/system/libcorecrypto.dylib
0x00007fff6fcfb000 	/usr/lib/system/libdispatch.dylib
0x00007fff6fd3c000 	/usr/lib/system/libdyld.dylib
0x00007fff6fd73000 	/usr/lib/system/libkeymgr.dylib
0x00007fff6fd81000 	/usr/lib/system/liblaunch.dylib
0x00007fff6fd82000 	/usr/lib/system/libmacho.dylib
0x00007fff6fd88000 	/usr/lib/system/libquarantine.dylib
0x00007fff6fd8b000 	/usr/lib/system/libremovefile.dylib
0x00007fff6fd8d000 	/usr/lib/system/libsystem_asl.dylib
0x00007fff6fda5000 	/usr/lib/system/libsystem_blocks.dylib
0x00007fff6fda6000 	/usr/lib/system/libsystem_c.dylib
0x00007fff6fe2e000 	/usr/lib/system/libsystem_configuration.dylib
0x00007fff6fe32000 	/usr/lib/system/libsystem_coreservices.dylib
0x00007fff6fe36000 	/usr/lib/system/libsystem_darwin.dylib
0x00007fff6fe3f000 	/usr/lib/system/libsystem_dnssd.dylib
0x00007fff6fe47000 	/usr/lib/system/libsystem_featureflags.dylib
0x00007fff6fe49000 	/usr/lib/system/libsystem_info.dylib
0x00007fff6fec4000 	/usr/lib/system/libsystem_m.dylib
0x00007fff6ff0c000 	/usr/lib/system/libsystem_malloc.dylib
0x00007fff6ff34000 	/usr/lib/system/libsystem_networkextension.dylib
0x00007fff6ff42000 	/usr/lib/system/libsystem_notify.dylib
0x00007fff6ff60000 	/usr/lib/system/libsystem_sandbox.dylib
0x00007fff6ff65000 	/usr/lib/system/libsystem_secinit.dylib
0x00007fff6fe97000 	/usr/lib/system/libsystem_kernel.dylib
0x00007fff6ff4c000 	/usr/lib/system/libsystem_platform.dylib
0x00007fff6ff55000 	/usr/lib/system/libsystem_pthread.dylib
0x00007fff6ff68000 	/usr/lib/system/libsystem_symptoms.dylib
0x00007fff6ff70000 	/usr/lib/system/libsystem_trace.dylib
0x00007fff6ff88000 	/usr/lib/system/libunwind.dylib
0x00007fff6ff8e000 	/usr/lib/system/libxpc.dylib
0x00007fff6d075000 	/usr/lib/libc++abi.dylib
0x00007fff6de7b000 	/usr/lib/liblzma.5.dylib
0x00007fff6daf6000 	/usr/lib/libfakelink.dylib
0x00007fff6ce2e000 	/usr/lib/libarchive.2.dylib
0x00007fff43917000 	/System/Library/Frameworks/SystemConfiguration.framework/Versions/A/SystemConfiguration
0x00007fff6c799000 	/usr/lib/libCRFSuite.dylib
0x00007fff3479c000 	/System/Library/Frameworks/CFNetwork.framework/Versions/A/CFNetwork
0x00007fff6d004000 	/usr/lib/libbsm.0.dylib
0x00007fff6fd74000 	/usr/lib/system/libkxld.dylib
0x00007fff496a9000 	/System/Library/PrivateFrameworks/AppleFSCompression.framework/Versions/A/AppleFSCompression
0x00007fff6d38f000 	/usr/lib/libcoretls.dylib
0x00007fff6d3a6000 	/usr/lib/libcoretls_cfhelpers.dylib
0x00007fff6ebe2000 	/usr/lib/libpam.2.dylib
0x00007fff6ed17000 	/usr/lib/libsqlite3.dylib
0x00007fff6f156000 	/usr/lib/libxar.1.dylib
0x00007fff6d015000 	/usr/lib/libbz2.1.0.dylib
0x00007fff6db17000 	/usr/lib/libiconv.2.dylib
0x00007fff6d08b000 	/usr/lib/libcharset.1.dylib
0x00007fff6e681000 	/usr/lib/libnetwork.dylib
0x00007fff6ebe9000 	/usr/lib/libpcap.A.dylib
0x00007fff6cde3000 	/usr/lib/libapple_nghttp2.dylib
0x00007fff376c4000 	/System/Library/Frameworks/CoreServices.framework/Versions/A/Frameworks/FSEvents.framework/Versions/A/FSEvents
0x00007fff37394000 	/System/Library/Frameworks/CoreServices.framework/Versions/A/Frameworks/CarbonCore.framework/Versions/A/CarbonCore
0x00007fff37907000 	/System/Library/Frameworks/CoreServices.framework/Versions/A/Frameworks/Metadata.framework/Versions/A/Metadata
0x00007fff379a0000 	/System/Library/Frameworks/CoreServices.framework/Versions/A/Frameworks/OSServices.framework/Versions/A/OSServices
0x00007fff379ce000 	/System/Library/Frameworks/CoreServices.framework/Versions/A/Frameworks/SearchKit.framework/Versions/A/SearchKit
0x00007fff3730e000 	/System/Library/Frameworks/CoreServices.framework/Versions/A/Frameworks/AE.framework/Versions/A/AE
0x00007fff376cd000 	/System/Library/Frameworks/CoreServices.framework/Versions/A/Frameworks/LaunchServices.framework/Versions/A/LaunchServices
0x00007fff37676000 	/System/Library/Frameworks/CoreServices.framework/Versions/A/Frameworks/DictionaryServices.framework/Versions/A/DictionaryServices
0x00007fff37a36000 	/System/Library/Frameworks/CoreServices.framework/Versions/A/Frameworks/SharedFileList.framework/Versions/A/SharedFileList
0x00007fff3c8b7000 	/System/Library/Frameworks/NetFS.framework/Versions/A/NetFS
0x00007fff5d339000 	/System/Library/PrivateFrameworks/NetAuth.framework/Versions/A/NetAuth
0x00007fff69c7e000 	/System/Library/PrivateFrameworks/login.framework/Versions/A/Frameworks/loginsupport.framework/Versions/A/loginsupport
0x00007fff665a3000 	/System/Library/PrivateFrameworks/TCC.framework/Versions/A/TCC
0x00007fff4e286000 	/System/Library/PrivateFrameworks/CoreNLP.framework/Versions/A/CoreNLP
0x00007fff5c838000 	/System/Library/PrivateFrameworks/MetadataUtilities.framework/Versions/A/MetadataUtilities
0x00007fff6df53000 	/usr/lib/libmecabra.dylib
0x00007fff6deab000 	/usr/lib/libmecab.dylib
0x00007fff6db07000 	/usr/lib/libgermantok.dylib
0x00007fff6cdca000 	/usr/lib/libThaiTokenizer.dylib
0x00007fff6c7d0000 	/usr/lib/libChineseTokenizer.dylib
0x00007fff31bd1000 	/System/Library/Frameworks/Accelerate.framework/Versions/A/Frameworks/vImage.framework/Versions/A/vImage
0x00007fff3303b000 	/System/Library/Frameworks/Accelerate.framework/Versions/A/Frameworks/vecLib.framework/Versions/A/vecLib
0x00007fff32f78000 	/System/Library/Frameworks/Accelerate.framework/Versions/A/Frameworks/vecLib.framework/Versions/A/libvMisc.dylib
0x00007fff32da0000 	/System/Library/Frameworks/Accelerate.framework/Versions/A/Frameworks/vecLib.framework/Versions/A/libvDSP.dylib
0x00007fff32228000 	/System/Library/Frameworks/Accelerate.framework/Versions/A/Frameworks/vecLib.framework/Versions/A/libBLAS.dylib
0x00007fff32964000 	/System/Library/Frameworks/Accelerate.framework/Versions/A/Frameworks/vecLib.framework/Versions/A/libLAPACK.dylib
0x00007fff32d00000 	/System/Library/Frameworks/Accelerate.framework/Versions/A/Frameworks/vecLib.framework/Versions/A/libLinearAlgebra.dylib
0x00007fff32d8d000 	/System/Library/Frameworks/Accelerate.framework/Versions/A/Frameworks/vecLib.framework/Versions/A/libSparseBLAS.dylib
0x00007fff32d16000 	/System/Library/Frameworks/Accelerate.framework/Versions/A/Frameworks/vecLib.framework/Versions/A/libQuadrature.dylib
0x00007fff32490000 	/System/Library/Frameworks/Accelerate.framework/Versions/A/Frameworks/vecLib.framework/Versions/A/libBNNS.dylib
0x00007fff32d1c000 	/System/Library/Frameworks/Accelerate.framework/Versions/A/Frameworks/vecLib.framework/Versions/A/libSparse.dylib
0x00007fff5b3ae000 	/System/Library/PrivateFrameworks/LanguageModeling.framework/Versions/A/LanguageModeling
0x00007fff4dc36000 	/System/Library/PrivateFrameworks/CoreEmoji.framework/Versions/A/CoreEmoji
0x00007fff5b4cc000 	/System/Library/PrivateFrameworks/LinguisticData.framework/Versions/A/LinguisticData
0x00007fff5b47d000 	/System/Library/PrivateFrameworks/Lexicon.framework/Versions/A/Lexicon
0x00007fff6d08c000 	/usr/lib/libcmph.dylib
0x00007fff3f4a5000 	/System/Library/Frameworks/OpenDirectory.framework/Versions/A/Frameworks/CFOpenDirectory.framework/Versions/A/CFOpenDirectory
0x00007fff3f4c2000 	/System/Library/Frameworks/OpenDirectory.framework/Versions/A/OpenDirectory
0x00007fff478e2000 	/System/Library/PrivateFrameworks/APFS.framework/Versions/A/APFS
0x00007fff42bb1000 	/System/Library/Frameworks/SecurityFoundation.framework/Versions/A/SecurityFoundation
0x00007fff6f152000 	/usr/lib/libutil.dylib
0x00007fff4f16b000 	/System/Library/PrivateFrameworks/CoreServicesStore.framework/Versions/A/CoreServicesStore
0x00007fff42c68000 	/System/Library/Frameworks/ServiceManagement.framework/Versions/A/ServiceManagement
0x00007fff4ae77000 	/System/Library/PrivateFrameworks/BackgroundTaskManagement.framework/Versions/A/BackgroundTaskManagement
0x00007fff6f24f000 	/usr/lib/libxslt.1.dylib
0x00007fff49d1b000 	/System/Library/PrivateFrameworks/AppleSystemInfo.framework/Versions/A/AppleSystemInfo
0x00007fff39065000 	/System/Library/Frameworks/ImageIO.framework/Versions/A/Resources/libJPEG.dylib
0x00007fff39321000 	/System/Library/Frameworks/ImageIO.framework/Versions/A/Resources/libTIFF.dylib
0x00007fff39304000 	/System/Library/Frameworks/ImageIO.framework/Versions/A/Resources/libPng.dylib
0x00007fff38fa7000 	/System/Library/Frameworks/ImageIO.framework/Versions/A/Resources/libGIF.dylib
0x00007fff38fab000 	/System/Library/Frameworks/ImageIO.framework/Versions/A/Resources/libJP2.dylib
0x00007fff3931f000 	/System/Library/Frameworks/ImageIO.framework/Versions/A/Resources/libRadiance.dylib
0x00007fff6dad0000 	/usr/lib/libexpat.1.dylib
0x00007fff49804000 	/System/Library/PrivateFrameworks/AppleJPEG.framework/Versions/A/AppleJPEG
0x00007fff52430000 	/System/Library/PrivateFrameworks/FontServices.framework/libFontParser.dylib
0x00007fff68c84000 	/System/Library/PrivateFrameworks/WatchdogClient.framework/Versions/A/WatchdogClient
0x00007fff5aa0a000 	/System/Library/PrivateFrameworks/IOAccelerator.framework/Versions/A/IOAccelerator
0x00007fff3b82f000 	/System/Library/Frameworks/MetalPerformanceShaders.framework/Versions/A/MetalPerformanceShaders
0x00007fff571a3000 	/System/Library/PrivateFrameworks/GPUWrangler.framework/Versions/A/GPUWrangler
0x00007fff5aa1f000 	/System/Library/PrivateFrameworks/IOPresentment.framework/Versions/A/IOPresentment
0x00007fff4fce7000 	/System/Library/PrivateFrameworks/DSExternalDisplay.framework/Versions/A/DSExternalDisplay
0x00007fff3fe36000 	/System/Library/Frameworks/OpenGL.framework/Versions/A/Libraries/libCoreFSCache.dylib
0x00007fff3b57b000 	/System/Library/Frameworks/MetalPerformanceShaders.framework/Frameworks/MPSCore.framework/Versions/A/MPSCore
0x00007fff3b5b9000 	/System/Library/Frameworks/MetalPerformanceShaders.framework/Frameworks/MPSImage.framework/Versions/A/MPSImage
0x00007fff3b680000 	/System/Library/Frameworks/MetalPerformanceShaders.framework/Frameworks/MPSNeuralNetwork.framework/Versions/A/MPSNeuralNetwork
0x00007fff3b644000 	/System/Library/Frameworks/MetalPerformanceShaders.framework/Frameworks/MPSMatrix.framework/Versions/A/MPSMatrix
0x00007fff3b7df000 	/System/Library/Frameworks/MetalPerformanceShaders.framework/Frameworks/MPSRayIntersector.framework/Versions/A/MPSRayIntersector
0x00007fff3b66a000 	/System/Library/Frameworks/MetalPerformanceShaders.framework/Frameworks/MPSNDArray.framework/Versions/A/MPSNDArray
0x00007fff5c885000 	/System/Library/PrivateFrameworks/MetalTools.framework/Versions/A/MetalTools
0x00007fff48ab4000 	/System/Library/PrivateFrameworks/AggregateDictionary.framework/Versions/A/AggregateDictionary
0x00007fff4d690000 	/System/Library/PrivateFrameworks/CoreAnalytics.framework/Versions/A/CoreAnalytics
0x00007fff49c3a000 	/System/Library/PrivateFrameworks/AppleSauce.framework/Versions/A/AppleSauce
0x00007fff6ca8c000 	/usr/lib/libIOReport.dylib
0x00007fff37f37000 	/System/Library/Frameworks/CoreVideo.framework/Versions/A/CoreVideo
0x00007fff5861d000 	/System/Library/PrivateFrameworks/GraphVisualizer.framework/Versions/A/GraphVisualizer
0x00007fff51984000 	/System/Library/PrivateFrameworks/FaceCore.framework/Versions/A/FaceCore
0x00007fff3f44c000 	/System/Library/Frameworks/OpenCL.framework/Versions/A/OpenCL
0x00007fff6c8ae000 	/usr/lib/libFosl_dynamic.dylib
0x00007fff5dd4e000 	/System/Library/PrivateFrameworks/OTSVG.framework/Versions/A/OTSVG
0x00007fff340f9000 	/System/Library/Frameworks/ApplicationServices.framework/Versions/A/Frameworks/ATS.framework/Versions/A/Resources/libFontRegistry.dylib
0x00007fff52601000 	/System/Library/PrivateFrameworks/FontServices.framework/libhvf.dylib
0x00007fff3fe41000 	/System/Library/Frameworks/OpenGL.framework/Versions/A/Libraries/libGFXShared.dylib
0x00007fff4001f000 	/System/Library/Frameworks/OpenGL.framework/Versions/A/Libraries/libGLU.dylib
0x00007fff3fe4a000 	/System/Library/Frameworks/OpenGL.framework/Versions/A/Libraries/libGL.dylib
0x00007fff3fe55000 	/System/Library/Frameworks/OpenGL.framework/Versions/A/Libraries/libGLImage.dylib
0x00007fff3fe33000 	/System/Library/Frameworks/OpenGL.framework/Versions/A/Libraries/libCVMSPluginSupport.dylib
0x00007fff3fe3c000 	/System/Library/Frameworks/OpenGL.framework/Versions/A/Libraries/libCoreVMClient.dylib
0x00007fff6e522000 	/usr/lib/libncurses.5.4.dylib
0x00007fff33ff5000 	/System/Library/Frameworks/ApplicationServices.framework/Versions/A/Frameworks/ATS.framework/Versions/A/ATS
0x00007fff341c2000 	/System/Library/Frameworks/ApplicationServices.framework/Versions/A/Frameworks/ColorSyncLegacy.framework/Versions/A/ColorSyncLegacy
0x00007fff34260000 	/System/Library/Frameworks/ApplicationServices.framework/Versions/A/Frameworks/HIServices.framework/Versions/A/HIServices
0x00007fff342b8000 	/System/Library/Frameworks/ApplicationServices.framework/Versions/A/Frameworks/LangAnalysis.framework/Versions/A/LangAnalysis
0x00007fff342c7000 	/System/Library/Frameworks/ApplicationServices.framework/Versions/A/Frameworks/PrintCore.framework/Versions/A/PrintCore
0x00007fff3430d000 	/System/Library/Frameworks/ApplicationServices.framework/Versions/A/Frameworks/QD.framework/Versions/A/QD
0x00007fff34318000 	/System/Library/Frameworks/ApplicationServices.framework/Versions/A/Frameworks/SpeechSynthesis.framework/Versions/A/SpeechSynthesis
0x00007fff34192000 	/System/Library/Frameworks/ApplicationServices.framework/Versions/A/Frameworks/ATSUI.framework/Versions/A/ATSUI
0x00007fff6d964000 	/usr/lib/libcups.2.dylib
0x00007fff3a8cc000 	/System/Library/Frameworks/Kerberos.framework/Versions/A/Kerberos
0x00007fff38a0d000 	/System/Library/Frameworks/GSS.framework/Versions/A/GSS
0x00007fff6eca3000 	/usr/lib/libresolv.9.dylib
0x00007fff587cb000 	/System/Library/PrivateFrameworks/Heimdal.framework/Versions/A/Heimdal
0x00007fff3a8df000 	/System/Library/Frameworks/Kerberos.framework/Versions/A/Libraries/libHeimdalProxy.dylib
0x00007fff6db0d000 	/usr/lib/libheimdal-asn1.dylib
0x00007fff4cb29000 	/System/Library/PrivateFrameworks/CommonAuth.framework/Versions/A/CommonAuth
0x00007fff49db8000 	/System/Library/PrivateFrameworks/AssertionServices.framework/Versions/A/AssertionServices
0x00007fff4a95a000 	/System/Library/PrivateFrameworks/AudioToolboxCore.framework/Versions/A/AudioToolboxCore
0x00007fff6992e000 	/System/Library/PrivateFrameworks/caulk.framework/Versions/A/caulk
0x00007fff4af23000 	/System/Library/PrivateFrameworks/BaseBoard.framework/Versions/A/BaseBoard
0x00007fff61f99000 	/System/Library/PrivateFrameworks/RunningBoardServices.framework/Versions/A/RunningBoardServices
0x00007fff5efad000 	/System/Library/PrivateFrameworks/PersistentConnection.framework/Versions/A/PersistentConnection
0x00007fff61993000 	/System/Library/PrivateFrameworks/ProtocolBuffer.framework/Versions/A/ProtocolBuffer
0x00007fff4cb4d000 	/System/Library/PrivateFrameworks/CommonUtilities.framework/Versions/A/CommonUtilities
0x00007fff4b0b1000 	/System/Library/PrivateFrameworks/Bom.framework/Versions/A/Bom
0x00007fff6c75f000 	/usr/lib/libAudioToolboxUtility.dylib
0x00007fff4ae81000 	/System/Library/PrivateFrameworks/Backup.framework/Versions/A/Backup
0x00007fff4fc08000 	/System/Library/PrivateFrameworks/CrashReporterSupport.framework/Versions/A/CrashReporterSupport
0x00007fff63a27000 	/System/Library/PrivateFrameworks/Sharing.framework/Versions/A/Sharing
0x00007fff493c7000 	/System/Library/PrivateFrameworks/Apple80211.framework/Versions/A/Apple80211
0x00007fff4ab9e000 	/System/Library/PrivateFrameworks/AuthKit.framework/Versions/A/AuthKit
0x00007fff4f918000 	/System/Library/PrivateFrameworks/CoreUtils.framework/Versions/A/CoreUtils
0x00007fff37f7c000 	/System/Library/Frameworks/CoreWLAN.framework/Versions/A/CoreWLAN
0x00007fff38b9a000 	/System/Library/Frameworks/IOBluetooth.framework/Versions/A/IOBluetooth
0x00007fff5cb89000 	/System/Library/PrivateFrameworks/MobileKeyBag.framework/Versions/A/MobileKeyBag
0x00007fff4e71e000 	/System/Library/PrivateFrameworks/CorePhoneNumbers.framework/Versions/A/CorePhoneNumbers
0x00007fff497b7000 	/System/Library/PrivateFrameworks/AppleIDAuthSupport.framework/Versions/A/AppleIDAuthSupport
0x00007fff3c8c4000 	/System/Library/Frameworks/Network.framework/Versions/A/Network
0x00007fff5b25a000 	/System/Library/PrivateFrameworks/KeychainCircle.framework/Versions/A/KeychainCircle
0x00007fff359d5000 	/System/Library/Frameworks/CoreBluetooth.framework/Versions/A/CoreBluetooth
0x00007fff65aa4000 	/System/Library/PrivateFrameworks/SpeechRecognitionCore.framework/Versions/A/SpeechRecognitionCore
0x000000010f755000 	/Library/Java/JavaVirtualMachines/amazon-corretto-11.jdk/Contents/Home/lib/server/libjvm.dylib
0x000000010d083000 	/Library/Java/JavaVirtualMachines/amazon-corretto-11.jdk/Contents/Home/lib/libverify.dylib
0x000000010d094000 	/Library/Java/JavaVirtualMachines/amazon-corretto-11.jdk/Contents/Home/lib/libjava.dylib
0x000000010d0c2000 	/Library/Java/JavaVirtualMachines/amazon-corretto-11.jdk/Contents/Home/lib/libinstrument.dylib
0x000000010d11b000 	/Library/Java/JavaVirtualMachines/amazon-corretto-11.jdk/Contents/Home/lib/libzip.dylib
0x000000010d128000 	/Library/Java/JavaVirtualMachines/amazon-corretto-11.jdk/Contents/Home/lib/libjimage.dylib
0x000000010d15b000 	/Library/Java/JavaVirtualMachines/amazon-corretto-11.jdk/Contents/Home/lib/libnio.dylib
0x000000010d16e000 	/Library/Java/JavaVirtualMachines/amazon-corretto-11.jdk/Contents/Home/lib/libnet.dylib
0x000000010d188000 	/Library/Java/JavaVirtualMachines/amazon-corretto-11.jdk/Contents/Home/lib/libextnet.dylib
0x000000010d190000 	/Library/Java/JavaVirtualMachines/amazon-corretto-11.jdk/Contents/Home/lib/libmanagement.dylib
0x000000010d19a000 	/Library/Java/JavaVirtualMachines/amazon-corretto-11.jdk/Contents/Home/lib/libmanagement_ext.dylib


VM Arguments:
jvm_args: -XX:TieredStopAtLevel=1 -Xverify:none -Dspring.output.ansi.enabled=always -Dcom.sun.management.jmxremote -Dspring.jmx.enabled=true -Dspring.liveBeansView.mbeanDomain -Dspring.application.admin.enabled=true -javaagent:/Applications/IntelliJ IDEA.app/Contents/lib/idea_rt.jar=56675:/Applications/IntelliJ IDEA.app/Contents/bin -Dfile.encoding=UTF-8 
java_command: com.udemy.bharath.ticketservice.TicketserviceApplication
java_class_path (initial): /Users/ayunas/spring/spring-cloud/ticketservice/target/classes:/Users/ayunas/.m2/repository/org/springframework/boot/spring-boot-starter-data-jpa/2.3.5.RELEASE/spring-boot-starter-data-jpa-2.3.5.RELEASE.jar:/Users/ayunas/.m2/repository/org/springframework/boot/spring-boot-starter-aop/2.3.5.RELEASE/spring-boot-starter-aop-2.3.5.RELEASE.jar:/Users/ayunas/.m2/repository/org/springframework/spring-aop/5.2.10.RELEASE/spring-aop-5.2.10.RELEASE.jar:/Users/ayunas/.m2/repository/org/aspectj/aspectjweaver/1.9.6/aspectjweaver-1.9.6.jar:/Users/ayunas/.m2/repository/org/springframework/boot/spring-boot-starter-jdbc/2.3.5.RELEASE/spring-boot-starter-jdbc-2.3.5.RELEASE.jar:/Users/ayunas/.m2/repository/com/zaxxer/HikariCP/3.4.5/HikariCP-3.4.5.jar:/Users/ayunas/.m2/repository/org/springframework/spring-jdbc/5.2.10.RELEASE/spring-jdbc-5.2.10.RELEASE.jar:/Users/ayunas/.m2/repository/jakarta/transaction/jakarta.transaction-api/1.3.3/jakarta.transaction-api-1.3.3.jar:/Users/ayunas/.m2/repository/jakarta/persistence/jakarta.persistence-api/2.2.3/jakarta.persistence-api-2.2.3.jar:/Users/ayunas/.m2/repository/org/hibernate/hibernate-core/5.4.22.Final/hibernate-core-5.4.22.Final.jar:/Users/ayunas/.m2/repository/org/jboss/logging/jboss-logging/3.4.1.Final/jboss-logging-3.4.1.Final.jar:/Users/ayunas/.m2/repository/org/javassist/javassist/3.24.0-GA/javassist-3.24.0-GA.jar:/Users/ayunas/.m2/repository/net/bytebuddy/byte-buddy/1.10.17/byte-buddy-1.10.17.jar:/Users/ayunas/.m2/repository/antlr/antlr/2.7.7/antlr-2.7.7.jar:/Users/ayunas/.m2/repository/org/jboss/jandex/2.1.3.Final/jandex-2.1.3.Final.jar:/Users/ayunas/.m2/repository/com/fasterxml/classmate/1.5.1/classmate-1.5.1.jar:/Users/ayunas/.m2/repository/org/dom4j/dom4j/2.1.3/dom4j-2.1.3.jar:/Users/ayunas/.m2/repository/org/hibernate/common/hibernate-commons-annotations/5.1.0.Final/hibernate-commons-annotations-5.1.0.Final.jar:/Users/ayunas/.m2/repository/org/glassfish/jaxb/jaxb-runtime/2.3.3/jaxb-runtime-2.3.3.jar:/
Launcher Type: SUN_STANDARD

[Global flags]
     bool BytecodeVerificationLocal                = false                                     {product} {command line}
     bool BytecodeVerificationRemote               = false                                     {product} {command line}
     intx CICompilerCount                          = 12                                        {product} {ergonomic}
     uint ConcGCThreads                            = 3                                         {product} {ergonomic}
     uint G1ConcRefinementThreads                  = 13                                        {product} {ergonomic}
   size_t G1HeapRegionSize                         = 2097152                                   {product} {ergonomic}
    uintx GCDrainStackTargetSize                   = 64                                        {product} {ergonomic}
   size_t InitialHeapSize                          = 536870912                                 {product} {ergonomic}
     bool ManagementServer                         = true                                      {product} {command line}
   size_t MarkStackSize                            = 4194304                                   {product} {ergonomic}
   size_t MaxHeapSize                              = 8589934592                                {product} {ergonomic}
   size_t MaxNewSize                               = 5152702464                                {product} {ergonomic}
   size_t MinHeapDeltaBytes                        = 2097152                                   {product} {ergonomic}
    uintx NonNMethodCodeHeapSize                   = 12163472                               {pd product} {ergonomic}
    uintx NonProfiledCodeHeapSize                  = 239494768                              {pd product} {ergonomic}
    uintx ProfiledCodeHeapSize                     = 0                                      {pd product} {ergonomic}
    uintx ReservedCodeCacheSize                    = 251658240                              {pd product} {ergonomic}
     bool SegmentedCodeCache                       = true                                      {product} {ergonomic}
     intx TieredStopAtLevel                        = 1                                         {product} {command line}
     bool UseCompressedClassPointers               = true                                 {lp64_product} {ergonomic}
     bool UseCompressedOops                        = true                                 {lp64_product} {ergonomic}
     bool UseG1GC                                  = true                                      {product} {ergonomic}

Logging:
Log output configuration:
 #0: stdout all=warning uptime,level,tags
 #1: stderr all=off uptime,level,tags

Environment Variables:
PATH=/usr/local/bin:/usr/bin:/bin:/usr/sbin:/sbin
SHELL=/bin/zsh

Signal Handlers:
SIGSEGV: [libjvm.dylib+0x75f4aa], sa_mask[0]=11111111011111110111111111111111, sa_flags=SA_ONSTACK|SA_RESTART|SA_SIGINFO
SIGBUS: [libjvm.dylib+0x75f4aa], sa_mask[0]=11111111011111110111111111111111, sa_flags=SA_RESTART|SA_SIGINFO
SIGFPE: [libjvm.dylib+0x75f4aa], sa_mask[0]=11111111011111110111111111111111, sa_flags=SA_RESTART|SA_SIGINFO
SIGPIPE: [libjvm.dylib+0x60092c], sa_mask[0]=11111111011111110111111111111111, sa_flags=SA_RESTART|SA_SIGINFO
SIGXFSZ: [libjvm.dylib+0x60092c], sa_mask[0]=11111111011111110111111111111111, sa_flags=SA_RESTART|SA_SIGINFO
SIGILL: [libjvm.dylib+0x75f4aa], sa_mask[0]=11111111011111110111111111111111, sa_flags=SA_RESTART|SA_SIGINFO
SIGUSR2: [libjvm.dylib+0x600f2a], sa_mask[0]=00100000000000000000000000000000, sa_flags=SA_RESTART|SA_SIGINFO
SIGHUP: [libjvm.dylib+0x5ffa07], sa_mask[0]=11111111011111110111111111111111, sa_flags=SA_RESTART|SA_SIGINFO
SIGINT: [libjvm.dylib+0x5ffa07], sa_mask[0]=11111111011111110111111111111111, sa_flags=SA_RESTART|SA_SIGINFO
SIGTERM: [libjvm.dylib+0x5ffa07], sa_mask[0]=11111111011111110111111111111111, sa_flags=SA_RESTART|SA_SIGINFO
SIGQUIT: [libjvm.dylib+0x5ffa07], sa_mask[0]=11111111011111110111111111111111, sa_flags=SA_RESTART|SA_SIGINFO


---------------  S Y S T E M  ---------------

OS:uname:Darwin 19.4.0 Darwin Kernel Version 19.4.0: Wed Mar  4 22:28:40 PST 2020; root:xnu-6153.101.6~15/RELEASE_X86_64 x86_64
OS uptime: 2 days 4:45 hours
rlimit: STACK 8192k, CORE 0k, NPROC 5568, NOFILE 10240, AS infinity, CPU infinity, DATA infinity, FSIZE infinity
load average:3.71 2.65 2.30

CPU:total 16 (initial active 16) (8 cores per cpu, 2 threads per core) family 6 model 158 stepping 13, cmov, cx8, fxsr, mmx, sse, sse2, sse3, ssse3, sse4.1, sse4.2, popcnt, avx, avx2, aes, clmul, erms, rtm, 3dnowpref, lzcnt, ht, tsc, tscinvbit, bmi1, bmi2, adx, fma

Memory: 4k page, physical 33554432k(1119972k free), swap 7340032k(1676544k free)

vm_info: OpenJDK 64-Bit Server VM (11.0.7+10-LTS) for bsd-amd64 JRE (11.0.7+10-LTS), built on Apr  8 2020 15:48:16 by "corretto" with gcc 4.2.1 Compatible Apple LLVM 8.0.0 (clang-800.0.42.1)

END.
